=~=~=~=~=~=~=~=~=~=~=~= PuTTY log 2015.10.18 08:04:23 =~=~=~=~=~=~=~=~=~=~=~=
Tracker software running
Ave Reg 0

T=18.06
{21.50,21.00,20.50,19.25,19.75,19.25,19.50,20.75,20.25,23.00,20.75,18.50,18.75,18.50,18.00,19.25,20.00,19.50,18.75,18.00,18.00,18.25,18.00,19.00,18.25,19.00,17.25,17.75,18.00,17.50,18.75,18.00,19.25,18.25,17.75,19.00,17.50,18.50,18.75,19.00,19.00,17.75,17.50,17.25,16.50,17.50,17.75,17.75,19.00,18.75,19.50,18.25,18.75,18.75,18.50,18.75,18.25,17.50,16.00,17.50,17.25,17.50,18.50,19.00,}
T=18.06
{21.25,20.50,19.75,18.00,19.75,18.75,19.75,19.00,19.75,22.50,20.25,18.00,17.50,17.75,17.75,19.25,18.75,19.75,19.75,17.25,17.25,18.00,18.00,19.00,18.25,18.25,17.75,18.00,17.50,18.00,17.75,18.25,19.50,18.25,17.25,17.75,17.75,18.25,19.00,18.75,19.00,17.50,17.25,18.00,17.50,18.25,18.50,17.75,19.50,18.25,18.50,17.75,17.50,18.25,18.25,19.00,18.75,18.25,17.00,16.75,17.50,17.50,18.50,18.50,}
T=18.06
{21.25,22.00,20.50,18.00,19.50,19.25,18.75,20.50,20.50,22.50,19.75,18.25,17.75,18.25,18.25,19.25,18.50,19.00,18.75,17.25,18.25,17.50,18.00,18.50,18.00,17.00,17.25,16.50,17.50,18.50,18.50,18.50,18.50,18.25,17.00,17.25,18.00,18.25,18.25,18.00,18.75,17.00,17.75,16.50,18.25,17.50,17.75,18.50,18.25,17.00,18.50,17.75,17.25,17.75,16.75,19.50,18.50,17.50,17.75,16.75,17.50,18.25,17.75,18.00,}
T=18.18
{20.75,21.75,20.25,17.25,19.00,18.50,18.00,20.50,19.25,22.00,20.25,17.25,17.50,16.75,18.75,19.00,18.75,19.00,19.75,17.00,18.00,18.25,19.25,18.50,17.75,18.50,17.50,17.75,18.00,17.50,18.75,18.25,18.50,17.25,17.75,18.00,17.00,17.75,18.00,19.00,17.75,17.50,17.25,17.75,17.75,18.00,18.00,18.00,17.25,18.25,17.75,17.50,17.50,19.00,18.25,18.25,18.75,16.75,17.00,16.00,17.50,18.00,18.00,18.00,}
T=18.12
{20.25,20.75,20.50,18.00,18.75,18.00,18.00,18.25,20.00,22.00,19.25,18.00,17.25,17.75,17.75,19.25,19.75,18.75,18.25,17.00,17.50,16.25,17.25,18.00,17.75,17.50,17.25,17.00,17.50,17.00,17.25,17.00,18.00,18.00,16.00,17.25,17.25,18.00,19.25,18.25,18.25,18.00,17.50,17.25,17.25,17.75,17.00,17.75,17.00,17.00,18.75,17.50,18.00,18.00,18.25,19.00,17.75,16.75,17.00,16.75,16.50,17.50,18.25,18.50,}
T=18.12
{20.50,20.75,20.25,16.50,18.00,19.25,18.75,18.75,18.75,20.00,19.75,18.25,16.75,17.25,17.75,18.50,18.75,17.50,19.00,16.50,17.75,17.25,17.75,17.75,17.50,17.50,17.50,17.25,17.00,17.25,17.75,17.75,18.00,17.75,16.25,16.75,17.00,17.50,17.50,17.75,18.25,17.00,17.50,17.25,16.50,17.75,17.00,17.50,17.50,17.75,17.75,17.00,17.00,17.25,17.00,17.50,17.25,16.75,17.00,17.00,17.00,16.50,18.50,17.00,}
T=18.06
{19.75,20.25,18.50,17.00,18.50,17.75,18.50,18.75,19.00,20.00,19.00,17.50,17.50,17.50,17.50,19.75,18.25,17.50,17.25,17.25,17.00,17.75,17.00,17.00,17.00,17.25,17.00,16.00,17.00,16.75,17.75,17.50,18.75,17.00,17.25,16.50,16.75,17.25,18.50,18.00,18.50,16.50,17.50,16.50,17.25,16.75,18.00,18.25,17.75,17.25,17.00,16.50,17.50,18.00,17.25,16.75,17.50,17.50,17.75,16.25,17.75,17.00,18.50,17.50,}
T=18.06
{19.50,20.50,18.75,17.00,17.75,18.25,18.50,17.50,19.00,20.75,18.50,18.25,17.50,16.75,17.75,18.50,18.75,17.00,17.50,16.75,17.50,16.50,17.75,18.00,16.25,17.00,17.25,17.00,16.25,16.75,17.25,17.25,17.50,16.25,16.00,17.00,17.00,18.00,18.50,18.25,17.00,16.75,16.75,16.75,16.25,17.25,17.00,17.25,18.25,16.75,17.50,16.75,16.50,17.25,16.75,18.75,16.25,17.25,15.75,16.75,16.25,18.25,16.50,17.00,}
T=18.18
{19.75,21.25,19.00,17.25,18.00,17.00,18.25,18.75,19.00,20.00,20.00,17.50,17.50,17.00,17.00,18.25,18.25,17.50,17.25,16.50,17.50,16.75,17.25,17.75,17.00,18.00,16.75,16.75,17.00,16.75,17.25,17.00,18.25,17.25,16.00,17.50,16.00,17.75,18.50,17.75,18.00,16.75,16.75,16.50,16.75,17.50,17.00,18.00,18.25,17.00,17.75,16.50,17.25,17.00,17.75,18.00,16.50,17.00,17.00,16.50,15.75,18.00,17.25,18.75,}
T=18.18
{19.50,22.00,19.50,17.25,18.00,17.50,18.25,19.00,19.75,20.50,19.25,17.50,16.00,17.50,17.50,19.25,18.50,17.00,17.00,16.50,16.25,16.50,17.25,17.50,17.25,17.00,17.00,16.75,17.50,17.00,17.00,16.75,17.50,17.25,16.25,17.75,16.00,17.25,17.75,17.25,18.25,16.50,17.25,16.00,16.75,17.25,18.00,16.50,18.25,17.75,17.50,17.00,17.25,17.50,18.25,18.25,18.00,16.50,16.75,16.50,16.50,17.00,18.50,19.00,}
T=18.06
{19.00,22.75,19.25,17.25,17.75,17.25,17.25,17.50,18.25,19.00,18.75,17.25,16.50,16.00,16.75,18.25,17.50,17.00,16.25,16.50,16.50,16.50,16.25,16.25,17.00,17.00,16.00,17.00,16.25,16.50,17.25,16.25,18.00,16.75,17.00,16.25,16.50,17.25,18.00,16.25,17.25,16.50,17.00,16.00,17.00,17.00,16.50,16.25,17.25,16.50,16.75,15.75,17.00,17.00,16.25,17.50,17.00,16.00,16.50,15.75,16.50,18.50,17.75,16.75,}
T=18.06
{19.25,21.25,20.50,17.00,17.50,17.25,17.00,18.75,17.75,20.00,20.25,17.50,16.25,17.00,16.25,17.50,18.25,16.00,16.75,17.00,16.75,16.50,17.00,17.00,17.25,17.50,17.00,16.50,17.25,16.75,17.75,17.25,17.25,15.75,16.75,17.00,16.50,17.25,17.75,17.50,17.50,16.50,16.25,15.75,17.25,17.00,17.25,18.00,17.00,15.75,17.00,16.00,16.25,17.50,17.50,17.00,16.75,16.00,16.50,15.50,16.25,16.75,16.75,18.00,}
T=18.12
{18.50,20.75,21.50,16.75,18.50,17.50,17.25,17.50,18.25,19.50,19.75,17.00,16.25,16.25,17.00,17.25,18.25,17.75,17.75,17.50,17.50,17.50,17.50,18.00,17.25,17.00,16.00,16.25,16.25,16.75,16.75,16.75,18.50,17.00,16.50,16.00,17.75,17.00,17.75,17.25,17.50,16.00,16.50,16.25,16.75,16.00,17.00,16.75,17.25,17.00,16.50,17.25,16.75,16.75,17.75,17.75,17.50,16.50,16.75,15.75,16.25,16.25,17.25,17.00,}
T=18.12
{18.50,19.00,21.25,19.25,18.25,17.25,18.00,17.75,17.00,18.25,19.75,17.75,17.00,17.00,17.25,17.75,17.50,17.00,16.75,16.00,17.50,16.00,16.75,17.75,16.25,17.00,15.75,16.00,16.75,17.25,16.00,16.75,17.25,16.75,16.00,16.25,15.75,16.25,16.75,17.00,17.75,16.00,16.25,16.00,17.50,17.00,16.00,16.75,17.75,16.25,16.75,16.75,17.00,17.00,17.25,17.50,17.75,15.75,16.50,16.75,17.25,16.75,17.25,17.50,}
T=18.06
{18.25,19.00,21.75,18.75,18.25,17.50,16.75,18.75,17.75,18.00,20.25,19.00,16.50,16.00,17.00,17.50,17.50,16.25,16.50,17.00,16.75,17.00,17.50,17.25,16.25,17.50,16.75,16.25,17.25,16.25,17.25,17.00,17.50,16.50,16.00,16.25,16.50,16.50,18.25,16.75,18.00,16.50,16.25,16.50,16.50,17.00,16.50,15.25,16.25,16.25,17.00,16.50,17.25,17.00,16.25,16.75,15.50,16.50,16.25,15.50,16.00,16.75,17.50,16.75,}
T=18.18
{18.00,18.50,21.75,19.25,19.00,17.00,18.00,18.00,17.75,17.50,20.00,18.75,17.00,16.25,15.75,17.25,17.75,16.75,16.75,17.00,17.25,17.25,17.00,17.00,17.25,16.75,17.00,16.75,16.75,18.00,17.00,16.75,17.25,16.75,16.75,16.75,17.00,17.75,18.50,17.50,18.25,17.25,16.50,17.25,16.50,17.00,16.50,17.00,18.25,16.25,17.50,16.75,18.00,16.00,17.00,17.00,17.50,16.50,17.25,16.50,17.25,17.75,18.00,16.25,}
T=18.25
{17.75,18.00,22.50,19.50,19.25,18.00,18.25,18.50,18.00,17.50,19.75,19.75,16.75,16.00,17.25,18.00,18.00,17.00,17.00,17.50,17.50,17.00,17.00,17.00,17.25,18.00,17.00,16.50,16.75,16.50,17.25,17.00,17.75,17.75,15.50,16.25,17.00,16.50,17.25,16.25,17.75,16.25,16.75,16.50,17.25,16.25,16.50,17.25,17.25,16.25,16.25,17.25,17.00,17.75,17.25,17.25,17.75,17.00,17.00,16.25,16.50,17.25,18.00,17.25,}
T=18.18
{19.00,18.25,21.75,20.25,19.75,17.50,17.25,18.75,18.75,16.50,20.00,20.25,18.00,17.25,16.25,17.75,18.00,17.50,16.50,19.50,17.25,16.25,15.75,17.00,16.75,17.50,16.75,16.50,16.25,17.25,16.25,16.75,17.25,18.00,15.50,16.75,16.75,17.50,16.75,16.00,18.50,16.75,16.50,16.75,16.75,17.50,16.25,16.75,17.25,16.75,16.75,15.75,16.75,17.25,17.00,17.50,17.00,15.25,16.50,14.75,15.50,16.50,17.00,16.75,}
T=18.06
{19.00,18.50,20.25,21.00,19.50,18.25,17.75,18.25,17.75,17.50,19.75,20.25,18.25,17.75,16.50,18.50,17.75,16.50,16.75,18.75,17.25,17.25,16.50,17.75,17.00,16.75,16.75,16.75,17.25,16.75,17.00,16.75,16.75,17.75,15.50,16.75,15.75,17.25,17.75,17.00,17.50,16.25,16.75,16.00,16.50,17.25,17.50,16.50,18.00,16.25,17.00,17.50,17.25,16.50,15.50,17.50,17.50,16.50,17.00,16.25,16.50,17.25,17.25,17.00,}
T=18.18
{18.00,17.75,18.75,21.75,19.00,18.75,19.50,18.00,17.25,17.25,18.50,20.75,19.00,18.00,17.25,17.75,18.00,16.50,17.25,18.25,17.00,16.50,17.75,16.25,17.00,17.00,16.50,17.00,17.25,16.50,16.75,16.25,17.50,16.50,16.00,16.50,17.25,17.50,18.50,16.50,17.00,16.00,16.00,16.75,16.50,16.75,16.50,16.00,16.75,17.00,16.50,15.50,17.00,17.50,15.75,16.00,16.00,16.25,16.50,15.50,16.50,16.75,17.50,16.75,}
T=18.06
{18.75,16.75,18.25,21.75,20.00,18.50,17.25,18.25,17.75,17.00,18.00,20.50,18.25,17.50,16.75,17.50,17.25,15.75,16.50,18.25,17.75,16.00,15.75,17.25,17.00,17.00,17.00,16.25,16.50,17.25,17.25,15.50,18.25,16.25,15.75,16.25,16.00,17.50,17.00,17.50,18.25,16.50,17.25,17.00,17.00,16.75,17.25,17.00,16.75,16.75,16.50,16.25,16.75,17.00,16.75,18.25,17.50,16.00,15.50,16.25,16.00,16.25,18.00,17.00,}
T=18.18
{17.50,18.50,18.25,20.00,21.75,20.00,18.75,19.00,17.50,17.75,17.25,20.25,19.75,18.25,17.00,17.75,17.50,16.25,16.50,17.50,18.00,17.75,15.75,16.75,16.25,16.50,16.50,15.75,16.50,16.50,16.50,16.75,17.25,16.50,15.75,15.75,16.50,17.25,17.50,17.00,18.00,17.25,17.00,16.25,16.75,17.25,16.75,16.75,17.50,17.25,17.00,16.50,17.50,17.50,17.00,18.25,17.50,16.50,16.25,16.25,17.25,17.00,18.00,18.25,}
T=18.18
{19.50,17.25,16.75,17.00,21.75,19.25,18.00,19.00,16.25,17.75,17.25,17.00,19.25,18.50,17.75,17.50,17.00,16.75,17.25,17.25,18.00,17.00,17.00,17.25,17.00,17.25,17.00,17.00,16.50,16.75,17.00,17.00,17.25,17.25,16.25,15.50,16.75,16.75,17.25,17.50,18.25,16.25,16.50,16.50,17.00,17.00,16.25,17.50,16.75,17.00,17.00,16.25,17.50,17.50,16.00,17.00,17.25,16.75,16.75,16.25,17.00,17.25,18.25,16.00,}
T=18.12
{18.00,16.25,17.25,16.25,20.75,20.00,18.75,18.00,17.75,17.00,17.50,16.75,18.50,18.50,18.50,18.50,17.50,17.00,17.75,16.50,18.75,17.75,16.50,17.50,17.25,17.25,16.50,16.75,17.50,17.00,16.00,17.00,16.75,16.50,16.00,16.25,16.75,17.50,18.25,17.75,17.00,16.00,16.25,16.50,17.00,17.25,17.00,16.50,17.75,17.50,18.00,17.00,16.75,17.00,17.00,17.50,16.50,15.75,15.75,15.75,17.00,16.75,19.00,16.50,}
T=18.18
{18.25,17.00,18.00,16.75,18.25,21.50,19.00,19.00,18.00,17.25,17.00,16.25,18.25,19.00,19.50,18.25,17.50,16.25,16.50,17.25,17.00,17.50,17.25,17.25,17.50,17.00,17.00,16.75,16.25,17.25,17.50,16.50,17.50,17.25,16.00,16.50,17.00,17.00,17.50,17.00,17.50,16.25,16.75,16.75,17.50,17.00,17.25,16.50,17.50,16.25,16.50,15.50,17.25,17.00,16.50,17.75,17.75,16.50,16.25,15.75,16.00,16.75,17.00,18.50,}
T=18.18
{18.25,17.25,18.00,16.75,18.00,21.00,18.75,19.00,18.00,17.00,17.25,17.50,16.75,19.25,19.25,19.25,17.75,16.50,17.00,16.50,16.25,17.50,17.25,16.00,16.75,17.50,16.50,17.00,16.00,16.75,17.25,16.50,16.50,16.75,15.75,16.25,16.00,17.00,17.50,17.00,17.75,17.00,16.25,16.50,16.00,16.75,17.00,16.75,17.50,16.75,16.50,17.00,16.50,17.00,17.00,17.75,16.25,16.25,16.25,16.75,16.25,16.25,17.25,17.75,}
T=18.18
{17.25,17.50,18.00,17.00,19.00,20.75,21.75,20.00,17.50,16.75,17.50,17.50,16.50,19.50,20.00,18.00,18.00,16.25,16.75,16.50,17.25,17.50,17.75,17.50,16.75,17.75,17.00,17.00,17.50,17.50,17.50,16.25,17.50,16.50,16.00,15.75,16.50,17.50,18.00,16.75,18.00,17.00,16.75,15.75,17.75,17.25,17.00,17.50,17.00,17.00,17.25,16.75,17.50,17.50,16.50,17.75,17.25,17.00,15.75,15.25,17.00,17.00,17.50,17.75,}
T=18.12
{18.00,17.25,17.50,16.50,17.50,17.75,22.50,19.25,17.50,16.75,17.50,17.50,17.25,18.25,20.25,19.75,18.00,15.75,17.50,17.00,17.00,16.75,17.50,17.75,16.25,16.75,17.00,16.25,16.50,16.50,17.25,16.25,16.75,17.25,15.75,16.50,16.75,17.75,17.25,17.25,18.25,16.50,16.00,15.75,17.00,17.50,16.50,17.00,16.75,16.50,17.75,16.75,16.75,17.25,17.25,17.50,17.75,16.25,16.00,16.75,16.25,17.25,17.50,16.75,}
T=18.12
{17.25,17.75,17.50,16.75,17.75,18.50,21.00,21.25,17.50,16.25,17.25,17.00,16.75,18.25,20.00,19.00,17.25,16.50,16.00,16.75,17.25,17.00,17.50,17.50,17.50,16.50,17.00,16.50,16.25,16.75,17.25,16.25,17.00,16.00,15.75,16.00,16.00,16.75,17.25,17.00,17.00,16.50,16.50,16.00,16.75,17.50,16.25,16.50,15.25,16.75,17.50,17.00,16.75,17.00,15.75,17.50,17.00,15.75,16.50,16.25,15.50,17.50,16.75,17.50,}
T=18.18
{18.25,16.50,17.50,17.25,18.00,17.25,19.50,22.50,17.50,16.75,16.25,16.50,16.50,16.75,20.75,20.00,17.25,16.25,17.00,16.25,17.00,17.25,18.50,18.75,16.00,17.25,16.50,16.50,17.50,17.50,17.25,16.25,17.00,17.25,16.25,16.50,17.25,16.75,18.00,16.75,17.00,16.75,15.75,17.00,16.75,17.75,15.75,17.00,17.75,17.00,18.00,17.50,16.75,17.75,16.50,17.00,17.25,17.75,15.75,16.50,16.00,17.75,18.00,18.00,}
T=18.06
{18.25,17.75,17.25,15.25,17.00,17.00,18.50,21.75,17.75,16.50,17.50,16.75,16.75,16.25,19.25,19.25,17.00,16.25,16.50,16.50,16.75,18.00,17.50,17.00,16.25,17.00,16.25,16.75,17.25,17.00,17.00,16.25,17.75,16.50,16.00,16.00,16.50,16.25,17.25,16.25,18.00,16.25,16.75,15.00,16.50,17.50,16.00,16.50,16.50,16.25,16.75,16.75,16.50,16.50,16.75,16.75,17.00,16.00,16.00,16.75,16.00,17.25,18.00,16.50,}
T=18.18
{19.25,17.50,18.00,16.50,18.50,18.25,19.50,21.50,17.00,16.00,18.25,16.25,16.50,17.00,19.75,19.50,17.50,16.25,16.50,15.75,17.00,17.75,18.25,17.50,17.00,16.50,17.00,16.25,17.25,16.25,17.25,16.25,17.50,16.50,16.25,15.75,16.25,17.00,18.00,16.75,17.50,15.50,16.00,16.25,16.00,17.00,17.50,17.00,17.50,16.75,17.00,16.50,16.25,17.00,16.75,16.50,17.00,16.25,16.50,16.50,16.75,17.25,16.50,16.75,}
T=18.18
{17.75,16.25,18.00,16.25,18.00,18.50,19.25,21.00,18.00,16.75,17.50,16.25,16.75,16.50,19.50,20.50,18.50,17.25,17.25,16.75,17.75,17.00,17.25,17.25,16.75,17.25,16.50,16.25,17.25,17.25,17.00,17.00,17.00,16.25,15.75,16.25,17.00,17.25,18.25,17.25,17.75,16.25,16.50,16.50,16.75,16.25,16.25,17.25,16.75,16.25,17.00,17.00,16.50,16.75,16.25,17.25,16.75,16.25,15.50,16.25,15.75,17.50,18.00,16.50,}
T=18.12
{17.75,17.25,17.50,15.50,16.25,17.50,20.25,20.50,17.75,17.75,16.00,17.00,17.00,18.00,18.50,20.50,17.50,16.00,16.75,16.75,16.25,17.00,17.50,16.25,17.50,17.00,16.75,16.00,17.00,16.25,18.00,16.50,16.75,16.25,16.00,15.75,16.75,16.50,17.00,16.25,17.00,15.50,16.00,16.00,16.75,17.25,17.00,16.00,16.50,17.00,16.50,17.25,16.75,17.25,16.75,17.00,16.75,15.00,16.50,15.25,16.75,16.50,17.75,16.75,}
T=18.06
{18.00,17.25,17.50,16.50,18.00,17.00,18.75,19.75,18.25,16.50,17.25,17.50,17.00,16.75,19.25,20.25,17.50,16.50,16.75,16.00,17.25,16.25,17.75,17.25,17.50,17.75,16.50,16.75,17.50,16.75,16.25,17.75,17.75,16.50,16.00,16.75,16.00,16.75,17.25,17.75,17.25,16.75,16.25,15.50,16.25,17.25,16.75,16.75,16.25,16.50,16.50,16.75,16.75,16.75,16.50,17.75,18.00,16.25,15.50,16.25,15.75,16.75,18.00,17.25,}
T=18.18
{18.75,17.00,18.00,16.50,18.00,17.50,19.00,19.25,17.00,16.75,16.50,17.25,16.75,17.75,20.50,21.50,17.50,16.50,17.00,16.25,16.75,17.75,19.00,18.50,16.00,17.50,16.50,16.75,16.50,16.75,16.50,17.75,17.00,16.50,16.00,16.75,16.25,17.25,18.00,17.25,18.25,16.25,17.25,16.00,16.50,17.50,17.25,16.75,17.00,16.75,17.00,16.50,16.50,16.25,16.50,18.50,16.75,17.00,16.50,17.25,16.75,16.50,17.25,17.00,}
T=18.06
{17.25,17.75,17.00,15.75,17.00,17.75,18.75,19.50,18.50,17.50,16.75,16.25,17.25,18.25,20.00,20.75,17.75,15.75,16.00,16.75,17.00,17.75,18.00,18.00,16.50,17.50,16.00,16.75,16.75,17.00,16.75,16.75,17.75,16.00,16.00,17.00,16.25,17.00,17.25,16.50,18.25,17.75,16.50,16.25,17.00,17.50,17.50,17.00,17.25,16.00,17.50,16.50,17.50,16.75,17.00,17.50,17.25,17.50,17.00,16.50,16.75,17.00,17.50,17.25,}
T=18.12
{18.50,17.50,17.75,16.75,18.25,17.75,18.75,19.75,16.75,16.50,17.00,17.50,15.75,18.25,20.00,21.75,16.75,16.75,16.25,16.50,16.75,17.75,17.25,17.50,16.75,17.25,16.00,17.25,17.50,16.50,17.25,17.00,17.25,16.50,15.75,16.25,17.00,16.50,18.00,17.25,17.75,16.75,16.50,16.75,17.00,16.50,17.50,17.25,17.50,16.75,17.25,16.75,16.75,16.75,16.50,16.75,17.00,16.75,16.25,16.75,15.00,18.00,17.25,18.00,}
T=18.18
{17.50,16.50,17.25,15.75,17.75,17.50,19.00,18.25,16.25,17.00,17.50,16.75,17.75,18.75,20.75,20.25,16.75,16.50,16.25,17.00,17.00,17.75,19.00,16.50,16.25,17.00,16.75,15.50,16.75,17.25,17.00,16.75,17.75,17.00,16.50,15.50,16.50,17.00,17.25,16.75,17.75,16.50,17.25,15.75,16.25,16.75,17.25,17.50,17.50,17.00,17.50,17.25,16.50,17.75,17.00,18.25,18.25,16.75,15.75,15.75,16.25,17.50,17.75,17.00,}
T=18.25
{18.00,16.25,17.25,16.50,18.25,17.75,18.75,19.50,16.75,17.75,17.25,17.00,16.75,17.75,20.25,21.00,17.25,16.50,16.00,16.50,17.50,17.75,17.50,16.75,16.75,16.75,16.50,16.75,17.75,17.25,17.25,16.25,17.50,16.25,16.50,16.50,17.00,17.75,18.25,17.00,17.50,15.75,15.75,16.75,16.50,16.50,16.25,16.75,17.00,16.75,16.75,16.75,17.00,17.50,17.25,17.00,17.75,16.50,15.75,15.75,16.25,17.25,17.50,16.25,}
T=18.12
{17.00,17.00,15.75,16.75,17.00,17.75,17.50,19.25,17.25,16.50,17.00,16.75,16.50,17.25,20.25,21.00,17.75,17.00,16.00,16.25,18.00,16.50,18.50,17.25,16.75,17.50,17.00,16.75,16.75,17.00,17.25,17.25,17.25,16.75,16.25,15.75,16.50,17.00,17.75,17.00,17.75,16.50,16.75,16.25,16.25,17.25,17.00,17.50,16.50,16.25,18.00,17.00,16.75,16.50,17.25,17.50,18.00,16.50,16.75,17.50,16.50,17.50,17.75,17.00,}
T=18.12
{17.50,17.75,18.00,16.75,17.75,18.50,19.00,19.50,17.75,16.50,17.50,16.50,16.50,18.00,19.25,21.00,17.50,16.75,16.00,16.00,17.25,18.00,18.00,17.50,17.00,17.00,16.75,16.25,16.75,17.25,16.75,17.00,17.25,17.25,17.25,16.00,16.75,16.75,17.50,17.25,17.50,16.00,17.00,16.00,16.50,17.00,17.00,16.75,17.00,17.50,16.50,17.25,17.00,17.50,17.25,18.50,17.00,16.75,16.75,16.75,17.50,17.75,18.00,17.50,}
T=18.25
{18.75,16.75,17.50,16.25,17.75,18.50,19.00,18.25,17.25,17.25,17.50,17.25,16.50,17.50,19.75,21.50,17.25,16.50,16.75,16.75,17.25,17.50,18.00,18.75,17.75,17.25,17.00,16.50,17.00,17.50,17.50,16.75,18.00,17.25,16.25,16.00,16.50,17.50,17.75,16.50,18.00,16.25,16.25,16.00,16.50,16.50,17.50,16.25,16.00,16.75,16.75,16.75,17.00,17.25,16.75,18.00,17.25,16.75,17.25,15.75,16.00,15.75,17.50,16.50,}
T=18.25
{18.25,17.25,18.25,17.00,18.00,17.50,18.00,18.50,17.50,17.25,16.75,17.00,17.25,17.75,19.50,22.00,17.25,16.75,16.00,16.25,17.00,17.00,18.50,18.25,17.25,17.25,17.50,16.75,17.50,17.00,16.25,16.50,17.50,17.00,17.50,16.75,17.25,17.00,17.75,16.75,17.75,17.25,17.25,16.00,16.50,16.50,16.75,16.75,17.00,17.00,17.25,17.25,17.00,18.00,17.25,17.75,17.75,16.25,17.00,16.75,16.50,17.75,18.00,18.00,}
T=18.18
{18.25,16.50,17.25,15.75,17.50,17.25,17.50,17.75,16.75,17.00,17.50,17.00,17.00,18.00,18.25,21.00,18.75,16.25,16.50,15.75,17.00,17.00,18.25,18.75,17.25,17.00,16.50,17.50,16.25,16.50,18.00,17.25,16.75,16.50,15.75,17.25,17.00,17.75,17.50,17.00,17.25,16.75,16.75,16.75,17.00,17.75,17.50,17.50,17.50,16.75,17.50,16.25,17.00,17.50,16.50,18.25,17.00,16.75,16.25,15.75,16.75,17.25,17.75,17.25,}
T=18.18
{17.25,16.75,18.00,17.00,18.00,17.25,18.00,16.25,18.50,16.25,16.25,17.00,16.00,16.75,18.00,20.25,17.00,16.50,16.75,15.50,16.50,17.50,17.50,20.00,17.75,17.00,16.75,16.25,17.25,16.50,17.75,17.50,17.50,17.00,15.50,16.25,16.50,17.25,18.25,16.75,18.25,16.50,17.00,16.00,16.25,16.75,16.75,17.25,16.50,17.00,16.50,16.50,17.25,17.25,17.00,17.00,18.25,17.25,16.25,17.25,16.00,18.00,17.75,18.00,}
T=18.12
{17.75,16.25,18.25,16.75,18.00,16.50,19.00,17.75,17.00,17.00,18.00,17.25,16.50,16.75,17.75,18.50,18.00,16.75,16.25,15.75,16.50,17.50,17.25,20.75,16.25,16.75,16.75,16.00,17.00,17.00,17.50,18.25,17.00,17.00,16.00,16.75,16.50,17.25,18.00,17.75,18.00,16.75,16.50,16.00,16.50,16.75,17.00,17.50,16.75,16.25,17.25,16.50,17.25,16.75,17.25,18.25,17.50,16.25,17.00,17.25,16.50,16.75,17.25,17.25,}
T=18.18
{17.00,16.75,17.25,15.75,17.50,17.25,16.75,18.50,17.75,16.50,16.75,17.50,17.25,17.25,17.50,18.75,18.00,16.00,16.75,16.00,17.25,16.75,17.50,20.50,16.75,17.00,16.25,15.75,16.75,17.00,17.75,19.25,18.00,16.75,16.50,16.25,16.25,17.75,18.00,18.00,17.50,16.25,16.75,16.00,17.00,17.25,17.50,17.75,17.00,15.50,16.25,17.25,16.50,16.50,16.25,15.75,17.75,17.25,16.75,17.25,16.75,17.00,17.75,18.75,}
T=18.31
{17.50,17.25,17.50,16.75,17.50,18.00,18.50,18.00,17.50,17.25,16.50,17.00,16.50,17.25,17.75,19.00,17.50,17.25,17.50,16.25,17.00,17.00,17.00,19.00,17.25,16.50,17.00,16.50,16.75,17.00,18.25,20.00,17.50,17.25,16.25,16.50,17.00,17.50,18.25,17.50,17.75,17.00,17.00,16.25,17.25,17.25,17.25,17.50,18.00,17.50,17.50,17.25,17.75,17.00,16.75,17.75,17.00,16.00,16.25,16.00,16.50,17.50,17.75,17.25,}
T=18.12
{18.00,16.50,17.50,15.75,17.75,17.50,17.25,17.25,18.00,16.50,17.50,17.50,16.50,16.75,16.50,18.00,17.50,16.50,16.50,16.50,17.25,16.75,18.00,16.50,16.25,16.50,16.50,16.75,16.50,17.25,19.25,20.25,17.75,17.25,16.00,16.75,17.00,17.25,18.75,19.75,18.25,16.50,16.25,16.25,16.75,16.75,17.50,18.25,16.75,17.25,17.50,17.00,17.00,16.75,16.50,17.75,17.50,16.75,16.50,16.75,15.75,17.25,18.50,17.50,}
T=18.12
{18.00,17.75,17.00,16.50,18.25,17.25,17.50,18.25,18.25,16.25,16.50,17.00,17.00,17.75,17.75,17.25,16.25,16.75,16.50,16.00,16.75,17.50,16.50,16.75,16.75,16.75,16.50,16.50,16.50,16.75,18.50,20.00,17.50,16.50,16.00,17.00,16.00,18.25,19.00,21.75,17.75,16.50,15.00,16.25,16.75,17.00,17.25,20.25,17.75,17.00,16.75,17.75,17.25,17.00,18.25,19.00,18.00,17.25,16.75,17.00,16.50,17.25,18.00,18.00,}
T=18.06
{18.00,17.00,17.50,16.25,18.25,17.75,18.00,17.50,17.25,16.75,17.00,16.75,17.00,16.50,17.00,18.00,18.00,16.75,16.00,16.25,16.75,17.00,16.75,18.50,16.50,17.50,16.25,16.00,16.75,16.75,18.50,17.75,17.50,17.00,15.75,16.50,16.00,18.00,20.25,20.25,18.25,16.75,16.25,16.75,16.50,17.50,21.00,19.00,17.75,16.25,16.75,16.25,17.75,17.00,17.00,18.25,16.75,17.75,16.50,17.00,16.25,16.50,17.75,17.75,}
T=18.18
{18.75,17.25,17.00,15.75,18.50,17.75,18.00,19.00,17.75,17.00,17.50,15.75,16.50,17.25,17.25,17.75,17.50,16.75,17.00,16.75,16.25,17.50,16.75,17.00,17.75,18.25,16.75,16.50,17.50,16.75,18.00,17.50,18.00,17.25,16.00,16.00,16.50,19.75,21.00,18.50,17.00,17.00,16.75,16.25,17.75,19.75,22.25,18.00,16.75,16.75,17.25,17.25,17.25,19.00,18.75,19.25,16.50,17.75,16.75,16.00,17.50,17.75,19.00,18.25,}
T=18.25
{19.50,17.75,18.25,17.00,18.75,17.75,17.25,18.50,18.00,17.75,17.25,16.75,16.75,17.25,17.00,17.75,18.25,17.75,16.25,16.50,17.75,18.25,17.25,17.75,17.00,17.00,16.50,16.75,16.75,17.75,18.25,16.75,17.75,16.50,15.50,16.50,16.75,19.75,18.75,17.50,18.50,17.50,17.00,16.75,16.75,21.75,20.00,16.25,17.75,17.50,18.25,16.75,18.75,20.00,17.75,17.75,17.25,17.25,17.25,17.00,17.00,17.75,18.00,17.50,}
T=18.25
{17.75,17.50,18.00,16.00,18.25,17.50,17.25,17.75,17.75,18.00,17.00,17.00,17.25,17.25,17.25,18.00,17.25,16.50,16.00,17.00,17.50,17.00,17.50,16.75,17.00,17.00,17.00,16.25,16.75,16.50,17.00,16.75,17.00,16.75,16.75,17.25,17.50,19.25,17.75,17.50,17.25,16.75,17.25,16.75,19.50,19.50,17.25,16.25,17.00,17.25,17.00,17.25,18.25,19.25,18.00,17.75,17.25,16.50,16.75,16.50,16.25,17.50,19.50,18.00,}
T=18.12
{19.25,16.75,17.75,16.25,17.50,17.25,17.25,18.00,17.75,17.50,17.25,17.50,16.50,17.25,16.50,17.25,17.50,16.25,16.75,16.50,16.75,17.50,17.50,17.25,17.00,18.00,16.25,16.00,16.25,17.25,17.00,16.50,17.50,16.75,15.75,17.25,18.75,17.00,18.00,17.00,18.75,16.50,17.75,19.75,20.25,17.75,17.50,17.00,17.75,16.50,17.25,19.25,19.00,17.75,17.75,17.75,16.00,16.75,17.00,17.25,17.00,17.25,17.75,17.75,}
T=18.18
{18.25,17.00,17.00,16.00,17.50,17.25,17.50,17.25,18.25,17.25,17.75,17.50,17.50,17.25,17.25,18.00,17.50,17.00,16.50,16.75,17.00,16.75,16.75,16.75,16.50,17.00,16.75,16.75,16.25,17.25,17.25,16.50,17.75,16.50,16.50,18.50,17.25,17.75,17.50,18.00,18.25,17.00,18.00,20.50,18.50,17.50,17.00,17.50,16.50,17.25,17.25,20.25,17.75,17.00,16.50,17.75,18.75,18.00,17.25,16.25,17.50,18.50,17.50,18.75,}
T=18.18
{18.75,17.75,17.25,15.50,17.50,18.25,18.50,18.25,17.50,18.25,17.25,17.25,16.00,17.25,16.75,18.00,17.50,17.25,16.25,17.00,17.50,17.75,17.75,17.50,16.50,18.00,16.75,16.50,16.50,16.50,17.25,17.00,17.75,16.75,17.50,17.75,17.00,17.25,17.75,16.75,17.50,18.75,20.25,19.50,17.00,17.00,16.50,17.00,18.25,17.75,20.75,18.00,17.50,17.50,17.00,17.00,18.25,17.50,17.25,16.00,16.25,17.25,16.50,16.00,}
T=18.12
{18.25,17.25,18.25,16.50,17.50,17.25,17.50,18.00,17.75,17.00,17.25,16.50,16.75,17.75,16.75,18.00,17.75,16.50,16.50,15.75,16.75,17.50,17.75,17.50,16.25,17.25,16.25,16.00,17.25,16.25,17.00,17.25,18.50,17.50,16.50,16.50,17.25,17.25,17.50,16.50,20.25,20.50,20.75,17.00,17.25,17.25,17.00,17.50,18.25,19.50,18.25,17.75,17.75,17.50,16.50,18.00,19.00,16.75,17.00,16.50,16.00,17.00,18.25,17.25,}
T=18.06
{17.00,17.00,17.50,15.50,16.25,16.25,16.75,16.75,17.25,17.00,16.25,17.00,16.25,17.00,16.75,16.50,17.25,16.00,16.50,16.50,16.75,17.25,15.75,16.50,17.00,16.75,16.00,16.75,16.25,16.75,17.25,16.50,17.00,18.00,16.75,16.00,16.50,17.25,17.50,17.00,20.25,21.50,18.25,16.75,16.50,17.25,17.00,16.00,19.75,18.25,17.25,16.75,16.75,17.75,17.25,18.25,17.50,16.00,17.25,16.50,16.75,18.00,17.25,16.25,}
T=18.18
{17.75,16.75,17.50,15.75,17.25,17.50,17.50,18.25,18.75,17.75,17.00,17.25,16.25,16.75,17.00,18.50,18.00,17.00,16.50,16.50,16.75,16.75,16.75,17.75,17.25,16.75,16.75,15.75,17.00,17.00,17.50,17.50,18.25,17.75,16.25,15.50,16.25,17.00,17.25,16.50,21.50,20.00,17.25,17.00,16.00,17.25,17.00,17.25,19.25,17.00,17.25,17.00,16.75,17.00,16.50,17.75,17.50,17.00,16.50,16.75,17.00,17.75,18.25,17.50,}
T=18.31
{17.75,17.00,17.50,17.00,17.75,16.75,17.50,18.75,17.25,17.50,17.50,16.75,17.75,17.50,17.50,18.75,18.50,17.00,16.50,16.00,16.75,17.00,16.25,17.75,17.00,18.00,16.25,16.50,16.50,17.75,17.75,16.75,20.25,17.75,16.50,16.75,16.50,16.50,17.25,17.00,22.50,18.25,16.75,17.25,16.75,17.75,17.50,17.75,17.75,16.75,17.50,16.25,17.75,17.50,17.00,17.25,18.25,17.00,17.00,17.00,17.75,17.50,18.25,17.25,}
T=18.18
{18.50,16.50,18.50,16.50,17.50,18.00,18.25,17.75,16.75,17.25,16.75,17.25,15.75,17.25,16.00,18.00,17.50,16.75,16.75,16.75,16.00,17.25,17.25,17.50,16.75,17.00,16.50,16.00,16.25,16.50,17.50,17.00,20.00,16.75,17.00,16.25,16.50,16.50,17.75,17.00,19.50,18.50,16.25,16.25,17.00,17.50,16.50,17.25,17.25,16.50,17.00,16.75,17.00,17.50,17.25,18.25,16.75,17.25,16.25,17.25,17.25,17.00,16.75,17.75,}
T=18.18
{18.25,17.75,17.75,16.75,17.75,18.00,17.25,18.50,18.00,17.00,18.00,17.00,17.25,16.75,17.00,18.25,16.25,15.75,16.75,16.50,17.00,16.75,17.00,16.75,17.00,16.50,17.00,16.25,17.00,16.50,17.00,17.00,18.50,16.75,16.50,16.75,16.75,16.75,18.25,17.50,18.25,17.50,16.25,16.25,16.50,17.25,16.75,16.50,17.50,16.25,18.25,16.50,17.00,17.50,17.25,18.50,18.00,15.75,16.75,16.75,17.25,18.00,17.75,17.50,}
T=18.31
{19.25,17.25,19.00,17.00,18.75,17.25,18.00,18.75,18.75,16.75,16.75,17.75,17.00,18.00,16.50,17.50,17.50,17.25,17.00,15.75,17.00,17.00,17.00,17.25,16.75,17.25,17.00,17.00,16.75,17.00,17.25,16.75,19.25,16.25,16.25,16.25,16.75,17.25,18.25,17.25,17.75,16.50,16.75,16.50,17.00,17.25,17.25,17.00,17.50,17.25,17.75,17.25,17.00,17.75,16.75,17.00,18.75,16.25,17.00,16.50,17.00,17.00,18.00,16.50,}
T=18.06
{17.25,17.00,18.25,16.00,17.50,16.50,17.50,17.50,17.50,17.50,17.50,16.25,16.75,17.25,17.00,17.75,17.00,17.25,16.75,16.25,17.25,16.25,17.75,17.25,16.50,17.50,17.00,16.50,16.25,16.75,16.75,16.25,19.25,17.00,16.75,16.50,16.25,16.75,18.00,16.25,17.50,16.50,16.75,16.25,16.25,17.75,15.75,16.50,17.50,17.25,16.75,16.50,16.75,17.00,16.75,17.75,17.00,16.50,16.25,16.25,17.00,16.50,18.00,18.00,}
T=18.18
{18.00,17.25,17.50,16.25,17.75,18.25,17.50,18.00,17.50,17.25,16.75,18.00,16.50,17.75,16.75,18.00,17.00,16.75,16.50,16.50,16.75,17.25,17.25,17.00,17.75,16.25,16.50,15.75,17.00,16.50,17.25,16.50,17.25,17.75,16.25,16.25,16.00,17.25,17.25,17.00,18.50,16.75,16.75,16.75,17.50,17.25,17.25,17.25,16.75,16.25,16.75,17.25,16.00,17.25,16.50,18.00,17.50,17.00,16.75,16.50,17.25,17.00,17.50,17.00,}
T=18.12
{18.25,17.25,17.00,16.50,18.00,16.50,18.25,17.50,17.75,17.25,16.00,15.75,16.75,16.50,17.00,17.25,16.75,17.00,15.50,16.50,17.75,16.25,17.00,18.00,17.50,17.25,16.00,16.25,16.75,17.00,17.00,16.50,17.50,16.50,16.25,16.00,16.25,17.00,17.25,16.50,18.25,16.50,17.00,16.75,17.50,17.25,16.50,17.00,17.00,16.50,17.50,15.75,16.25,17.50,17.00,17.00,17.50,16.25,15.75,16.00,15.75,17.00,18.00,17.25,}
T=18.25
{17.75,17.50,17.25,16.50,17.50,16.00,18.00,18.25,17.50,17.25,17.00,16.50,17.00,16.75,17.50,18.25,17.50,16.75,16.00,16.00,17.25,17.25,17.50,16.25,17.00,17.75,16.25,16.25,17.00,17.25,17.00,16.00,17.75,17.25,16.50,16.00,16.75,17.75,18.25,16.75,18.00,16.50,17.00,16.75,17.00,18.00,16.75,16.75,17.50,17.00,17.25,16.50,17.75,16.25,16.50,18.50,17.50,17.50,16.25,15.50,17.00,17.25,17.50,18.00,}
T=18.18
{18.75,17.25,18.00,16.75,17.75,17.75,18.25,17.75,18.00,17.50,17.75,17.50,17.00,17.25,16.25,19.00,17.00,16.25,16.50,16.75,17.75,17.00,17.00,17.25,17.75,17.50,17.50,16.00,16.50,16.75,16.50,17.25,17.75,17.00,15.50,16.00,17.00,17.25,17.50,17.00,17.50,16.75,17.00,16.75,16.50,17.75,17.00,16.75,18.00,16.75,17.00,17.25,16.50,17.50,16.75,16.75,18.00,16.75,16.25,17.00,17.25,17.75,17.75,16.75,}
T=18.31
{18.50,18.25,18.50,16.75,18.00,16.75,18.50,18.75,17.25,17.50,17.25,17.00,17.00,17.50,17.00,18.25,18.00,16.25,16.50,16.50,16.50,17.50,17.75,17.75,16.50,17.25,16.75,17.00,16.75,16.50,17.00,16.00,17.50,16.50,15.75,17.00,17.25,17.25,17.50,17.00,18.25,17.00,16.50,16.00,16.50,16.75,16.50,16.75,17.00,16.75,16.25,17.75,17.00,17.50,16.75,18.75,16.75,16.25,17.00,16.25,17.25,16.50,17.25,17.25,}
T=18.18
{16.50,17.25,18.25,16.50,18.25,17.50,17.75,18.50,17.75,17.25,16.75,17.25,16.50,17.75,17.25,18.00,17.50,17.50,16.25,16.50,16.75,17.75,17.25,18.00,15.75,16.75,16.50,16.50,17.00,16.75,17.00,16.75,18.50,17.25,16.00,15.75,17.25,17.50,17.75,17.25,18.25,16.00,16.50,16.00,17.00,16.75,16.50,17.00,17.50,16.25,16.50,17.00,17.25,16.75,16.25,17.75,17.25,16.50,17.00,16.75,17.00,16.75,17.25,17.25,}
T=18.18
{19.25,17.00,17.25,16.25,18.75,18.25,17.50,18.50,18.00,17.00,17.00,16.75,16.50,17.00,16.50,18.75,18.25,16.50,16.75,16.50,17.00,17.00,17.25,17.25,17.25,18.00,16.50,16.00,16.75,17.00,17.75,16.50,18.75,17.50,16.25,16.75,17.00,17.25,17.50,17.50,18.50,16.75,16.00,17.00,17.00,17.25,17.25,17.25,17.75,16.75,17.75,16.25,17.75,16.75,17.50,17.25,17.75,17.25,16.00,16.50,16.25,17.25,17.50,18.00,}
T=18.18
{18.00,18.00,18.50,17.75,17.50,17.25,17.75,18.50,17.50,17.25,17.00,17.00,16.50,16.75,17.25,17.25,18.00,16.25,16.25,16.00,16.75,17.00,17.75,16.75,16.25,17.00,16.00,16.25,16.50,16.50,17.50,17.50,17.75,17.00,16.00,16.00,16.25,17.50,17.25,16.00,18.25,16.75,16.25,16.50,16.75,17.50,17.50,17.00,18.75,17.00,16.50,16.75,17.25,17.50,17.25,17.75,18.00,17.50,15.75,15.50,15.75,17.75,18.75,18.25,}
T=18.18
{18.00,16.75,17.75,16.00,18.00,17.25,17.50,18.25,17.75,16.75,17.50,17.00,16.00,17.75,17.75,17.50,17.50,16.75,16.00,15.50,16.75,16.75,16.50,17.00,16.50,16.75,17.25,15.50,16.75,16.00,17.00,16.50,19.25,16.50,16.75,16.50,17.00,17.75,17.50,17.50,19.00,16.00,16.75,16.50,17.00,17.50,17.25,16.75,18.00,18.00,17.75,17.00,18.00,17.50,16.75,17.50,17.50,16.25,16.50,15.00,17.00,17.00,18.25,17.00,}
T=18.18
{18.00,17.00,17.50,17.25,17.00,18.00,18.50,18.75,17.00,17.00,17.25,16.50,17.00,17.00,17.50,17.25,18.50,16.50,16.50,16.25,16.50,17.50,17.50,17.25,16.25,17.75,16.50,16.75,16.75,16.00,17.00,17.75,19.25,17.00,17.00,16.50,16.75,17.25,17.75,17.00,18.25,16.75,16.50,16.50,17.75,17.50,17.25,17.00,17.25,16.75,18.25,17.00,18.00,16.75,16.75,17.75,18.50,17.50,16.00,17.00,15.50,18.75,17.00,20.00,}
T=18.18
{18.25,16.75,17.75,16.50,18.00,18.00,17.75,18.00,18.00,16.50,17.25,17.00,17.25,17.75,17.50,18.25,17.25,17.25,16.75,17.00,16.25,17.50,16.50,17.25,17.25,16.75,16.75,16.75,17.75,17.00,17.75,16.25,18.25,16.75,16.25,16.75,16.25,17.25,17.75,17.00,18.25,17.50,16.50,16.75,17.00,17.00,16.75,17.25,17.50,16.75,17.00,17.00,17.25,16.50,17.00,17.75,18.25,17.25,16.75,16.75,17.00,17.00,16.75,18.75,}
T=18.18
{17.75,17.00,17.75,16.50,17.25,17.75,17.50,17.75,18.00,16.75,17.50,16.50,16.75,17.00,16.25,18.00,17.25,16.50,16.50,16.50,17.00,17.00,16.75,16.75,17.50,17.25,16.25,16.50,16.50,17.50,16.25,17.50,19.50,16.50,16.50,16.25,16.50,17.50,18.25,17.25,20.00,17.75,15.75,17.00,17.75,17.25,16.50,17.25,18.50,17.00,17.75,17.75,17.00,17.00,16.50,17.75,17.50,17.00,16.75,16.25,16.00,17.00,16.75,17.25,}
T=18.18
{18.25,17.25,17.75,16.75,17.50,17.75,17.75,18.50,18.25,16.75,16.75,17.25,17.00,17.50,16.75,18.25,17.50,16.75,17.25,16.00,17.50,16.75,16.75,17.50,17.50,16.75,16.50,16.50,16.75,16.00,17.00,16.50,19.00,16.50,15.75,17.25,16.50,17.25,17.50,16.75,19.00,17.50,16.25,16.75,17.00,17.00,17.25,17.25,17.25,17.00,17.75,17.25,16.00,17.00,16.75,17.00,18.75,17.75,16.75,16.00,17.00,18.25,18.00,18.50,}
T=18.25
{18.75,16.50,17.75,16.50,17.75,18.00,17.50,18.75,17.75,17.25,16.50,16.75,16.50,17.25,17.25,19.25,18.50,16.75,16.50,16.00,16.75,17.50,16.75,17.25,16.25,16.25,17.00,16.25,17.50,16.25,17.00,16.50,19.00,17.50,16.25,16.75,16.50,17.50,17.50,17.00,21.00,18.00,17.25,15.75,17.25,17.25,17.00,17.00,17.50,17.25,18.00,16.25,17.50,17.00,17.25,17.75,18.50,17.25,16.25,17.25,16.75,17.25,17.50,17.50,}
T=18.18
{17.25,17.00,18.00,17.00,17.50,17.50,17.75,18.00,18.00,17.00,16.75,17.00,17.25,17.75,17.50,18.25,17.75,16.50,16.50,17.50,16.50,17.50,16.75,17.75,16.75,17.50,16.75,16.25,16.75,16.75,17.50,16.75,18.75,17.50,16.25,16.75,16.75,17.25,17.75,17.00,20.25,19.75,17.75,15.75,16.50,17.50,17.75,17.75,21.50,18.25,17.75,17.25,17.25,17.50,17.25,17.75,18.00,17.50,15.25,16.25,15.75,17.75,18.00,19.00,}
T=18.25
{18.00,18.25,17.75,16.00,17.00,17.25,17.00,19.00,18.50,17.75,16.50,17.00,17.00,17.25,17.25,17.75,18.00,16.25,16.75,15.50,17.00,16.50,17.25,17.50,17.50,17.00,15.75,16.00,16.50,16.75,17.00,16.50,18.50,17.00,16.25,16.00,16.00,16.75,16.75,17.25,19.25,19.75,18.50,16.50,16.75,17.00,17.00,16.75,20.00,21.25,17.50,16.25,17.00,17.50,16.50,18.00,19.00,17.00,17.00,16.75,17.25,18.25,17.25,18.50,}
T=18.18
{19.00,17.00,17.50,15.50,19.00,17.50,18.00,17.75,17.50,16.50,16.75,17.00,16.75,17.25,17.00,18.00,17.50,18.00,17.00,16.75,17.00,17.50,17.50,18.50,16.50,16.75,16.25,16.00,16.75,18.25,17.50,16.50,18.75,17.25,16.00,16.25,16.75,17.00,18.00,17.00,18.75,17.75,19.00,17.50,16.75,18.00,16.50,16.75,17.50,19.25,19.50,18.25,18.00,18.25,16.00,18.25,18.50,19.75,18.25,17.25,17.25,17.25,18.00,18.75,}
T=18.31
{19.00,16.50,18.50,15.50,18.00,16.75,18.00,17.75,17.50,17.50,17.00,16.75,17.25,17.75,17.50,17.50,17.25,16.00,16.00,16.00,17.00,17.50,17.00,16.75,17.25,17.25,16.50,16.75,16.75,16.75,17.00,17.50,18.75,17.50,16.50,17.00,17.00,17.00,18.75,17.50,18.50,17.50,18.25,16.75,18.00,17.50,16.25,16.75,17.50,16.75,21.75,20.50,16.75,17.50,16.75,18.00,17.50,17.50,19.25,18.00,17.75,18.75,18.75,17.25,}
T=18.25
{18.50,17.50,17.25,16.25,18.25,17.00,18.25,17.00,17.75,17.25,17.25,17.00,16.75,18.50,17.25,17.50,18.25,16.25,16.25,16.50,16.50,17.50,18.00,17.50,17.50,17.75,17.00,16.50,17.00,17.25,17.50,17.00,17.25,17.00,16.75,16.50,16.50,17.00,17.50,17.25,17.50,16.50,17.00,17.25,16.50,17.50,17.25,16.75,18.25,18.00,18.50,21.00,18.25,17.50,18.50,18.50,17.00,17.00,18.50,21.25,16.75,17.50,17.25,18.25,}
T=18.18
{18.75,16.75,17.75,16.50,17.00,16.75,18.00,17.50,17.50,16.25,16.75,17.00,17.00,17.50,18.00,19.00,17.75,17.00,17.00,16.75,16.75,17.25,17.50,17.50,17.25,16.75,16.75,16.50,16.50,17.25,17.50,16.50,17.75,15.50,15.75,16.75,15.50,16.75,17.00,17.25,18.25,16.75,16.50,16.50,17.50,17.50,16.75,17.75,18.75,17.75,17.75,18.00,19.75,17.25,16.75,17.75,17.00,16.50,17.25,17.25,19.50,17.75,17.50,17.25,}
T=18.18
{18.50,16.50,17.25,16.25,17.25,17.75,17.75,17.75,18.00,17.75,17.25,17.25,17.00,18.25,16.75,18.25,16.75,16.25,16.75,16.50,16.75,16.50,17.25,16.75,17.25,17.50,16.50,16.75,17.00,16.75,16.75,16.50,17.75,16.50,16.00,16.00,17.25,16.75,17.75,16.50,17.75,17.00,17.25,16.25,16.50,16.75,17.00,17.50,17.75,17.00,16.75,17.00,19.75,18.25,18.00,17.50,18.00,17.25,16.50,17.00,21.50,17.75,17.25,18.75,}
T=18.18
{18.75,16.50,17.50,17.00,17.50,18.00,19.00,18.00,17.00,17.00,16.75,16.50,16.50,16.75,18.00,17.25,17.25,16.50,16.25,16.25,16.75,16.75,16.75,17.50,15.75,17.00,16.50,16.00,17.00,17.00,18.00,16.75,17.75,16.75,16.50,16.75,17.00,16.75,17.50,16.50,19.00,15.75,17.00,16.00,17.50,16.75,18.25,16.75,17.75,16.75,17.25,16.25,18.25,20.00,17.00,17.50,18.00,16.75,16.00,16.50,17.75,21.50,18.75,17.75,}
T=18.18
{18.00,16.50,18.25,16.50,18.25,18.25,17.50,18.50,16.75,16.00,16.00,16.50,17.25,17.25,17.50,18.75,18.25,17.00,17.00,16.25,17.25,17.00,17.25,18.00,16.75,18.00,16.50,16.50,16.25,16.25,17.50,17.00,17.25,17.00,16.75,16.25,16.50,18.00,17.50,16.50,17.75,16.50,16.75,16.00,17.00,17.75,17.25,17.75,17.50,18.00,18.25,17.50,18.00,19.50,20.00,18.00,17.75,16.75,16.75,16.25,16.50,19.25,21.75,19.25,}
T=18.18
{20.00,17.25,18.00,16.75,18.75,17.75,18.25,17.75,18.50,17.00,17.50,17.25,16.00,17.50,17.25,17.75,18.00,16.75,16.00,16.00,16.75,16.75,17.25,17.25,16.50,17.00,16.75,16.00,16.25,16.50,17.50,17.00,17.50,17.25,16.25,17.25,16.75,16.75,18.00,17.00,18.75,16.75,16.00,16.75,16.50,18.25,17.00,17.00,17.00,16.50,17.25,17.25,17.75,19.00,20.00,18.75,18.50,16.75,17.25,15.75,17.25,18.50,21.00,19.50,}
T=18.25
{18.75,18.00,17.25,16.50,17.50,18.00,17.50,18.25,18.50,16.50,16.75,16.75,16.75,16.50,17.75,18.25,17.75,17.00,16.75,16.25,16.50,16.50,17.75,17.50,17.00,17.75,16.50,16.25,16.25,16.75,17.50,16.50,18.00,16.50,16.50,16.25,16.00,16.75,17.25,17.00,18.75,16.00,17.00,16.00,17.75,17.00,16.75,17.00,16.25,16.50,17.75,17.50,17.25,19.00,19.50,20.75,17.75,15.75,17.50,16.50,17.25,17.75,20.50,20.50,}
T=18.18
{18.50,17.00,17.50,16.25,18.50,18.50,17.00,18.25,17.50,16.50,17.50,16.25,17.00,17.25,17.75,18.00,17.25,17.50,17.50,16.75,16.75,17.50,17.50,17.50,17.25,17.25,16.75,16.00,17.00,17.00,16.75,16.75,17.25,17.00,15.25,16.50,16.50,17.25,17.50,16.50,18.25,16.75,16.75,15.50,17.50,17.75,16.75,17.25,16.75,18.00,17.75,16.00,17.50,17.50,18.75,21.00,18.00,18.50,17.25,16.50,17.25,18.25,18.00,22.00,}
T=18.18
{18.50,17.25,17.75,16.00,17.50,17.50,17.50,17.75,17.50,17.50,17.50,16.75,16.50,18.00,17.50,18.50,17.25,16.50,17.25,16.00,16.50,17.00,17.25,17.50,17.75,17.00,16.75,16.00,17.00,17.50,17.00,17.00,16.75,16.50,16.00,16.50,16.50,17.75,18.00,18.25,18.25,17.00,17.00,16.25,16.75,16.25,17.75,18.00,17.25,17.50,17.50,17.50,18.00,17.00,17.50,22.00,18.00,17.00,17.50,17.50,17.25,17.50,17.50,19.25,}
T=18.18
{18.25,17.25,17.00,16.75,18.00,17.25,18.00,18.50,17.25,17.25,15.75,16.50,16.50,18.00,16.50,17.75,16.50,17.00,16.50,17.50,17.50,17.25,17.00,17.25,17.75,17.50,16.25,16.50,17.50,16.50,17.50,17.75,17.50,17.25,16.00,15.75,16.75,17.25,18.00,16.75,17.50,16.75,16.75,16.50,17.00,16.50,17.00,18.00,17.75,17.50,16.50,17.25,17.50,17.75,17.75,19.75,17.50,16.50,15.75,16.25,16.50,16.75,18.00,17.75,}
T=18.31
{17.75,17.25,17.25,16.00,17.75,17.50,18.50,18.25,17.00,16.75,17.00,16.75,15.75,17.00,17.50,18.25,17.50,17.00,15.75,17.50,16.75,17.75,16.75,17.50,16.50,17.00,16.50,16.75,17.00,17.25,17.25,16.50,18.00,15.50,16.25,16.75,17.00,16.75,18.00,16.75,18.75,16.25,16.25,16.75,17.00,16.50,17.50,17.25,17.00,16.50,17.50,17.25,17.00,17.75,17.25,18.75,17.50,17.25,17.50,16.50,16.50,17.50,17.25,18.50,}
T=18.25
{19.25,16.75,17.50,16.50,18.25,18.75,18.50,18.75,17.00,17.25,17.00,16.75,17.00,17.75,16.75,18.75,17.75,16.25,17.25,16.50,17.50,17.25,16.75,18.00,17.25,17.25,17.25,17.00,16.75,17.75,17.50,17.25,17.75,16.50,16.75,15.50,16.50,17.50,17.50,16.50,19.00,17.50,17.00,16.50,17.75,18.25,17.25,17.75,17.00,17.75,16.75,17.25,17.50,17.25,17.25,18.00,18.50,17.25,16.75,17.00,15.25,17.25,18.75,18.75,}
T=18.18
{17.75,17.00,17.00,15.50,17.00,17.50,17.75,17.50,18.00,17.75,17.00,17.00,16.50,18.00,17.50,18.75,17.25,16.75,16.00,17.00,17.25,17.00,16.75,16.25,17.50,16.25,17.00,15.50,17.25,17.00,17.00,17.00,18.25,17.25,16.25,16.50,16.75,17.00,18.50,17.00,18.25,16.50,16.25,15.75,16.50,17.25,17.25,17.25,17.75,17.00,17.75,17.50,17.75,18.25,17.25,18.25,17.25,16.75,16.75,15.50,16.75,17.25,18.00,18.00,}
T=18.18
{19.00,17.00,18.50,16.00,18.00,17.75,17.75,18.00,18.25,17.25,17.00,17.25,17.00,17.25,16.75,18.00,17.75,17.50,16.00,16.25,16.50,17.75,17.75,17.50,17.50,17.00,16.25,16.25,16.50,16.25,17.00,17.00,18.00,17.00,16.00,16.50,16.50,17.00,18.50,17.00,18.25,17.50,16.50,16.25,17.00,18.00,16.25,17.75,18.00,17.00,16.75,16.75,17.00,18.00,18.50,18.00,17.00,17.00,16.75,16.00,16.75,17.75,18.00,17.75,}
T=18.18
{18.75,17.50,17.25,16.50,17.75,18.00,17.25,18.50,18.00,17.00,17.00,16.75,17.00,16.75,17.00,18.50,18.25,16.75,15.50,16.75,17.00,16.50,16.25,17.25,17.50,16.50,16.75,16.00,17.50,15.75,18.00,17.00,17.50,17.25,16.00,17.00,17.25,17.50,17.75,17.75,19.00,16.75,16.50,15.75,16.75,16.75,17.00,17.50,17.50,17.00,17.25,16.25,17.50,17.25,17.25,18.50,17.75,17.25,17.00,17.25,17.00,18.00,17.75,17.25,}
T=18.25
{18.00,16.25,17.50,15.25,17.75,16.25,18.25,17.75,17.50,17.25,17.25,17.25,16.50,17.25,17.00,18.75,18.00,16.75,16.50,16.00,16.75,17.00,16.75,18.00,16.50,17.75,16.50,15.75,17.75,16.50,17.25,17.25,17.00,16.75,16.25,16.75,17.00,17.50,17.75,18.75,18.50,16.50,17.25,16.50,16.50,17.00,17.50,17.50,17.75,16.75,17.75,16.50,16.50,17.50,16.25,17.25,17.75,16.00,16.75,17.00,15.75,18.00,18.00,18.75,}
T=18.25
{17.75,17.75,17.00,16.50,18.25,16.75,18.25,18.75,18.25,17.00,17.25,17.00,17.25,17.00,18.00,18.50,17.75,16.50,16.75,16.25,17.25,17.50,17.75,17.50,17.50,16.25,16.25,16.50,16.50,17.00,17.25,17.00,17.75,16.75,16.50,16.25,17.25,17.00,18.00,17.75,17.50,16.75,16.75,16.00,17.25,17.00,17.00,16.75,16.75,17.00,18.00,16.50,18.00,17.00,18.00,18.00,17.75,16.00,17.25,16.50,17.00,17.75,18.25,18.00,}
T=18.18
{18.00,17.25,18.25,16.25,18.25,17.50,18.00,17.50,18.00,17.75,16.75,17.25,17.25,17.75,18.00,18.50,17.75,16.75,16.00,16.50,16.75,17.50,17.25,17.25,17.00,17.50,17.25,16.75,16.50,17.25,17.50,18.00,17.50,16.00,15.75,16.25,17.00,17.00,18.25,18.50,17.50,17.25,16.75,16.00,17.00,17.75,18.25,17.75,17.25,17.00,18.25,17.00,17.25,17.50,17.00,18.25,18.50,16.50,16.75,16.50,17.75,16.50,18.25,17.25,}
T=18.18
{18.75,17.25,17.25,15.75,17.25,17.50,17.00,18.50,18.25,17.50,17.50,17.00,16.25,17.50,15.50,18.00,17.50,16.25,17.00,16.50,16.75,16.25,17.50,16.75,18.25,16.50,16.75,15.75,16.75,16.50,17.50,17.75,18.25,17.25,15.75,16.25,16.75,17.25,18.00,18.00,18.25,16.25,15.75,16.00,16.50,17.25,17.00,17.00,17.75,16.50,17.00,17.75,17.00,17.50,18.00,17.50,17.00,16.00,16.00,16.50,17.25,16.75,17.50,17.00,}
T=18.06
{17.50,16.50,17.50,15.75,18.00,17.25,17.50,17.50,18.25,17.25,16.25,16.50,17.25,18.25,17.25,17.75,17.25,15.75,16.50,16.25,16.25,16.75,17.25,18.00,16.50,17.50,15.50,16.50,15.75,16.75,17.25,19.00,16.75,17.00,16.50,15.75,16.50,17.75,18.00,19.00,17.50,17.00,16.75,16.25,17.00,16.75,17.25,16.75,17.25,16.75,18.00,16.75,17.75,17.50,16.75,17.75,17.50,16.50,16.50,15.25,16.75,17.00,17.00,17.00,}
T=18.18
{18.50,17.25,17.25,16.75,18.25,17.50,18.00,18.50,18.00,17.25,16.50,16.00,16.75,17.75,17.00,17.25,17.25,16.75,16.75,16.75,17.25,18.00,17.75,17.75,17.25,17.25,16.75,16.00,17.75,17.50,19.00,21.75,17.00,16.50,15.75,16.75,16.50,17.25,19.00,19.00,18.00,16.75,16.50,16.75,16.75,17.50,17.50,16.75,17.50,16.75,17.50,17.50,16.50,17.75,16.50,18.50,18.25,16.75,16.75,16.50,17.25,17.75,18.00,18.00,}
T=18.18
{18.00,17.25,17.75,16.50,18.00,17.75,19.00,19.00,17.50,16.75,17.25,17.00,16.25,17.50,17.00,17.50,17.25,16.50,16.75,15.75,17.00,17.00,18.00,19.00,17.00,16.00,17.00,16.00,17.00,16.75,19.50,19.25,18.00,17.25,16.25,16.75,16.50,17.50,18.75,18.50,17.25,17.25,17.00,16.50,17.00,16.75,18.00,17.50,17.00,17.75,16.25,16.50,17.50,17.00,17.00,19.00,18.00,17.25,17.25,16.25,17.75,16.50,17.00,18.00,}
T=18.12
{18.75,17.00,17.75,16.75,18.25,17.00,17.25,17.75,18.00,17.00,17.25,16.50,17.75,17.75,17.25,18.00,17.50,17.50,16.25,16.75,17.50,17.50,19.00,18.00,16.25,16.75,17.00,16.75,17.75,17.25,21.00,17.75,17.50,17.00,16.25,16.25,15.25,17.50,19.25,18.50,18.00,16.00,16.25,17.25,16.50,18.00,17.50,17.00,17.25,17.25,17.25,17.25,17.50,17.00,17.25,17.00,18.25,17.00,16.50,16.50,17.50,17.00,18.25,18.75,}
T=18.18
{18.00,18.00,18.00,16.50,17.75,17.50,18.00,18.50,17.75,17.75,17.50,17.25,16.50,18.25,18.75,18.25,17.75,16.25,17.00,16.50,16.50,18.75,19.00,17.00,17.75,17.00,16.75,17.00,16.75,19.00,20.50,17.00,18.25,17.00,16.50,17.25,18.00,19.00,17.50,18.25,18.25,16.50,16.25,16.50,17.25,17.50,17.00,16.50,18.00,16.50,17.75,17.50,18.50,17.25,17.50,18.00,16.50,17.25,16.75,16.50,16.50,17.00,17.50,17.25,}
T=18.25
{18.50,17.00,18.25,16.75,17.50,19.00,17.25,17.50,19.25,17.00,17.00,16.50,17.25,18.00,18.00,18.00,17.25,16.25,17.00,16.25,18.50,19.50,16.75,17.50,17.00,17.00,16.75,15.75,19.25,20.50,18.75,16.25,16.75,17.50,16.50,16.75,17.25,20.00,18.25,17.25,17.75,17.25,16.25,16.75,16.50,18.00,16.50,17.75,17.00,17.00,17.75,17.25,17.50,17.50,17.00,17.75,18.50,17.50,16.50,17.25,17.00,17.25,18.00,17.25,}
T=18.18
{18.75,17.00,18.25,16.00,17.50,17.50,18.00,18.25,18.25,17.50,17.00,17.25,17.25,17.25,17.25,18.75,17.25,17.50,16.75,17.00,19.00,17.50,16.75,17.75,17.75,17.50,17.25,18.25,20.50,18.00,17.50,17.25,17.50,17.25,15.75,17.50,19.25,17.50,17.50,17.50,18.75,16.50,16.50,17.00,17.25,18.00,17.25,18.00,18.00,17.50,17.50,17.25,17.00,18.25,17.75,17.25,17.50,17.50,17.00,16.25,16.75,17.75,18.00,17.25,}
T=18.06
{19.00,16.75,17.00,16.50,17.75,17.00,17.50,17.50,17.25,17.50,17.00,17.00,17.50,17.50,17.75,18.00,17.50,15.25,16.25,16.75,18.25,16.25,17.75,16.25,16.25,17.75,18.75,19.00,19.00,17.25,16.75,16.50,17.50,17.00,16.50,18.00,18.25,17.75,17.50,16.75,18.00,16.00,17.25,16.25,18.00,17.50,17.50,16.75,17.25,17.00,16.75,16.50,17.25,17.00,16.50,17.75,17.25,16.50,16.00,17.00,17.00,17.25,17.50,18.00,}
T=18.18
{18.00,16.75,18.00,17.00,18.25,18.00,18.25,17.50,18.00,18.00,17.25,18.25,17.50,18.00,17.25,18.00,18.25,15.50,17.50,18.00,17.50,16.50,17.25,17.50,16.50,18.75,20.00,20.25,17.00,17.25,17.25,16.50,17.50,16.50,17.50,19.25,16.75,17.25,17.50,17.75,17.75,16.75,16.50,16.75,17.00,16.25,17.50,16.00,16.75,17.50,16.75,16.75,16.75,17.25,17.75,17.75,17.25,16.50,16.25,16.75,16.75,17.25,17.25,17.00,}
T=18.25
{18.75,17.50,18.75,16.25,18.00,17.25,17.75,18.50,18.00,18.00,17.50,17.75,16.25,17.75,18.00,18.50,18.00,19.00,19.25,16.75,17.25,17.00,16.75,18.00,17.00,19.75,20.50,17.75,17.25,16.50,18.00,17.00,17.50,18.00,19.50,16.75,17.00,16.75,17.50,17.75,18.50,17.25,17.25,16.25,17.25,17.25,17.00,16.75,18.00,17.25,17.25,17.25,17.25,17.50,17.75,17.75,18.25,16.50,17.25,17.00,16.75,17.00,17.00,17.25,}
T=18.18
{18.00,17.00,17.75,17.00,18.25,18.25,17.50,17.00,17.25,17.75,17.25,17.75,17.00,17.25,16.50,18.75,18.25,19.25,18.50,16.75,17.50,17.00,17.25,17.75,18.00,20.75,20.00,16.25,17.25,17.50,17.00,17.00,17.75,18.00,18.50,17.00,16.75,17.00,18.00,17.50,17.50,17.00,17.00,16.75,16.50,17.50,17.50,16.00,17.50,17.75,17.25,17.50,17.25,17.00,16.25,18.50,19.25,17.75,17.50,16.25,17.25,17.00,18.75,17.50,}
T=18.18
{18.00,16.25,17.25,16.75,17.75,17.75,17.25,17.25,17.00,16.75,17.50,17.00,17.25,17.25,17.75,18.00,18.50,19.50,17.25,16.25,17.50,17.75,17.25,17.25,20.00,21.50,18.25,17.00,17.00,17.00,17.25,17.00,18.75,20.50,16.75,16.75,16.25,17.00,18.25,17.50,18.25,17.25,17.00,16.25,16.25,17.25,17.50,16.00,17.25,17.00,16.50,17.00,17.00,17.75,16.50,18.50,17.50,17.25,16.75,16.75,15.75,17.00,18.00,18.00,}
T=18.25
{18.00,16.25,18.00,16.75,18.50,18.25,17.75,18.00,17.00,17.50,17.25,17.25,16.00,17.50,16.75,17.75,18.00,19.25,16.00,17.25,17.25,17.50,17.50,18.50,20.25,19.50,17.00,16.00,17.00,17.00,17.00,17.25,21.25,19.75,16.50,16.50,16.50,17.25,17.00,18.00,18.75,17.50,18.00,16.75,18.00,17.00,17.75,18.50,17.75,16.75,17.00,16.25,16.75,17.25,16.75,18.00,18.25,16.75,15.50,16.50,16.25,17.75,16.75,17.50,}
T=18.25
{19.00,18.50,18.00,16.50,18.75,17.25,18.50,17.75,17.50,16.25,17.00,17.25,17.50,17.75,17.25,18.25,18.25,16.75,17.75,15.75,17.50,17.50,18.00,16.50,21.25,19.50,17.25,17.00,17.00,17.50,17.25,16.75,21.75,19.50,16.50,17.00,17.25,17.00,17.75,17.00,19.25,17.00,16.75,16.50,17.50,17.00,17.75,17.50,17.50,18.00,18.00,17.25,17.50,17.75,18.00,18.50,17.75,18.25,17.75,16.25,18.25,17.25,17.75,18.25,}
T=18.18
{18.50,18.00,17.50,16.00,18.00,17.25,18.75,18.25,18.25,16.75,17.00,16.50,16.75,17.00,16.25,18.00,18.00,16.75,17.50,16.50,17.00,17.00,17.00,17.50,18.25,17.75,16.75,16.25,17.00,17.25,17.50,17.25,20.25,18.00,16.25,16.75,17.25,17.50,17.75,17.25,19.25,17.00,16.75,15.75,16.50,17.75,16.50,17.50,16.75,17.00,16.75,17.00,16.75,17.50,17.00,17.00,18.00,16.75,17.00,15.50,17.00,17.75,17.25,16.50,}
T=18.25
{18.25,17.25,17.50,16.75,17.50,18.00,18.25,17.75,18.25,17.75,17.75,17.00,17.50,18.00,18.00,17.50,18.00,17.00,16.25,16.75,17.00,18.00,17.50,17.50,17.75,18.00,16.50,16.50,16.50,17.00,17.00,17.25,20.75,18.50,16.25,17.00,16.50,17.25,17.50,18.00,18.50,16.75,16.50,16.75,17.25,16.75,18.25,17.00,18.25,17.00,17.75,17.00,17.50,17.50,17.25,18.50,17.75,17.25,17.00,18.00,18.00,17.75,17.00,18.00,}
T=18.31
{19.00,18.25,17.50,17.50,19.00,18.25,18.25,19.00,17.75,17.25,16.00,17.50,16.75,17.75,17.50,19.50,18.25,17.00,16.75,16.50,18.00,17.50,17.25,16.75,16.75,17.00,16.75,17.00,17.25,16.50,18.00,17.25,19.00,18.50,16.75,17.50,16.75,17.75,17.25,16.50,18.00,17.00,17.25,17.00,17.00,17.25,18.50,16.75,17.00,17.00,17.75,16.50,16.75,17.25,17.00,17.75,17.50,17.00,17.00,17.00,17.50,17.75,17.50,16.75,}
T=18.18
{18.50,17.50,18.25,16.25,17.00,17.50,18.50,18.75,18.25,17.25,17.50,16.75,16.50,17.25,16.00,18.00,17.75,16.50,17.00,16.50,17.00,17.00,17.25,17.50,17.00,17.50,16.00,16.25,17.00,17.00,17.25,17.00,17.75,17.75,16.25,16.75,16.50,17.00,17.75,17.75,18.75,16.25,16.50,16.50,16.75,17.25,17.75,17.75,17.50,16.75,17.50,16.50,18.00,17.75,17.25,18.25,17.75,16.25,17.25,16.50,17.75,17.25,18.50,17.00,}
T=18.18
{18.75,18.25,17.00,17.75,17.75,19.25,18.00,19.75,18.25,17.00,16.75,17.00,16.25,16.75,16.75,17.25,16.75,16.00,16.25,16.75,16.75,17.75,16.50,18.00,17.75,17.50,16.75,16.00,16.75,16.75,18.00,17.75,18.75,17.00,15.50,15.75,17.00,16.50,17.50,17.00,18.75,15.75,16.00,17.00,17.50,17.00,17.50,17.50,17.00,16.75,17.25,17.75,17.75,17.75,16.75,18.75,18.50,16.00,17.50,16.00,16.25,17.25,18.00,16.75,}
T=18.31
{19.00,16.75,18.00,17.00,17.50,17.50,18.50,18.00,17.00,17.75,16.75,17.00,16.25,17.50,18.00,18.00,17.00,17.00,17.00,16.25,17.50,17.50,16.75,17.25,16.75,17.75,16.75,16.75,17.25,16.75,18.25,17.75,19.25,17.75,16.25,16.25,16.75,16.75,18.50,17.25,18.50,17.00,17.50,16.25,17.25,18.00,17.25,17.75,18.25,17.75,18.00,17.50,16.75,17.50,18.00,17.50,18.00,17.75,15.25,16.75,17.00,17.75,18.50,18.50,}
T=18.25
{17.25,16.50,17.25,17.00,18.00,18.00,17.50,19.00,17.75,18.50,16.75,17.00,16.75,16.75,17.00,17.75,18.00,16.75,16.50,16.50,16.75,17.00,17.50,17.25,16.75,17.25,16.25,16.75,16.75,16.25,17.50,17.00,18.00,16.75,17.00,16.50,16.00,17.00,17.00,16.50,18.25,16.50,16.00,15.50,16.50,16.75,16.50,16.25,19.00,17.25,17.25,16.25,17.00,17.75,17.25,17.50,17.75,16.25,15.50,16.00,17.00,17.50,18.25,17.75,}
T=18.18
{19.00,16.75,17.25,16.50,17.50,17.25,17.75,17.00,18.00,17.00,17.25,17.25,16.50,17.25,16.75,18.50,18.00,17.00,16.50,16.75,16.75,18.00,18.00,16.50,17.50,17.50,16.50,15.75,16.50,16.25,18.00,17.50,17.50,17.25,15.25,17.25,17.50,17.25,17.75,17.25,18.75,16.75,16.50,17.50,17.25,17.25,17.00,16.50,17.75,17.25,17.25,16.75,17.00,17.25,17.00,17.00,19.00,17.25,16.25,16.50,17.00,17.75,16.25,18.00,}
T=18.18
{19.00,17.00,17.25,17.00,17.50,17.25,17.50,17.75,18.50,17.00,17.25,17.00,16.50,17.75,17.75,18.00,17.75,16.50,17.00,16.75,16.50,16.75,17.25,17.25,15.75,17.50,16.75,16.50,16.50,17.25,17.25,16.50,18.50,17.75,16.25,17.00,16.50,18.00,18.75,16.75,19.25,16.75,17.75,16.00,17.25,17.00,17.00,17.50,17.00,16.50,16.75,16.75,17.00,18.25,17.00,18.50,18.25,17.25,17.00,16.00,15.75,18.00,17.00,18.50,}
T=18.25
{19.00,17.25,17.75,16.00,17.75,18.25,18.25,17.50,17.75,16.75,16.75,17.50,16.50,18.25,17.50,18.25,18.00,16.50,16.25,16.00,17.50,16.00,17.75,16.75,16.50,17.50,17.25,16.50,18.00,17.50,17.25,17.25,18.50,17.50,16.75,17.50,16.75,17.25,17.00,17.75,19.00,16.75,16.75,16.25,16.75,17.25,17.25,17.00,17.00,17.00,16.50,17.00,17.25,17.75,16.75,18.00,18.25,17.50,16.25,17.00,17.50,18.00,18.25,19.00,}
T=18.31
{18.75,17.50,18.00,16.00,18.75,17.50,17.50,18.50,18.00,17.50,18.00,17.50,17.00,17.25,17.75,18.75,18.25,17.00,16.75,17.00,17.00,18.00,17.50,18.50,17.25,17.25,16.75,16.50,17.25,17.25,18.50,15.75,19.00,17.50,16.75,16.50,16.50,17.75,17.75,17.25,19.00,17.25,17.50,16.00,17.25,17.75,17.00,17.50,18.50,17.50,17.25,16.75,18.00,17.25,17.25,17.50,18.00,17.50,16.75,17.25,16.75,16.75,17.75,18.75,}
T=18.18
{17.00,16.50,17.25,15.75,18.00,17.75,17.75,18.75,19.00,17.25,16.75,17.75,16.50,17.50,18.25,18.50,18.25,16.50,17.50,16.75,16.75,17.50,17.00,17.00,17.00,17.50,16.50,16.50,17.00,17.75,18.00,17.50,18.75,17.25,15.75,16.75,16.25,17.00,18.50,17.75,19.50,18.00,16.25,17.00,16.75,17.00,17.00,17.75,18.50,16.75,18.00,17.50,17.75,17.25,17.50,17.25,18.50,17.25,16.75,16.50,16.75,17.00,17.25,17.50,}
T=18.18
{18.00,16.50,17.50,17.00,18.75,18.50,18.00,19.00,17.75,17.50,17.25,17.25,16.75,16.50,16.75,18.50,17.75,17.25,16.75,17.00,17.75,17.75,17.50,17.50,17.25,18.00,17.00,16.25,17.00,17.00,17.00,17.75,18.25,17.50,16.75,17.25,16.75,17.00,17.50,17.75,20.00,18.25,17.25,16.00,17.00,18.00,17.75,16.75,19.50,17.75,17.00,17.75,16.75,18.50,17.00,18.25,18.75,17.75,17.25,15.25,17.00,17.25,18.75,17.25,}
T=18.18
{18.25,17.25,18.00,17.25,17.75,18.00,18.00,18.75,18.00,16.75,17.50,17.50,17.00,16.75,17.00,18.50,18.00,17.00,16.75,17.00,17.25,17.75,17.00,17.50,16.75,16.75,18.00,17.50,17.00,16.75,17.75,17.00,17.75,17.50,16.75,16.75,16.50,16.50,17.25,17.50,20.50,18.25,17.50,16.50,17.00,17.00,17.00,17.25,21.25,17.75,17.50,17.75,18.00,17.75,16.50,17.50,18.75,17.75,17.25,17.25,16.50,17.75,17.75,19.00,}
T=18.18
{19.00,16.50,18.25,17.00,17.00,17.50,18.00,19.00,17.75,17.25,16.75,17.25,17.75,17.75,18.00,18.75,17.50,16.25,17.25,16.00,17.00,17.75,17.25,18.00,17.25,17.75,15.75,16.25,16.75,16.25,18.50,17.50,18.25,17.75,16.00,16.25,16.50,16.75,18.25,17.75,20.00,18.00,16.75,16.50,16.00,17.00,17.50,17.25,22.25,19.25,16.75,17.25,17.50,18.00,17.00,18.00,19.25,18.75,17.50,17.25,17.00,18.25,18.25,18.25,}
T=18.25
{19.25,18.25,17.00,16.25,18.00,18.25,18.00,19.00,17.50,17.75,17.50,16.75,16.25,18.25,17.75,18.50,17.75,16.25,17.00,16.25,18.25,17.50,18.00,17.50,16.00,17.00,16.75,16.75,17.00,17.25,17.50,17.00,17.75,17.50,16.75,18.00,16.50,17.50,18.00,18.25,19.25,19.00,18.00,17.25,17.75,17.50,17.00,17.50,20.25,19.75,18.00,17.25,17.25,16.50,16.75,17.75,18.75,19.00,16.75,17.50,17.50,18.25,17.00,18.00,}
T=18.18
{18.00,16.75,18.00,17.50,18.75,18.00,17.75,17.25,18.50,17.00,17.75,16.75,16.25,17.00,17.25,18.25,17.75,15.25,17.50,16.75,17.25,17.00,17.25,17.75,17.50,17.50,16.75,16.75,16.75,17.25,18.00,16.75,17.75,17.75,16.75,16.75,16.75,17.00,18.00,16.75,18.00,18.75,18.25,17.25,17.25,17.25,17.50,18.00,18.25,20.75,18.50,17.00,16.50,17.75,18.25,17.75,19.25,17.75,18.25,18.25,16.50,18.75,17.75,17.75,}
T=18.18
{18.25,16.75,17.75,17.00,18.00,17.50,18.00,18.25,17.75,16.25,17.00,17.00,17.50,17.75,17.25,17.75,17.75,16.25,17.50,16.25,17.00,16.75,18.00,18.00,17.00,18.00,16.75,16.50,17.50,17.25,16.75,16.50,17.75,17.50,16.75,16.50,17.25,17.00,17.50,16.50,18.75,18.25,19.00,17.75,17.25,17.50,18.00,17.25,18.25,18.75,20.00,17.25,17.75,17.75,17.25,18.50,19.25,18.25,18.75,16.25,17.75,18.00,18.75,18.25,}
T=18.31
{19.00,18.25,17.50,16.25,18.25,17.75,18.75,18.75,18.50,17.50,17.25,16.75,17.00,18.00,17.25,18.00,18.75,17.00,16.50,16.25,17.25,17.25,16.75,17.50,17.50,17.25,17.25,17.00,18.25,17.00,17.00,17.50,18.25,17.50,16.00,17.25,16.75,17.00,18.00,17.75,19.25,17.50,20.00,17.75,17.75,17.75,17.00,17.50,17.75,18.25,20.25,18.75,17.75,18.00,17.25,17.75,18.00,17.75,17.75,17.25,16.50,17.75,18.25,18.25,}
T=18.18
{17.75,17.00,18.00,15.75,18.25,18.00,18.75,19.00,17.75,17.25,17.75,17.25,17.25,17.75,17.75,18.50,18.00,17.00,16.75,16.50,17.25,17.25,17.25,17.25,17.75,18.25,15.75,16.25,17.25,17.00,18.00,17.50,17.50,18.00,17.25,17.00,16.75,17.25,17.50,17.25,18.25,17.50,20.00,18.50,17.75,17.00,17.50,17.00,18.25,18.00,19.00,20.00,17.25,17.00,17.75,18.00,18.50,17.50,17.50,17.00,17.25,18.00,17.00,17.50,}
T=18.18
{18.25,17.75,18.25,17.00,18.50,18.25,18.75,19.00,17.75,17.50,17.00,17.25,16.25,18.00,17.50,18.00,17.75,16.25,16.50,16.50,16.75,18.25,17.25,18.50,17.00,16.75,17.25,16.00,17.50,16.25,17.50,17.75,17.25,17.25,16.00,19.25,17.75,17.25,18.00,17.75,18.50,16.25,17.00,19.50,19.25,17.50,17.25,16.75,18.00,17.00,17.75,17.75,18.00,17.00,17.25,17.25,18.25,17.25,16.75,16.50,17.25,18.50,17.50,18.50,}
T=18.18
{18.25,17.75,17.75,16.25,18.25,17.75,17.75,20.00,18.25,16.75,17.25,17.00,17.25,17.00,16.75,17.75,18.00,17.50,16.75,17.25,17.00,17.25,17.00,17.75,17.00,16.50,17.25,16.25,17.00,17.25,17.25,17.50,17.75,17.25,16.25,18.50,18.50,17.25,18.50,17.75,18.25,17.75,17.00,19.50,19.75,18.50,18.25,18.00,19.00,16.50,18.25,17.75,18.75,17.25,17.50,19.00,18.50,17.50,17.25,17.50,17.25,18.00,17.75,18.25,}
T=18.25
{17.50,16.75,17.75,17.50,17.75,18.50,18.00,16.50,18.75,17.25,18.00,17.50,17.25,18.00,18.00,17.75,17.50,16.50,16.50,16.50,16.25,17.00,17.75,16.50,16.50,17.25,16.25,17.50,17.25,18.00,18.00,16.50,17.75,17.50,16.25,17.25,20.50,20.00,17.50,17.25,19.00,17.50,16.25,17.25,18.75,20.50,18.00,17.50,17.25,17.00,17.50,17.25,17.25,18.25,17.00,18.75,17.50,18.00,16.50,17.00,16.75,18.25,17.00,19.25,}
T=18.31
{18.50,17.50,17.50,16.50,18.00,17.50,18.75,18.25,17.50,17.25,17.50,16.25,16.75,17.00,17.75,18.00,18.25,16.50,17.00,16.50,16.75,17.00,17.25,17.50,16.75,17.50,17.25,16.75,18.50,18.00,18.25,17.50,18.00,17.25,16.75,16.75,19.75,21.50,18.25,18.00,17.75,17.50,16.50,16.50,18.00,19.00,17.25,17.75,17.25,17.00,18.25,17.25,18.00,18.00,16.25,18.50,19.25,16.00,16.75,16.25,17.00,18.00,17.50,17.25,}
T=18.18
{17.50,17.25,17.00,15.50,19.00,17.25,17.75,17.75,17.50,17.25,17.00,17.00,16.75,17.25,16.50,18.50,18.25,16.75,16.25,17.50,16.75,18.00,18.25,18.00,17.25,18.00,16.25,16.75,17.75,21.25,20.25,18.25,18.00,17.75,16.25,17.00,18.00,21.00,19.75,17.75,19.00,17.50,16.50,17.25,16.75,17.75,18.00,17.50,18.50,17.75,17.00,16.25,17.00,17.25,17.00,18.25,17.25,17.75,16.50,16.25,17.00,17.75,18.50,18.00,}
T=18.18
{19.00,17.75,17.25,17.75,18.50,18.00,18.75,18.50,18.25,16.75,17.00,17.25,16.75,17.00,18.00,17.50,16.75,15.75,16.75,15.75,17.50,19.25,19.75,19.50,18.00,17.50,16.25,17.25,17.25,20.75,22.00,17.75,17.75,17.50,16.50,17.25,16.75,18.00,19.00,18.00,17.75,16.75,17.00,16.75,16.25,17.25,17.00,17.25,18.00,17.00,18.25,17.25,16.75,18.00,17.75,18.75,18.75,17.50,16.75,16.50,17.25,18.50,19.00,18.00,}
T=18.25
{18.00,17.50,17.50,16.25,17.25,17.50,18.00,18.00,17.75,18.00,18.00,17.00,17.50,17.50,17.50,18.00,19.00,16.00,16.25,16.25,17.00,18.75,20.75,19.50,17.25,17.00,16.75,16.00,17.75,18.75,21.25,19.00,18.00,17.25,16.00,16.75,17.00,18.25,17.50,17.25,19.00,18.00,17.50,16.25,17.25,17.00,17.75,17.50,19.00,16.75,17.75,16.50,18.25,17.75,17.75,17.50,17.75,17.25,16.50,15.50,17.25,17.25,17.00,16.00,}
T=18.25
{19.00,16.75,17.50,16.00,17.25,17.00,18.25,19.00,18.00,17.25,16.75,17.00,16.25,18.00,17.75,18.50,17.50,16.25,17.25,17.00,17.50,17.00,20.75,21.75,16.75,17.75,17.25,16.50,17.00,18.25,19.75,19.25,17.50,17.00,16.25,16.00,17.25,17.50,18.25,17.25,18.25,16.75,17.75,16.00,17.50,17.00,18.00,17.75,17.50,17.75,17.75,17.25,17.25,17.75,16.75,17.75,18.25,17.25,16.75,17.25,17.50,17.50,16.75,17.75,}
T=18.18
{18.00,18.00,17.75,16.50,17.75,17.00,18.25,17.75,17.75,17.00,17.50,17.00,16.25,17.25,18.00,19.25,18.25,17.25,16.00,16.75,16.75,17.00,19.75,22.00,17.75,17.25,16.75,16.25,16.75,18.50,19.00,18.75,18.25,16.75,16.25,17.25,17.25,18.25,17.50,17.25,18.00,16.25,17.00,16.50,17.50,17.25,17.00,17.50,16.75,17.25,16.50,17.50,16.75,17.50,16.75,18.50,18.25,16.75,16.75,16.75,18.00,18.25,19.00,16.50,}
T=18.25
{18.75,17.25,17.25,16.25,17.75,17.50,19.00,18.50,17.50,18.00,16.75,17.00,17.00,17.75,18.00,18.75,17.75,17.75,17.25,16.50,17.50,17.25,19.75,21.25,17.00,16.75,16.25,15.75,17.00,16.25,18.25,17.00,17.50,16.75,16.00,17.50,16.75,17.50,17.50,18.50,17.75,17.00,17.50,16.75,16.75,17.75,17.00,16.75,16.50,17.25,17.75,16.75,17.50,17.75,17.00,17.75,18.50,16.75,16.50,17.50,16.75,18.25,18.75,19.50,}
T=18.18
{19.00,16.75,17.75,16.75,17.75,18.25,17.25,18.25,17.75,17.50,17.50,17.00,16.50,18.25,17.25,20.00,18.25,16.75,16.00,16.25,17.00,16.25,18.25,21.00,17.75,17.00,16.25,16.75,17.00,17.25,17.50,18.75,18.25,17.75,16.75,16.75,16.25,17.50,17.50,17.75,17.75,16.75,17.25,16.75,17.00,17.25,17.00,17.00,18.50,17.25,16.25,17.25,17.50,16.75,17.50,17.75,17.75,17.00,17.50,16.25,17.25,17.50,18.00,17.50,}
T=18.18
{18.00,16.50,17.25,16.50,17.75,17.75,17.75,18.00,19.00,17.75,16.75,16.50,17.00,18.00,18.00,20.00,17.50,16.50,16.00,15.75,16.75,16.50,17.75,19.50,16.25,17.50,15.75,16.50,16.25,16.75,18.00,17.25,17.25,16.50,15.50,16.25,16.00,16.50,17.75,17.25,18.25,17.00,17.75,16.25,17.00,17.50,17.50,16.50,17.50,17.25,17.00,17.75,17.50,17.00,16.75,18.00,18.25,17.50,16.50,16.50,17.00,18.00,17.75,18.75,}
T=18.31
{18.50,16.75,18.75,16.75,18.75,17.25,19.00,19.25,17.00,17.25,16.75,16.50,16.50,17.50,16.75,19.25,18.25,16.75,17.50,16.50,16.75,17.75,17.25,19.75,16.75,16.75,16.75,16.00,17.25,17.50,18.00,17.25,18.25,17.50,17.00,16.50,16.75,17.25,17.50,17.25,19.00,17.00,16.50,15.75,17.00,17.50,18.25,18.25,16.75,17.50,17.25,17.25,18.25,17.25,17.25,17.75,18.00,16.75,17.75,17.00,17.25,17.50,18.50,17.25,}
T=18.31
{18.25,17.50,17.25,16.75,17.50,18.75,18.00,19.00,18.50,16.75,16.75,17.00,17.00,17.50,18.50,18.75,17.50,16.25,16.00,16.75,16.75,17.25,16.50,19.25,17.25,17.75,16.75,16.25,17.00,17.50,18.25,17.00,17.75,16.75,16.00,16.75,17.25,17.50,17.75,17.25,18.25,16.75,16.50,17.50,17.25,17.75,17.50,17.50,17.75,17.75,17.75,16.50,17.25,17.25,17.50,17.75,17.25,17.25,16.75,17.50,18.25,17.75,17.50,17.25,}
T=18.18
{18.50,17.00,18.00,16.50,18.00,17.25,17.75,18.00,18.00,16.75,16.75,16.75,16.25,17.00,17.50,18.00,17.50,15.75,17.25,15.25,16.25,16.75,18.00,17.75,16.50,17.00,16.50,16.00,16.75,16.25,17.00,17.25,17.50,17.25,16.00,16.00,17.00,17.50,17.75,17.25,18.75,16.50,16.50,16.75,17.25,17.75,17.25,16.00,17.50,17.00,16.50,17.00,17.25,17.25,18.00,17.75,19.00,18.00,17.25,17.50,16.50,17.75,18.25,17.75,}
T=18.25
{18.75,17.50,18.00,16.75,17.50,18.00,18.00,18.50,19.00,17.25,17.25,17.00,16.75,17.25,17.25,18.00,18.25,17.25,16.25,16.25,17.75,17.25,17.75,18.00,17.00,17.75,16.00,16.50,17.00,17.50,17.50,17.00,17.00,17.00,16.75,17.25,16.75,16.75,17.50,16.50,19.00,16.75,17.25,17.00,17.75,17.50,17.50,18.25,17.50,15.75,17.50,16.25,18.00,17.00,17.50,17.00,18.00,17.00,17.25,16.50,17.75,17.50,16.75,18.00,}
T=18.18
{18.50,17.75,17.50,17.00,17.50,18.25,18.25,19.25,17.00,16.25,17.75,17.00,16.50,17.00,17.50,17.75,16.75,16.00,16.75,15.50,16.50,16.75,18.00,18.00,17.75,18.25,17.00,16.50,17.00,16.75,17.00,17.75,17.75,17.50,17.25,17.25,17.00,17.75,18.00,18.00,18.00,17.75,16.50,17.25,16.75,17.50,17.00,17.00,18.25,17.00,17.50,17.25,17.00,17.25,17.00,17.50,18.50,17.00,16.50,17.25,17.00,17.75,17.25,17.50,}
T=18.25
{18.50,17.00,17.75,16.25,18.00,17.50,18.25,18.50,19.00,18.00,16.75,16.75,16.75,18.50,17.25,18.00,17.25,16.75,16.50,16.75,16.50,18.50,17.25,18.00,16.50,18.00,17.00,16.25,17.00,17.25,17.00,18.25,17.50,17.50,15.75,15.75,16.75,16.50,18.00,17.75,18.50,17.25,17.50,15.50,17.00,17.50,17.25,17.00,18.00,17.75,17.75,16.50,17.50,17.50,17.25,17.75,17.50,16.00,16.25,16.50,17.25,17.50,17.25,17.25,}
T=18.31
{19.50,17.75,17.50,17.50,18.50,18.25,18.25,18.50,18.00,16.50,18.00,17.50,17.25,18.50,17.25,18.25,17.75,16.75,16.50,16.00,17.25,17.50,17.25,18.00,17.75,16.75,16.75,15.50,17.50,17.75,17.50,17.75,17.75,17.00,16.50,16.00,16.50,17.00,17.50,16.75,18.50,17.50,16.75,16.75,17.00,17.50,16.75,17.75,17.50,17.00,16.75,17.00,17.50,17.00,17.50,17.75,19.25,16.25,17.00,16.00,17.00,18.75,18.50,17.50,}
T=18.25
{18.50,17.75,17.75,16.00,17.75,18.00,17.50,19.25,17.50,17.25,17.50,17.00,17.25,17.75,17.25,18.25,18.00,16.50,17.00,16.00,17.00,17.50,17.25,17.75,17.00,16.75,16.75,16.25,17.00,17.50,18.25,17.75,17.75,17.50,16.75,16.75,17.00,17.25,18.75,17.25,17.50,17.50,16.75,16.50,16.75,17.75,17.75,17.75,17.25,17.00,17.75,17.00,17.25,17.50,17.00,18.75,18.00,16.50,17.50,17.00,17.25,17.75,18.25,17.50,}
T=18.25
{18.25,17.75,18.50,16.50,17.75,17.50,17.75,17.75,18.25,16.75,17.25,17.50,16.75,17.25,17.25,18.25,17.75,16.25,16.50,16.50,17.25,17.50,16.75,17.50,17.25,17.50,17.25,16.75,17.00,17.25,17.50,18.00,18.25,17.00,15.75,17.00,17.00,17.50,17.50,17.25,18.50,16.00,16.50,16.50,17.75,17.25,17.75,17.75,17.75,17.75,16.75,17.25,16.75,18.00,17.50,18.50,19.00,17.00,17.50,17.25,16.75,17.75,18.25,17.00,}
T=18.25
{18.00,18.25,17.50,17.25,18.25,17.25,17.50,17.75,18.00,17.50,17.00,16.75,17.00,16.25,17.50,18.75,18.25,16.25,15.50,16.25,17.75,18.00,17.50,17.50,16.25,17.00,16.50,16.75,17.25,18.00,17.50,18.00,17.75,17.25,17.00,16.50,17.75,17.50,18.25,17.25,19.00,17.25,16.75,16.50,16.50,17.75,17.25,18.25,17.25,17.75,17.75,17.25,17.25,17.00,17.50,17.75,17.50,16.25,16.50,16.50,17.25,17.75,18.25,18.00,}
T=18.31
{18.25,17.50,18.50,17.50,18.25,18.25,18.75,18.50,18.25,16.00,17.50,17.25,16.00,18.00,17.00,18.25,17.25,17.75,16.00,17.25,16.75,16.50,18.00,17.75,17.25,17.50,16.25,16.25,17.25,17.75,17.75,17.75,16.75,17.25,16.25,17.50,17.50,17.25,18.00,17.25,17.25,16.50,17.00,16.75,16.75,16.75,16.75,16.50,17.75,17.50,17.50,17.25,16.50,17.25,16.75,18.25,18.75,17.50,16.25,17.00,17.75,16.50,17.75,18.25,}
T=18.18
{17.75,17.00,17.25,16.00,17.75,17.75,19.00,19.25,18.00,17.25,16.75,17.00,16.75,17.25,17.75,18.75,17.50,16.50,16.50,16.50,17.00,18.25,16.75,18.00,18.00,17.50,17.25,16.25,16.25,16.50,18.25,19.75,17.75,17.00,16.25,17.00,16.50,17.00,18.25,18.75,18.25,17.25,16.50,16.25,17.00,17.50,16.75,17.25,17.75,17.50,17.50,17.00,17.75,17.00,17.50,17.50,17.25,17.00,17.50,17.00,17.50,17.75,18.25,18.00,}
T=18.25
{18.25,17.50,17.75,17.25,18.25,17.50,18.75,19.00,17.75,18.00,17.75,17.50,17.00,17.25,16.75,17.75,18.00,16.50,16.25,15.75,16.75,16.75,17.75,18.75,16.50,17.75,16.00,16.50,16.00,17.50,18.00,21.00,18.00,17.25,15.50,16.75,17.50,17.00,18.25,20.50,18.75,16.75,16.50,16.25,17.50,16.75,17.25,17.00,16.75,17.00,16.25,17.00,17.50,17.50,17.75,18.50,17.75,17.75,17.25,17.50,17.50,18.25,18.50,18.75,}
T=18.31
{19.50,17.75,18.50,16.25,19.00,17.50,18.50,18.50,18.25,17.00,17.50,17.00,17.25,17.25,17.75,18.00,17.50,17.25,16.75,17.00,17.25,17.50,17.75,18.75,17.75,17.75,17.25,16.50,17.50,17.25,19.25,20.75,18.50,16.75,17.25,16.75,16.50,17.25,18.25,20.00,19.00,16.50,17.25,17.75,17.25,19.00,17.25,17.75,16.75,17.50,18.25,17.75,17.50,17.75,18.00,19.00,17.75,17.25,16.75,16.25,18.25,16.75,18.25,18.00,}
T=18.25
{17.25,17.75,17.75,15.50,16.50,18.75,17.50,18.50,17.50,17.75,17.25,17.00,17.00,18.00,17.00,18.75,18.00,16.50,16.25,16.25,16.75,17.75,17.25,16.75,15.75,17.50,16.75,16.25,17.00,17.00,20.00,19.00,17.25,16.75,16.25,16.50,16.75,17.25,20.00,20.25,17.25,17.50,16.25,17.25,17.25,17.75,18.25,18.25,17.00,18.25,17.25,18.00,18.50,17.75,16.75,18.50,17.50,16.50,17.00,16.00,17.00,17.25,19.25,18.75,}
T=18.25
{19.00,18.00,17.75,16.00,17.75,17.00,18.25,19.25,18.25,16.75,17.50,16.50,17.00,17.25,18.00,17.25,17.75,16.00,16.50,17.50,16.75,17.50,17.25,18.00,17.00,17.50,17.25,16.75,17.50,18.50,18.00,17.75,17.75,17.25,17.00,16.50,17.00,20.50,21.00,17.75,19.00,16.75,16.75,17.00,17.50,18.50,20.00,18.75,17.00,17.00,17.50,16.75,18.25,17.50,17.75,17.25,17.75,16.75,15.75,16.50,17.75,18.00,17.75,18.75,}
T=18.25
{19.00,17.75,18.00,17.00,18.50,17.00,17.25,19.00,18.25,16.75,17.25,18.00,17.00,17.25,17.00,17.75,17.75,17.00,16.50,16.50,17.00,17.25,17.75,17.25,17.00,17.75,16.75,16.50,17.50,18.75,16.75,18.00,18.25,16.75,15.75,17.00,19.00,20.50,18.50,18.00,19.00,17.25,17.25,17.25,17.00,18.75,19.50,16.75,17.50,17.75,18.00,17.00,17.50,18.25,17.75,18.50,18.00,17.00,17.25,18.25,16.50,18.25,18.50,17.75,}
T=18.18
{19.25,17.25,17.50,16.25,17.25,18.00,16.50,19.00,17.75,17.25,17.25,17.25,16.75,17.50,17.50,18.00,17.75,16.75,17.25,17.25,18.00,17.75,18.00,17.25,16.75,16.75,16.00,15.50,17.50,17.50,18.00,17.50,18.25,17.00,16.25,18.50,19.25,19.25,17.50,17.25,17.75,17.00,16.50,17.75,18.25,19.75,17.50,16.75,17.25,18.50,17.75,16.75,17.50,18.75,18.00,17.75,18.25,16.75,16.75,16.75,17.25,18.25,18.75,17.75,}
T=18.31
{19.75,18.00,19.00,18.00,18.25,17.75,19.00,18.50,17.50,18.00,17.25,17.50,17.25,17.75,16.25,17.75,17.25,17.00,16.50,17.00,16.50,17.25,17.25,17.50,17.75,17.50,16.00,17.25,17.00,17.50,16.75,17.50,17.50,17.50,17.00,19.00,19.00,18.75,18.25,18.00,17.75,17.75,17.50,19.75,20.25,18.75,16.75,17.25,17.50,17.00,18.50,17.50,18.25,17.25,18.00,18.75,17.75,18.25,16.75,17.25,17.25,18.25,19.00,18.75,}
T=18.25
{17.25,17.25,18.00,16.25,17.50,18.00,18.00,18.75,18.00,17.00,17.50,17.50,17.50,17.25,17.50,19.00,17.50,16.75,16.25,16.25,16.50,17.00,17.25,17.25,18.50,17.00,17.00,16.50,16.75,17.50,17.75,17.75,18.25,16.75,18.00,20.25,17.25,17.50,18.00,16.25,18.50,17.50,19.00,21.00,18.00,18.25,17.75,17.75,18.25,17.25,18.50,18.25,18.00,18.25,17.75,18.50,19.25,17.25,18.00,16.75,18.00,18.00,19.00,16.50,}
T=18.31
{18.25,18.00,17.75,17.50,18.50,17.50,17.50,20.00,18.25,17.25,17.25,17.75,16.75,16.50,17.50,18.00,18.25,16.25,16.50,17.00,17.00,15.75,16.75,18.25,16.75,17.50,18.00,16.25,17.00,17.75,18.25,17.00,17.75,17.50,19.25,17.75,17.25,17.25,17.00,17.75,17.75,18.75,21.00,19.50,17.50,17.50,17.50,17.00,17.75,17.75,19.00,17.50,17.25,17.75,17.25,18.25,18.50,17.50,15.75,17.75,16.00,17.75,17.50,19.00,}
T=18.25
{19.00,18.50,18.25,17.75,18.75,18.00,18.00,18.75,17.75,17.50,17.50,16.75,17.25,17.50,17.25,18.75,18.50,16.50,17.00,17.00,17.50,17.50,17.00,17.25,17.75,17.50,16.50,16.75,16.75,16.50,18.00,17.25,18.25,16.75,20.00,18.00,17.00,18.25,18.00,17.50,19.25,20.50,21.00,18.00,17.50,17.50,17.25,17.25,17.50,17.75,18.75,16.75,18.00,18.00,17.75,18.25,17.75,18.50,16.75,17.25,17.25,19.00,17.50,19.00,}
T=18.31
{19.25,17.25,18.00,17.00,17.50,18.00,17.25,18.50,18.00,17.25,16.75,17.75,17.25,18.00,17.50,17.50,18.25,17.75,16.25,16.50,17.25,17.75,17.25,17.75,17.75,17.75,17.50,16.75,17.75,17.50,17.75,17.25,19.00,19.00,16.75,17.00,16.50,18.00,17.75,18.00,20.50,21.50,19.25,17.50,17.50,17.00,17.75,16.75,19.50,19.75,18.00,17.00,17.50,17.50,18.00,19.00,18.50,16.75,17.75,17.50,17.25,18.25,18.00,18.00,}
T=18.25
{19.00,18.00,18.00,16.75,18.00,17.50,17.00,19.25,17.00,17.75,18.00,17.25,17.50,18.00,17.25,18.75,16.75,16.50,16.00,17.00,17.00,17.50,17.25,18.00,17.00,17.50,17.25,16.25,16.75,16.75,17.50,16.50,19.25,18.75,16.50,17.00,17.75,17.50,18.00,17.75,22.25,20.50,17.00,16.25,17.00,17.00,17.00,16.75,19.25,17.25,17.50,16.50,16.50,18.25,17.00,18.25,18.75,18.00,15.50,15.75,17.00,17.50,17.50,17.25,}
T=18.25
{18.00,17.75,18.50,16.00,18.25,17.50,18.25,19.25,18.50,17.00,17.25,17.25,16.75,17.50,18.00,18.00,18.25,16.25,17.00,16.00,17.00,18.25,17.25,17.00,16.75,18.25,17.25,16.75,17.25,17.25,17.25,17.25,19.50,18.50,16.00,16.00,17.75,17.00,18.00,18.00,21.75,19.00,18.00,17.50,17.25,17.75,17.25,17.50,18.25,18.50,18.50,17.50,17.75,17.00,17.25,18.50,19.25,17.25,17.75,17.00,17.50,17.50,17.75,18.00,}
T=18.18
{18.50,17.25,18.50,17.00,18.25,17.00,18.00,19.00,17.25,17.75,17.25,17.25,16.25,17.00,17.75,19.00,17.50,16.50,16.50,17.00,16.75,17.25,17.50,17.25,17.75,17.25,16.75,17.00,17.75,16.75,18.00,17.25,20.25,17.75,16.50,17.50,17.75,18.00,18.50,17.25,21.25,18.25,17.50,16.00,17.50,17.75,17.50,17.75,18.00,18.75,17.50,17.50,17.25,18.75,18.25,18.50,18.00,17.00,16.50,16.75,17.00,17.50,18.50,18.25,}
T=18.31
{18.75,17.25,18.75,16.50,18.25,17.50,18.25,18.75,18.75,16.75,16.50,17.00,17.75,17.25,17.00,17.50,16.75,16.75,16.25,16.00,17.50,18.00,16.25,17.75,16.75,17.75,16.75,16.50,17.00,18.00,17.75,18.50,19.00,17.00,16.75,16.50,17.25,17.50,17.50,18.00,19.25,16.75,16.75,16.50,17.75,18.25,17.00,17.25,18.00,17.50,17.50,16.75,18.00,18.00,17.00,17.75,17.75,17.25,16.25,17.00,17.00,18.50,17.75,18.25,}
T=18.25
{18.25,16.25,18.00,16.25,18.00,17.00,18.00,18.25,18.25,17.50,17.25,16.75,17.00,17.50,17.50,18.25,18.50,17.25,17.00,16.25,17.50,17.50,17.50,18.00,16.75,17.00,17.00,17.00,17.50,16.75,18.25,17.25,19.50,17.50,17.25,16.75,17.50,17.50,17.50,17.25,18.75,17.50,16.75,17.00,17.25,17.25,17.25,17.00,18.25,17.25,17.75,17.00,17.50,17.75,17.00,17.75,17.50,17.00,17.75,16.50,17.25,17.75,18.75,16.50,}
T=18.18
{18.75,17.25,17.75,17.00,18.00,18.00,18.75,18.75,18.00,17.25,17.50,16.50,16.75,16.75,17.00,18.00,17.00,16.25,16.50,16.50,17.50,17.00,17.25,17.25,16.75,17.50,17.25,16.25,17.50,17.00,18.00,17.50,19.00,16.50,16.00,17.50,16.75,17.75,18.75,18.00,18.50,17.50,17.50,17.00,17.00,18.75,17.50,17.25,17.75,17.25,17.75,18.00,17.50,18.00,17.50,18.50,17.75,16.00,16.75,16.75,17.50,17.25,18.50,17.50,}
T=18.25
{18.75,17.25,17.75,16.25,18.50,18.00,17.25,19.25,18.50,17.75,17.75,17.50,16.25,18.00,18.00,18.25,18.00,16.75,16.50,16.50,16.75,17.25,17.25,18.25,17.25,17.75,17.25,16.75,16.75,17.25,17.75,18.25,18.75,17.25,16.50,16.50,17.75,17.50,18.25,18.00,18.75,17.00,16.50,16.75,16.00,17.25,17.00,17.25,18.50,18.00,17.00,17.25,17.50,17.50,18.25,18.25,18.75,17.50,17.00,17.25,17.25,16.75,19.00,17.50,}
T=18.31
{19.00,17.50,18.25,16.50,18.25,18.75,18.50,19.25,18.25,17.25,17.75,17.75,16.75,18.25,16.75,18.75,18.25,16.75,16.25,16.75,18.00,17.25,17.25,18.00,18.00,18.25,17.50,16.25,16.25,17.25,18.00,18.25,19.50,18.00,16.75,17.00,17.50,17.50,18.75,17.25,19.25,17.00,17.50,17.00,18.75,18.25,17.75,18.25,18.75,17.00,18.50,17.50,17.75,16.25,18.75,18.00,18.50,17.75,16.50,17.50,17.50,17.25,18.25,18.25,}
T=18.31
{18.75,16.75,18.00,16.75,18.00,18.00,17.50,19.25,18.25,17.50,17.75,17.50,18.00,17.25,17.75,17.50,18.50,16.75,17.25,17.25,17.50,17.50,18.00,18.00,17.00,18.00,17.25,17.50,17.50,17.75,18.25,17.75,19.00,17.25,17.00,17.00,17.25,17.75,17.75,17.25,18.25,17.00,17.25,16.25,17.50,18.00,18.50,17.50,17.25,17.75,17.75,17.75,17.75,18.00,16.75,18.75,17.75,17.25,16.75,17.50,17.50,18.00,17.50,19.25,}
T=18.31
{17.25,18.00,17.50,16.50,18.25,16.75,18.00,18.75,18.25,17.50,17.25,17.25,16.75,18.75,17.75,19.00,17.25,17.50,16.50,17.25,17.50,17.50,17.25,18.50,17.00,18.00,17.00,16.75,17.25,17.25,18.00,17.50,18.50,17.75,16.25,17.50,17.25,17.50,17.75,17.75,18.75,16.75,17.75,16.75,17.50,17.50,17.50,17.50,18.25,16.25,17.00,17.50,17.00,18.00,17.50,18.25,19.00,16.50,16.50,16.75,16.25,17.25,17.75,17.50,}
T=18.31
{19.00,16.50,18.25,16.50,18.75,18.75,17.25,18.75,17.75,17.75,16.75,17.50,17.25,17.50,16.75,18.50,17.75,17.25,16.50,17.75,17.75,17.50,18.25,18.50,17.50,18.00,16.50,16.25,17.75,17.50,17.50,16.75,18.00,17.75,16.00,16.75,17.50,18.50,18.25,17.75,18.50,16.75,17.25,17.00,17.50,17.75,18.00,18.00,18.25,17.75,17.75,17.50,17.50,18.00,17.50,18.00,18.25,17.50,17.50,17.50,17.50,18.50,19.00,18.00,}
T=18.31
{19.00,18.25,17.75,16.75,18.50,18.25,17.75,18.75,18.00,17.50,17.25,17.25,16.75,17.25,17.00,18.25,18.00,16.75,16.50,17.00,18.00,17.75,17.50,17.50,17.75,18.00,17.50,17.25,17.25,17.50,18.50,17.50,18.75,17.50,15.75,17.00,17.50,17.50,17.75,17.25,18.50,16.50,18.00,16.50,18.75,17.75,17.00,17.50,18.00,17.75,17.25,18.75,16.50,17.00,17.50,18.00,17.50,16.50,17.25,16.50,16.25,18.50,17.75,17.75,}
T=18.25
{18.50,17.75,17.50,17.25,17.75,18.25,17.50,18.75,18.75,18.25,17.25,17.50,17.00,18.25,18.25,18.25,17.25,17.25,16.25,16.75,17.75,17.75,17.75,18.00,16.25,17.25,17.00,17.00,17.75,17.50,18.00,18.00,18.75,17.75,16.25,17.00,16.50,17.50,17.75,17.50,17.50,17.25,17.25,16.50,16.50,17.50,17.25,17.25,18.75,17.75,17.75,17.50,17.75,18.75,17.00,18.00,18.25,17.25,16.75,17.50,18.00,18.00,18.25,18.00,}
T=18.25
{18.50,16.75,17.25,15.75,18.25,18.25,18.50,18.50,18.25,17.25,17.50,17.00,17.00,18.00,16.75,17.25,17.75,16.25,17.00,16.50,17.50,17.25,17.75,18.25,17.00,18.25,16.75,17.00,17.00,16.75,18.25,17.50,18.25,17.50,17.00,16.50,17.50,16.75,18.50,17.50,19.00,17.25,16.75,16.25,17.50,17.75,17.25,18.25,16.75,17.00,17.50,17.00,17.50,17.75,17.75,19.50,18.25,18.50,17.00,17.50,17.00,18.50,18.00,18.50,}
T=18.31
{18.00,17.00,17.75,16.75,19.50,18.00,18.50,18.25,18.50,16.50,16.50,17.00,17.00,18.00,17.75,18.25,18.00,17.50,16.75,17.00,17.75,17.00,17.75,17.75,17.50,18.25,17.25,17.25,17.50,17.25,18.00,18.00,19.50,17.75,16.50,16.75,17.50,17.75,17.75,17.75,18.25,17.25,17.25,17.75,17.50,16.50,17.25,16.50,18.00,16.75,18.50,17.25,18.00,17.00,18.00,19.50,19.00,17.00,17.25,16.50,16.25,18.25,18.50,18.25,}
T=18.31
{18.50,17.75,18.50,16.75,18.25,18.50,18.50,19.25,18.25,18.00,17.50,18.00,16.00,17.50,17.75,18.25,17.75,17.00,17.00,17.00,16.75,17.25,18.00,17.75,16.50,18.00,16.75,16.50,17.00,17.75,17.75,18.00,18.50,17.50,16.25,17.25,17.50,18.25,18.50,18.00,18.50,17.25,17.00,16.50,17.00,17.50,17.25,17.75,17.75,18.25,17.25,17.75,17.25,17.75,17.00,18.50,18.50,17.00,17.25,16.50,17.25,18.50,18.25,18.25,}
T=18.31
{19.25,17.25,17.75,16.00,17.50,18.00,18.75,18.75,18.50,17.75,16.50,17.00,17.00,18.00,17.75,18.50,16.75,17.00,16.25,16.75,17.75,17.75,17.25,16.75,16.75,17.00,17.50,16.50,16.75,16.75,17.25,17.50,18.50,17.00,16.00,17.75,17.75,17.50,17.75,17.75,18.25,17.50,17.25,17.00,17.25,17.25,18.00,18.00,18.50,18.25,17.00,18.00,17.75,18.50,18.25,18.00,18.25,17.50,17.50,16.25,17.25,19.00,17.75,17.25,}
T=18.31
{18.75,16.50,17.50,16.50,18.00,17.25,18.75,18.25,18.25,17.25,18.25,16.50,17.00,17.25,17.75,17.75,17.25,16.25,16.50,16.25,17.25,17.75,17.25,18.00,18.00,18.00,17.00,16.75,17.25,16.75,16.75,17.50,19.00,17.50,17.00,17.00,17.00,18.00,17.75,17.00,18.25,18.00,17.00,16.00,17.25,17.75,17.50,17.25,18.00,17.50,17.25,16.50,17.50,17.50,17.25,18.00,18.50,17.50,17.00,16.75,17.25,17.25,18.75,18.25,}
T=18.25
{18.00,17.75,18.25,17.00,18.00,17.75,17.00,19.75,18.25,17.00,17.25,16.75,17.25,17.75,17.50,19.50,17.75,16.00,16.25,17.75,17.25,17.00,18.50,18.00,17.75,17.75,17.00,17.25,17.25,17.00,17.25,18.00,19.00,17.75,16.25,16.50,17.50,17.50,18.75,17.25,19.25,18.00,17.00,16.50,16.75,17.50,17.75,17.75,18.25,18.25,17.75,17.25,17.50,17.75,17.50,17.75,17.75,17.50,17.25,16.25,16.25,17.50,17.50,18.75,}
T=18.25
{17.50,17.50,17.75,16.25,18.25,18.00,17.50,19.00,18.00,17.25,17.75,17.25,17.75,17.50,17.75,18.75,17.75,16.75,16.75,16.50,17.75,17.75,17.75,17.75,16.75,17.00,17.25,17.00,17.75,16.25,18.25,17.00,19.50,17.50,17.75,16.50,16.50,17.25,18.00,17.00,20.50,18.00,17.25,16.25,17.25,17.25,17.50,18.50,17.00,17.75,18.50,17.00,17.50,17.75,18.00,17.50,18.00,18.75,17.25,17.50,17.00,17.75,18.75,19.75,}
T=18.25
{17.75,18.50,18.00,17.00,18.00,17.75,17.75,18.25,18.00,17.75,17.00,17.25,16.50,16.75,17.50,17.50,17.75,17.00,16.50,17.25,17.00,18.00,17.50,17.75,17.00,17.25,17.00,16.00,17.00,17.75,18.00,18.00,19.50,18.25,16.50,17.00,17.00,17.50,18.25,16.75,19.75,17.25,17.00,16.00,17.00,17.25,17.00,17.25,18.00,18.00,17.00,17.75,16.75,17.75,17.00,18.25,18.00,18.00,18.00,17.00,16.50,17.75,18.75,17.50,}
T=18.25
{19.50,18.00,18.00,16.75,18.25,18.00,18.25,19.00,16.75,17.00,17.75,17.50,16.75,17.25,17.00,18.25,18.00,16.75,16.75,16.25,17.00,17.00,17.25,17.75,17.50,17.50,17.75,16.50,17.50,16.25,17.00,16.75,19.25,17.50,16.75,16.50,17.00,17.00,18.25,17.75,21.25,18.25,17.00,17.00,17.50,17.25,17.50,17.50,19.75,17.75,17.75,16.25,17.25,17.00,17.50,17.25,18.25,17.50,17.25,16.50,17.25,17.50,19.00,17.25,}
T=18.31
{17.75,16.25,17.50,17.00,17.00,18.00,16.75,18.25,19.00,17.50,16.50,17.50,16.75,17.50,17.00,17.75,18.50,15.25,17.00,16.25,17.00,17.25,17.25,17.25,17.25,17.75,16.25,17.25,16.00,17.75,17.75,17.25,17.50,17.00,16.25,16.50,17.25,17.50,18.50,17.50,20.50,19.00,17.25,17.25,17.25,17.75,17.25,17.25,21.00,18.00,18.25,16.75,17.25,17.25,17.00,17.75,17.75,18.00,17.25,17.25,16.50,17.50,17.75,17.25,}
T=18.25
{18.75,18.00,17.75,16.50,17.75,18.50,17.25,18.00,17.75,17.00,17.25,16.75,16.50,17.25,17.75,17.50,18.50,17.25,17.00,16.25,16.75,17.50,18.00,17.00,17.00,17.50,16.75,16.50,17.00,17.25,18.25,17.50,18.00,17.75,17.00,16.75,17.75,17.25,17.75,17.50,19.50,18.75,17.25,17.00,17.50,17.75,17.00,18.50,20.25,19.75,18.00,17.00,17.75,17.00,17.25,17.25,18.25,16.50,16.50,16.00,16.75,17.00,18.00,18.00,}
T=18.31
{18.50,16.75,18.50,16.75,17.50,17.50,18.00,18.00,17.75,17.75,17.00,17.25,16.50,17.25,17.75,17.50,18.50,16.75,17.25,16.75,17.00,17.25,17.00,17.75,17.75,16.75,16.75,16.50,17.50,17.25,17.75,16.75,17.25,17.25,17.25,17.75,16.75,17.25,18.00,17.25,18.25,18.75,17.75,16.75,17.50,18.00,17.50,18.00,19.00,20.25,19.75,16.75,17.50,17.75,16.75,16.75,18.25,18.50,17.25,16.75,17.75,17.75,17.75,18.25,}
T=18.25
{18.00,17.50,18.00,17.25,18.00,17.75,17.50,19.00,18.25,16.25,17.25,17.25,17.00,16.75,17.75,18.50,17.50,17.25,17.00,17.00,17.75,18.25,17.50,17.75,16.00,16.50,16.25,16.25,16.75,17.75,17.75,16.75,18.00,16.50,17.00,17.00,17.00,17.25,19.00,17.25,18.75,18.75,17.50,17.25,16.75,17.25,16.75,17.25,18.50,19.75,20.25,17.25,17.75,17.00,16.25,18.25,18.75,18.25,17.25,17.50,17.00,17.50,17.50,18.00,}
T=18.25
{17.75,17.25,17.50,15.75,17.25,17.75,18.00,19.00,17.75,17.25,17.00,16.75,17.50,17.25,17.25,19.25,17.50,17.25,16.25,16.25,16.75,17.25,17.50,16.25,17.50,18.00,16.00,17.25,16.75,17.00,16.50,18.25,17.25,17.75,16.75,17.00,17.25,17.00,18.00,17.25,19.00,17.75,19.25,17.00,17.25,18.50,17.00,16.50,17.50,18.50,20.25,19.50,18.00,17.50,17.00,18.00,18.50,16.75,18.75,17.25,17.75,17.25,17.75,17.25,}
T=18.31
{18.50,17.25,17.75,16.75,18.25,17.50,17.50,19.25,18.25,17.00,17.25,17.50,17.25,17.25,17.00,18.50,17.50,16.50,16.75,16.75,17.50,17.00,17.00,18.25,17.00,17.50,16.75,16.50,17.25,16.75,16.50,17.75,18.75,17.25,17.50,17.00,17.25,17.75,18.50,18.00,18.50,17.50,19.50,19.00,17.75,17.50,16.00,17.00,17.50,17.00,18.00,20.25,18.50,18.00,18.25,18.00,18.25,17.00,17.25,16.75,17.00,17.50,17.75,16.75,}
T=18.25
{18.75,17.50,18.25,16.00,18.25,17.75,18.00,17.25,17.25,17.25,17.25,17.25,16.50,17.25,17.00,17.50,17.50,17.00,16.25,15.75,16.75,17.50,17.50,17.75,17.25,16.75,17.25,16.25,17.00,17.25,17.25,17.00,18.00,16.50,16.75,17.00,17.50,16.75,17.75,17.00,18.00,17.00,18.50,19.00,18.25,16.25,16.75,17.00,18.00,17.00,18.50,20.00,19.25,17.75,17.50,18.25,18.75,17.25,16.25,16.50,17.25,17.75,19.00,17.25,}
T=18.25
{18.75,17.00,18.00,16.00,18.00,18.00,18.50,18.25,18.50,17.50,17.25,17.00,16.75,18.25,17.50,18.25,18.00,16.75,16.00,17.25,16.25,17.75,16.75,17.50,17.50,17.25,16.75,16.75,17.00,17.75,18.25,17.50,17.75,17.00,16.75,17.75,17.50,17.75,17.50,16.25,19.00,17.75,17.25,18.75,20.50,18.50,16.75,17.25,19.00,17.25,17.00,16.75,18.25,17.75,17.50,18.00,18.75,17.25,17.50,16.00,17.50,18.00,18.75,17.25,}
T=18.25
{18.00,17.25,17.00,16.50,18.75,17.75,17.25,18.00,18.50,17.25,17.00,16.50,16.50,17.50,17.00,18.50,16.75,16.75,16.50,15.75,17.50,16.75,18.25,18.00,16.75,18.00,16.75,17.25,17.75,17.75,17.25,18.00,17.50,17.25,17.25,18.00,20.50,19.00,18.50,17.75,18.50,17.00,17.75,17.50,19.25,19.00,17.00,18.75,18.00,17.25,18.25,16.50,17.75,18.00,17.25,18.50,18.75,17.50,16.75,17.25,17.25,18.25,18.50,19.25,}
T=18.18
{19.75,17.00,18.00,15.75,18.75,17.75,19.25,18.00,17.75,16.75,16.50,15.75,16.75,17.00,17.00,18.25,18.25,16.75,16.00,16.00,16.75,16.75,18.00,16.75,17.50,17.00,17.00,16.25,18.50,18.50,17.50,16.50,17.75,16.75,16.00,16.75,20.50,21.50,18.00,17.25,18.25,17.00,17.00,18.00,18.25,18.75,17.75,17.75,18.50,17.50,18.00,17.00,17.50,18.00,17.75,17.75,19.25,16.25,16.50,17.50,16.00,17.50,18.25,18.00,}
T=18.31
{18.75,17.50,17.25,15.75,18.75,18.50,18.50,18.75,18.00,17.00,17.00,17.25,17.50,17.50,17.50,18.25,18.00,16.25,17.00,16.75,16.75,19.50,17.75,17.75,18.00,17.25,17.25,16.75,19.75,21.25,18.50,17.50,18.25,17.50,16.25,17.75,18.25,20.75,18.50,17.75,19.25,17.00,16.50,16.25,18.00,18.00,17.50,18.00,17.75,17.75,18.50,16.50,18.00,17.50,18.25,18.25,18.75,16.00,17.25,16.50,17.00,17.00,18.50,18.75,}
T=18.31
{19.50,17.00,19.00,15.75,18.75,18.75,19.75,18.00,18.75,16.75,17.75,17.25,17.25,18.25,18.25,17.75,18.00,16.25,17.00,15.50,18.50,18.25,18.25,18.25,17.00,18.00,17.25,17.00,18.50,22.00,19.75,17.75,18.00,16.50,16.25,16.50,17.00,18.25,19.50,16.75,18.00,17.00,17.00,17.25,17.50,17.25,17.25,17.50,18.00,17.50,17.50,17.00,17.50,17.75,17.75,18.00,18.50,17.00,15.75,17.25,18.00,17.50,19.25,18.50,}
T=18.31
{18.00,18.25,18.25,16.00,18.00,18.00,17.50,19.00,17.25,16.25,17.00,17.50,17.25,18.25,17.75,18.50,18.00,16.75,16.75,16.25,17.00,20.25,20.25,18.75,17.25,17.50,16.25,17.00,17.00,20.00,21.50,18.25,17.50,16.75,16.00,17.00,17.00,17.25,18.25,17.75,18.50,17.00,17.00,16.50,17.75,18.50,17.50,16.50,18.75,17.50,17.75,16.50,17.25,17.25,17.75,17.50,17.75,17.75,16.25,16.75,16.25,18.00,17.25,19.00,}
T=18.31
{17.75,18.25,18.50,17.00,18.00,18.00,17.25,18.00,17.75,16.75,17.75,17.00,16.25,17.25,17.75,19.00,18.25,16.50,16.75,16.25,16.75,18.25,21.25,21.00,17.50,17.25,16.25,16.25,17.50,17.25,20.75,19.00,17.25,17.75,16.00,17.00,17.00,17.75,18.00,18.00,18.25,17.25,17.25,17.00,17.50,17.75,18.00,17.75,17.75,17.00,17.75,16.50,17.75,18.00,17.00,18.25,17.75,17.00,16.50,16.25,17.25,17.50,18.50,18.50,}
T=18.25
{17.25,18.00,17.00,17.00,18.00,18.50,18.50,19.50,18.50,17.50,17.50,17.00,17.50,18.25,18.50,20.00,17.25,16.75,16.25,16.75,17.00,18.00,21.00,20.00,17.25,17.50,16.25,17.00,16.50,17.50,19.25,19.00,18.25,17.50,16.25,17.25,18.00,17.50,16.75,17.50,18.75,17.25,16.75,16.50,17.00,17.00,16.75,16.50,17.50,16.75,18.50,16.75,17.75,17.50,17.00,17.50,18.75,16.25,18.00,16.50,17.00,17.50,18.50,17.50,}
T=18.31
{19.25,16.75,18.50,16.75,18.50,17.50,19.00,19.50,17.75,16.50,16.50,17.25,17.50,18.50,19.00,22.00,18.50,17.50,17.00,16.75,17.00,17.75,20.00,21.75,16.25,17.00,16.50,15.75,17.50,17.50,18.00,18.00,17.25,17.25,16.75,17.00,17.00,17.50,17.75,16.75,18.50,17.00,16.75,17.50,17.00,17.50,17.50,17.50,17.75,16.75,18.25,17.00,18.00,17.75,17.50,16.75,18.50,17.75,16.75,16.75,17.50,18.00,17.75,18.00,}
T=18.31
{18.25,17.00,17.50,17.00,19.25,17.50,18.75,18.75,17.50,16.75,17.00,16.75,17.00,16.50,18.75,22.00,18.00,17.75,17.00,16.75,17.25,16.75,18.75,19.00,17.25,17.25,17.00,17.00,17.75,17.25,17.25,17.00,18.25,17.50,15.50,16.75,16.75,17.50,17.75,17.50,18.25,16.75,17.25,16.50,17.00,17.25,16.75,17.00,17.25,17.00,18.25,16.25,17.25,17.25,17.75,18.25,18.00,17.25,16.25,16.75,17.00,17.75,17.75,18.25,}
T=18.25
{19.25,16.75,18.00,15.75,17.75,18.25,18.00,19.75,17.75,17.75,17.25,17.00,17.25,18.25,19.00,21.00,17.75,15.75,17.00,16.75,17.00,17.50,17.50,18.75,16.75,17.50,16.75,17.00,17.25,17.25,17.50,17.50,18.25,17.00,16.75,16.75,17.50,18.25,18.50,18.75,19.25,16.75,17.00,17.25,17.00,17.75,17.50,17.25,18.00,17.75,17.25,17.50,17.25,17.50,17.00,16.75,18.50,17.25,17.50,18.00,17.25,17.50,19.25,17.75,}
T=18.25
{19.25,17.75,17.75,16.75,17.75,17.25,18.25,20.75,17.75,17.75,17.50,17.50,16.50,17.25,18.50,20.50,17.00,16.75,16.75,16.50,17.25,17.25,17.50,19.00,17.00,17.00,16.50,16.25,16.75,17.00,17.75,18.00,19.00,16.50,16.25,17.00,17.25,17.25,17.25,16.50,18.75,16.50,17.50,17.25,17.50,18.25,18.00,17.75,18.75,17.50,17.75,16.25,17.75,18.25,17.25,19.00,17.50,17.50,17.50,17.25,17.75,17.25,18.50,18.25,}
T=18.31
{18.75,17.50,18.50,17.00,18.50,18.25,18.00,20.75,18.25,18.25,16.75,17.25,18.00,18.50,17.50,21.25,17.25,17.25,16.25,15.75,18.00,17.00,19.50,19.25,17.50,17.00,16.75,17.25,16.75,18.25,17.00,17.50,17.50,17.00,16.00,16.25,17.00,17.25,18.25,17.00,17.75,17.25,17.25,16.00,16.00,17.75,16.75,17.00,17.00,17.00,17.25,16.75,17.00,17.50,16.75,16.75,17.25,17.50,17.00,16.50,15.75,18.00,17.25,16.75,}
T=18.18
{17.50,18.00,16.75,17.25,18.25,18.50,18.25,21.25,18.00,17.50,17.25,17.25,17.00,17.00,17.00,21.50,17.75,15.75,16.00,16.75,17.00,17.00,18.25,18.50,17.25,17.50,16.50,15.75,17.25,16.25,17.00,16.75,18.50,17.25,17.00,16.25,17.75,17.25,18.00,18.00,18.50,17.00,17.25,16.75,17.75,17.00,17.25,17.25,17.50,17.50,17.25,16.75,17.25,18.00,18.25,18.75,17.75,16.75,16.50,17.25,17.00,17.00,18.50,17.25,}
T=18.25
{18.00,17.00,17.00,17.00,18.25,18.25,17.75,19.50,19.25,17.00,17.75,18.25,17.00,17.75,18.25,20.75,17.75,17.25,17.00,16.50,17.75,18.00,18.50,18.50,17.25,17.25,16.50,16.75,17.25,17.00,17.75,17.25,18.25,17.00,16.25,16.00,17.00,16.75,18.50,17.00,17.75,16.50,17.00,16.75,17.50,17.00,18.00,17.25,17.25,16.25,17.25,16.50,17.00,18.00,17.50,18.50,18.00,16.50,17.00,17.25,16.75,17.25,17.75,18.75,}
T=18.18
{18.25,17.00,17.75,16.25,17.50,18.25,17.75,18.75,17.25,16.75,17.75,16.75,16.50,17.75,19.00,21.25,17.75,17.00,16.75,16.50,17.00,17.25,18.25,19.25,17.00,17.75,16.00,16.25,17.50,17.00,17.25,17.50,17.25,17.00,15.75,17.00,16.25,16.75,17.25,17.75,17.75,16.75,17.25,17.75,17.50,17.50,17.00,17.50,17.00,16.75,17.25,17.00,17.25,18.25,16.25,18.25,18.00,18.00,16.75,16.75,16.25,16.75,18.75,17.25,}
T=18.25
{18.50,18.75,18.75,17.25,19.50,18.50,19.25,19.75,18.25,16.75,16.75,17.25,17.00,17.75,20.00,21.25,18.00,16.75,16.50,16.75,17.25,17.75,18.25,18.75,17.50,18.00,17.00,17.25,16.75,18.00,17.75,16.75,17.50,16.25,15.75,16.75,16.50,17.50,17.75,17.25,17.75,17.00,16.50,16.50,17.50,16.75,17.00,17.25,17.00,17.00,16.75,17.50,18.00,17.25,17.50,17.25,18.25,17.50,17.50,16.50,17.50,17.25,18.00,18.25,}
T=18.25
{18.25,17.25,18.00,16.25,18.00,18.75,18.50,19.25,17.75,16.50,17.50,16.50,16.50,18.00,19.00,21.00,17.25,16.75,16.50,16.25,17.25,18.25,18.50,19.25,17.00,17.00,16.75,16.50,16.75,17.00,17.50,16.50,19.00,17.25,17.00,16.50,16.50,18.00,17.00,16.75,17.75,17.00,16.50,17.00,17.50,17.25,17.50,16.50,17.50,16.25,17.50,16.75,17.25,18.00,17.00,19.50,18.75,16.50,16.75,16.00,16.50,17.25,17.25,16.00,}
T=18.31
{18.50,16.75,17.75,17.00,17.75,17.75,18.25,19.00,18.25,18.25,17.75,16.50,17.00,17.75,19.25,20.75,17.25,17.25,16.50,16.25,17.00,16.50,19.00,19.25,16.00,17.25,16.00,16.75,17.25,17.50,16.75,17.50,18.00,17.25,17.00,16.00,17.00,17.25,17.50,17.75,18.75,17.25,16.50,16.50,18.00,17.25,17.50,17.50,17.50,17.25,17.75,17.25,17.25,17.75,18.50,17.75,19.00,17.00,17.25,17.25,17.00,17.75,16.50,18.75,}
T=18.25
{18.50,17.25,18.25,16.00,18.25,18.00,18.25,18.75,17.75,17.00,17.25,17.50,17.00,18.00,19.50,21.00,17.75,17.75,16.00,15.75,17.25,17.25,19.75,19.00,17.75,17.50,17.00,16.50,17.50,17.00,17.75,16.50,17.00,17.50,16.25,15.75,16.50,17.25,17.75,17.00,18.75,16.75,17.25,16.50,17.25,16.50,16.75,17.50,18.25,18.25,17.00,17.75,17.25,18.25,17.75,18.50,17.75,17.25,16.75,16.50,17.00,17.75,18.50,18.00,}
T=18.18
{19.50,17.25,18.75,17.50,17.50,17.75,17.75,18.50,18.25,17.50,17.25,17.00,16.75,17.50,18.50,19.25,17.75,17.00,16.25,16.25,17.00,17.50,18.25,19.00,17.50,17.50,17.00,16.75,16.25,17.25,17.25,16.75,16.75,16.50,17.00,16.75,17.25,17.75,17.75,18.25,18.75,17.00,17.00,17.25,17.25,17.00,16.75,18.00,17.25,17.50,17.50,17.50,17.50,18.25,17.00,17.50,17.25,16.75,17.25,16.50,17.75,17.75,18.50,18.25,}
T=18.25
{18.50,17.00,17.50,17.00,16.75,18.00,18.50,18.75,18.25,17.50,18.00,16.75,17.75,17.75,19.25,21.25,17.25,16.25,16.25,16.50,17.00,17.25,17.75,19.75,16.75,17.00,17.00,15.50,17.25,17.25,17.00,16.50,18.50,16.50,16.50,16.75,17.00,17.00,18.25,17.50,18.25,16.75,16.50,17.00,17.25,17.00,17.00,17.00,17.00,17.50,17.25,18.00,17.75,17.75,16.50,17.25,17.75,17.25,16.75,16.50,17.25,17.75,18.25,17.25,}
T=18.31
{18.75,17.75,18.50,17.25,17.75,19.00,17.75,18.75,17.75,17.50,17.75,16.75,17.75,17.25,18.50,20.00,17.75,16.75,17.25,16.25,17.25,17.00,18.50,19.25,17.50,17.25,17.00,16.50,17.00,17.50,16.75,17.50,18.50,17.00,16.50,16.75,17.00,17.00,17.25,17.50,19.00,17.75,17.25,17.00,17.25,17.25,17.50,17.50,17.50,17.75,17.50,18.00,17.25,17.50,17.25,19.25,18.25,17.25,16.75,16.75,16.50,17.25,18.00,17.00,}
T=18.31
{19.00,17.00,18.00,17.25,18.00,17.75,18.50,19.00,17.50,18.00,16.75,17.75,16.75,17.75,19.25,20.50,18.00,16.00,16.75,17.00,16.25,16.25,18.75,18.50,17.00,17.00,16.25,16.75,16.75,17.00,17.25,17.25,18.25,17.00,16.25,16.50,16.50,17.75,17.75,17.25,17.75,17.25,16.75,16.00,16.50,17.25,16.75,17.25,18.00,17.75,17.25,16.25,17.25,17.50,17.00,17.50,18.25,16.00,15.75,16.75,17.00,17.25,18.25,18.50,}
T=18.25
{18.00,16.75,17.50,17.50,17.50,18.00,19.75,18.25,17.50,17.25,16.75,17.00,17.00,17.75,18.50,20.00,18.25,17.25,16.75,16.75,17.75,18.00,17.50,18.50,17.50,16.75,17.00,16.75,17.75,17.25,17.50,17.75,18.00,17.50,16.00,16.75,16.75,17.50,17.75,17.50,18.50,17.25,17.25,16.75,17.25,17.25,17.25,17.25,18.00,17.25,18.00,16.50,17.50,17.75,18.25,18.00,18.75,16.50,17.00,17.00,16.25,17.25,17.50,17.25,}
T=18.25
{18.50,18.00,18.25,16.75,17.00,17.25,18.25,18.75,18.50,17.00,17.25,16.25,16.75,17.75,19.00,19.75,18.25,16.25,16.50,17.25,16.75,17.75,18.75,19.75,17.00,17.75,17.00,16.75,18.00,17.25,17.75,17.25,18.00,17.00,16.50,15.75,17.00,17.25,18.00,18.25,17.75,17.25,17.50,17.00,17.50,18.50,17.50,17.25,16.75,17.00,17.25,17.00,16.75,16.75,17.50,18.00,18.50,17.00,17.25,16.75,16.50,16.75,18.25,17.50,}
T=18.25
{18.25,17.75,18.00,16.50,18.50,17.75,19.00,19.50,18.75,16.50,18.00,17.00,16.75,17.25,18.50,20.75,18.00,15.75,17.75,16.25,18.50,16.50,18.75,19.00,17.00,17.25,17.25,16.25,17.00,17.50,17.25,16.75,18.00,17.00,16.25,16.50,16.75,17.50,17.25,17.00,19.25,16.25,17.25,16.50,17.50,16.75,16.25,17.50,17.00,17.00,17.75,17.00,17.50,17.25,17.00,17.50,17.00,16.75,17.25,17.00,16.25,17.75,17.75,17.50,}
T=18.25
{18.50,17.25,16.75,16.50,17.50,17.00,17.75,18.50,18.50,17.25,15.75,17.25,17.00,17.25,19.00,20.75,17.25,16.25,16.25,16.25,17.25,17.25,18.00,19.00,16.75,17.75,17.00,16.75,17.00,17.00,17.25,18.00,18.00,17.00,16.75,16.00,16.75,17.50,17.75,16.75,18.25,17.00,16.75,16.25,17.00,17.25,17.50,17.25,17.00,17.00,18.25,17.75,16.75,18.00,16.50,17.25,18.25,17.50,16.25,17.50,16.50,17.50,18.25,17.50,}
T=18.31
{18.50,16.75,17.25,16.75,18.50,17.75,18.50,18.75,17.75,17.50,17.75,16.75,17.25,17.75,19.50,20.00,17.25,17.00,16.25,15.50,17.00,17.75,17.25,18.50,17.50,17.50,16.50,16.25,17.25,17.25,17.25,17.25,17.00,16.50,16.00,16.25,16.00,17.75,17.75,17.50,17.50,16.50,17.50,16.00,17.00,17.50,17.25,16.50,17.00,17.25,16.75,16.50,17.50,17.50,17.25,17.25,18.50,16.50,16.00,17.00,17.75,17.75,18.00,18.50,}
T=18.31
{18.50,16.75,17.50,17.00,17.50,18.25,17.25,18.25,17.75,18.00,16.00,15.75,16.50,17.75,19.00,20.75,17.75,17.00,16.50,16.75,17.25,17.25,19.00,19.50,17.00,17.25,16.75,16.50,16.75,17.25,16.75,17.50,17.25,17.00,16.50,16.75,16.50,17.25,18.00,17.50,17.25,16.25,17.25,16.50,17.50,17.50,17.50,16.75,17.25,17.00,17.00,16.50,17.75,17.50,17.75,18.25,17.00,17.00,17.00,16.50,17.00,17.00,17.50,16.75,}
T=18.25
{19.00,17.75,17.75,15.50,18.00,17.25,18.50,19.50,17.25,17.00,17.50,17.25,17.50,18.25,18.25,20.50,18.25,16.25,15.75,16.50,17.75,17.25,18.25,18.50,17.50,17.75,16.75,16.75,17.00,17.50,17.25,17.50,16.75,17.00,16.50,16.50,16.50,17.75,18.25,16.50,17.25,17.50,16.75,16.25,16.50,17.75,17.50,17.25,18.00,17.00,17.50,17.00,17.25,17.25,18.25,18.75,17.75,17.50,16.75,17.00,17.50,17.25,18.00,18.50,}
T=18.31
{18.00,17.25,17.75,17.25,18.00,17.75,19.50,18.75,18.75,18.00,17.25,17.00,17.25,18.25,19.50,20.75,17.50,17.00,16.50,17.25,16.50,17.75,17.75,19.25,17.75,16.75,17.50,15.75,17.75,17.00,17.25,17.25,17.50,17.00,16.50,16.50,16.50,17.25,17.25,18.00,18.00,16.50,16.75,16.75,16.75,17.75,16.50,17.25,17.00,17.75,16.75,16.50,16.50,16.75,17.25,17.50,17.25,17.25,15.75,16.75,16.75,17.75,18.25,18.25,}
T=18.31
{18.75,17.50,18.25,16.50,17.50,17.75,18.25,19.00,18.00,16.75,17.75,16.25,17.50,18.25,19.50,19.50,17.75,17.00,17.00,16.50,17.75,16.75,18.50,19.75,16.75,17.50,17.25,16.25,17.00,17.75,17.25,17.75,17.75,16.25,16.50,17.00,17.00,17.25,17.75,17.75,18.00,17.50,16.25,17.25,17.00,17.50,17.50,17.25,17.50,17.50,16.75,18.00,17.00,18.00,17.50,18.00,17.00,17.00,16.75,16.75,17.50,17.75,17.75,16.75,}
T