=~=~=~=~=~=~=~=~=~=~=~= PuTTY log 2015.10.14 23:14:42 =~=~=~=~=~=~=~=~=~=~=~=

T=27.31
{26.25,25.00,24.25,23.00,24.75,24.75,24.50,25.25,25.75,23.75,24.00,23.50,24.00,23.50,23.75,24.25,25.75,23.50,23.50,23.00,23.25,23.25,24.25,23.75,24.25,23.50,23.25,24.00,23.75,24.50,24.50,23.75,24.75,23.50,23.25,23.25,24.50,23.50,24.25,28.25,25.50,24.25,23.25,23.75,24.25,24.75,24.00,26.25,24.75,24.00,24.50,24.25,24.50,24.50,23.00,26.00,25.75,25.25,24.50,24.75,24.50,25.25,24.50,24.75,}
T=27.25
{25.75,25.25,24.25,23.75,24.25,24.75,25.50,25.75,25.75,24.25,22.75,23.25,23.50,23.75,23.75,24.75,24.75,24.25,23.25,23.25,24.00,23.50,23.50,24.50,24.75,24.75,23.00,23.00,23.75,24.25,24.50,23.50,24.75,24.25,23.25,23.50,23.25,24.25,24.00,28.00,25.00,23.50,23.25,23.25,24.00,24.75,25.00,25.25,24.75,24.75,23.75,24.00,24.25,24.75,24.25,24.50,25.50,25.00,24.00,23.75,23.25,25.00,24.75,25.00,}
T=27.25
{25.50,23.50,22.75,22.75,24.50,24.00,24.75,25.25,25.75,23.50,23.25,23.00,23.50,22.50,23.75,23.75,25.75,23.25,22.00,22.25,23.50,23.50,24.00,23.50,25.25,25.00,23.75,23.75,24.50,25.25,23.25,23.50,24.25,24.50,23.75,23.75,23.75,24.00,24.00,28.75,24.00,22.75,23.25,24.00,24.00,23.75,23.75,25.75,24.75,24.50,24.00,23.75,24.25,25.25,24.25,25.25,26.25,24.00,24.00,24.25,23.50,24.75,25.25,25.25,}
T=27.25
{24.75,24.75,23.75,23.75,24.25,24.75,24.50,24.50,25.25,23.25,23.50,23.50,23.00,23.50,23.50,25.00,25.00,22.50,24.00,23.00,24.00,24.25,23.25,24.25,24.25,24.00,23.50,23.75,23.50,24.00,24.00,24.00,25.00,24.50,23.50,23.50,23.50,24.00,24.75,27.75,25.25,23.75,23.50,24.00,23.25,24.00,24.50,25.50,25.00,24.25,23.25,24.00,24.25,23.75,24.25,24.25,25.00,24.50,23.75,24.50,24.25,25.00,26.50,24.50,}
T=27.31
{25.75,24.25,24.00,23.50,24.50,25.00,24.50,24.50,26.50,24.00,23.75,23.75,23.50,23.75,23.75,24.75,25.25,24.00,22.75,23.75,24.00,24.00,25.00,23.25,24.75,24.00,23.75,23.50,24.00,24.50,24.25,24.00,24.25,23.75,23.75,24.00,22.50,24.25,24.50,27.00,25.25,23.50,24.25,24.00,24.50,23.50,24.00,25.00,24.75,24.25,24.75,24.50,24.00,23.75,24.50,24.00,25.25,24.25,23.75,23.25,24.50,24.00,24.75,24.00,}
T=27.18
{25.50,24.00,24.00,23.00,24.25,24.50,25.00,25.25,25.50,24.00,24.00,22.75,23.75,23.00,24.00,24.75,24.50,23.50,23.25,23.50,23.50,24.25,22.50,23.75,25.75,23.25,23.50,23.50,23.75,24.25,24.00,24.75,24.50,23.50,23.50,23.75,23.75,23.75,24.00,27.00,25.00,23.75,24.00,23.00,23.50,23.75,24.00,25.75,23.75,24.25,24.00,23.75,24.50,24.25,24.50,25.00,24.75,24.50,23.00,24.00,24.25,25.50,25.50,25.50,}
T=27.25
{25.50,24.00,24.25,23.25,24.25,24.50,24.50,24.50,25.25,24.50,23.75,23.00,24.25,23.75,23.75,24.75,24.75,23.50,23.50,23.50,24.00,24.25,24.25,23.75,25.00,24.75,23.50,23.50,24.25,24.25,24.00,24.25,25.00,23.75,23.25,23.75,23.25,24.00,24.25,28.25,24.50,22.75,23.25,23.00,23.50,23.75,24.75,25.25,25.00,24.25,24.00,24.00,25.25,24.25,24.00,26.00,25.00,23.75,24.00,24.50,24.75,25.00,24.75,26.50,}
T=27.25
{26.00,24.75,24.25,23.25,24.00,24.25,25.25,24.50,26.00,24.25,24.00,22.75,23.50,23.25,24.00,24.25,25.00,24.00,23.25,23.25,23.50,23.25,23.50,23.50,24.75,23.75,23.75,23.50,24.25,24.50,24.25,24.50,24.50,24.50,22.50,23.25,23.25,23.75,24.75,27.00,24.50,23.25,24.25,24.00,23.00,24.00,24.00,24.75,24.75,24.00,24.25,24.00,25.00,24.50,24.00,25.00,25.25,24.50,24.75,23.25,24.75,25.50,25.75,25.50,}
T=27.37
{25.00,24.25,24.75,23.00,25.25,24.25,24.75,25.00,25.25,24.00,24.00,23.75,23.75,23.75,23.50,25.75,25.75,22.25,24.00,23.25,23.50,23.75,24.00,23.50,24.75,24.25,24.00,23.00,24.25,25.00,24.50,25.00,25.25,24.50,23.25,23.75,23.75,23.75,24.75,28.25,25.25,24.00,24.00,22.75,24.50,25.25,25.00,26.00,24.50,24.50,25.50,24.75,24.75,25.00,24.25,25.50,26.00,25.25,24.50,23.75,24.75,25.75,25.50,25.50,}
T=27.18
{25.50,24.50,23.25,23.25,24.50,25.00,25.75,25.25,25.50,23.50,23.25,24.00,23.75,23.50,24.75,24.25,25.25,24.25,23.50,22.75,24.25,23.50,24.50,24.00,24.50,24.25,23.25,22.75,23.75,24.50,24.25,24.00,25.00,23.50,23.25,23.25,23.50,24.50,24.25,27.00,25.25,23.75,23.75,23.25,24.50,24.00,23.75,26.00,24.25,24.50,24.25,24.00,24.50,24.75,24.75,24.75,25.50,24.25,24.75,23.75,24.50,25.25,26.00,25.25,}
T=27.18
{26.00,24.50,24.50,23.50,25.00,23.75,24.75,25.25,25.50,24.75,22.50,23.75,23.00,23.75,23.25,25.25,25.00,23.00,23.25,23.00,24.50,23.25,23.25,23.25,25.25,24.00,24.00,23.00,23.00,24.25,23.75,24.25,24.50,24.50,23.25,23.75,22.25,24.50,23.75,27.25,25.25,23.75,23.75,23.25,23.75,24.00,23.25,25.25,24.50,24.00,25.00,24.00,25.00,24.50,24.25,24.50,25.50,24.75,23.75,24.25,24.25,24.75,24.75,24.75,}
T=27.18
{26.00,24.75,24.75,23.00,24.25,24.75,24.50,25.25,26.75,24.25,23.25,23.00,23.25,24.25,24.00,24.75,25.75,24.00,22.75,23.25,24.00,23.50,24.00,24.00,24.25,23.50,24.25,23.75,23.75,24.00,24.00,24.00,25.75,23.50,22.75,23.75,24.00,24.00,25.00,28.00,25.25,23.25,23.75,22.75,23.00,24.50,23.50,26.50,24.75,24.25,24.50,24.25,24.25,24.50,24.25,25.25,25.75,23.50,23.75,22.75,24.00,24.00,25.00,24.25,}
T=27.31
{25.50,23.75,24.25,23.00,24.50,24.75,25.25,25.25,25.75,23.75,23.00,23.50,24.00,24.25,23.50,24.75,25.50,23.75,23.00,24.00,23.50,23.50,23.25,24.00,25.50,24.75,23.75,23.75,24.00,24.50,24.75,24.25,25.25,24.00,24.00,23.75,23.75,24.25,24.00,27.25,25.50,23.50,23.50,23.75,23.75,24.25,23.50,27.75,24.50,25.00,24.50,24.00,24.25,24.50,24.00,26.25,25.25,24.25,25.00,24.00,23.50,25.50,25.25,25.00,}
T=27.25
{26.25,24.00,23.50,23.00,24.00,25.25,25.25,25.25,25.50,24.00,24.50,23.50,24.00,23.75,24.25,23.75,25.50,23.25,23.50,23.50,23.00,23.25,23.25,23.50,24.25,24.25,23.50,23.75,23.75,24.75,23.75,24.75,24.25,23.25,23.50,23.25,24.00,24.75,24.25,27.75,25.50,23.50,24.00,23.00,23.00,25.25,24.25,27.25,25.00,25.00,24.75,24.25,24.00,25.25,24.50,26.00,26.25,24.50,25.00,23.50,25.00,25.25,25.75,25.00,}
T=27.25
{26.25,24.00,24.25,24.00,24.75,24.25,24.00,24.75,25.00,24.00,24.25,24.00,23.00,23.75,24.25,25.25,25.00,23.50,22.75,23.25,24.75,23.75,23.50,23.75,24.00,24.25,24.00,23.50,24.00,24.00,23.50,24.25,24.50,23.75,23.25,24.00,22.75,24.00,24.75,26.50,24.50,24.50,23.75,23.75,24.25,24.00,25.75,28.00,24.50,24.25,24.00,24.00,24.00,24.25,25.00,26.50,26.00,24.00,23.50,24.00,25.50,24.25,25.50,25.00,}
T=27.25
{25.75,24.25,24.00,23.00,24.75,25.00,25.25,24.50,26.00,25.50,23.75,23.75,23.75,24.25,23.75,25.25,24.50,23.50,23.50,23.25,23.75,22.75,23.75,23.25,25.00,25.00,23.75,23.75,24.00,25.25,24.75,24.50,25.50,24.00,24.00,23.00,23.50,24.50,24.50,26.75,25.25,24.50,23.75,23.50,24.50,25.50,26.75,27.75,25.25,24.50,24.75,24.00,24.00,25.25,26.75,26.75,25.50,24.25,24.50,24.00,23.75,25.25,24.75,25.50,}
T=27.18
{26.00,23.25,23.75,23.00,24.50,24.00,25.25,25.25,26.00,24.50,24.25,23.00,23.25,24.00,24.50,24.75,25.25,23.50,23.50,23.50,23.75,22.75,23.50,24.50,25.00,23.25,23.50,24.00,24.50,24.50,24.25,24.25,25.50,24.50,23.25,24.00,23.25,24.50,24.25,26.75,24.50,24.00,23.25,23.00,24.00,25.50,26.50,27.00,23.75,24.25,25.00,24.25,24.50,25.75,26.75,27.00,26.00,24.75,24.25,24.00,24.00,24.75,25.50,26.00,}
T=27.18
{25.50,24.00,24.00,23.50,24.25,24.75,24.75,25.75,25.25,23.75,23.00,23.50,23.50,24.25,23.75,24.50,25.00,23.75,23.00,23.50,23.75,23.00,23.25,24.50,25.00,24.00,23.50,24.25,24.00,24.50,23.50,24.00,23.75,23.25,22.75,23.50,23.50,24.75,24.25,27.00,24.50,23.50,24.25,23.00,25.25,24.75,26.25,26.25,24.00,24.00,25.00,25.00,24.50,26.50,27.50,25.75,25.75,24.50,24.75,24.25,24.50,25.25,25.75,27.00,}
T=27.18
{25.00,23.75,24.00,23.50,24.50,23.50,24.50,24.50,25.00,24.00,23.25,24.00,23.75,23.75,24.00,24.50,25.50,23.25,23.00,23.50,24.00,24.25,23.75,23.25,25.25,23.25,23.75,23.50,25.25,24.75,24.00,23.50,23.50,23.50,23.00,23.75,24.00,23.75,24.25,27.00,25.25,24.50,23.50,24.00,25.25,26.50,24.25,25.50,24.50,24.50,24.50,24.75,25.25,27.50,25.50,26.25,26.25,25.25,24.50,23.75,26.00,27.50,26.00,25.00,}
T=27.18
{24.50,24.25,24.50,23.50,24.50,25.25,24.00,25.50,24.50,24.25,22.50,23.25,22.75,23.75,23.25,25.50,24.75,24.25,23.50,23.50,23.75,23.75,24.00,24.25,24.25,24.75,23.25,23.75,24.00,24.50,24.25,24.00,25.00,24.00,23.00,23.75,23.75,23.75,24.00,26.25,24.50,23.25,25.00,24.25,26.50,25.00,23.75,25.25,24.50,23.50,24.75,24.25,26.75,27.00,24.75,25.00,25.50,25.00,24.25,24.75,26.75,26.75,24.75,25.00,}
T=27.31
{25.50,23.25,24.75,23.50,24.50,24.25,24.50,25.25,25.75,24.00,24.00,22.75,23.50,23.25,24.50,24.25,24.75,23.25,22.75,23.50,23.75,23.75,23.25,24.25,24.50,24.25,24.00,24.00,23.75,24.25,24.25,24.25,25.00,24.00,23.50,23.25,23.75,24.25,24.25,26.75,24.25,24.75,23.50,25.00,24.50,24.25,23.75,25.25,24.75,24.25,24.75,26.75,27.50,25.25,24.25,25.25,26.25,24.50,24.75,26.50,25.75,25.75,26.00,25.75,}
T=27.18
{25.00,23.75,24.00,23.50,24.25,24.00,24.75,24.75,24.75,23.75,23.00,23.75,23.00,22.75,23.25,24.25,25.50,22.50,23.25,23.25,23.00,23.50,23.75,23.25,24.50,24.75,23.75,23.50,23.50,24.75,24.25,23.50,25.00,24.25,23.00,23.25,24.00,23.50,24.25,25.25,24.50,23.50,24.25,24.00,24.50,23.75,25.00,25.00,24.75,25.25,26.75,27.00,24.75,25.50,23.50,25.25,25.00,25.50,24.75,25.25,23.75,25.00,24.00,27.00,}
T=27.18
{26.00,23.00,24.50,23.75,25.25,23.75,25.00,25.75,25.00,24.50,24.00,24.00,23.25,24.25,24.25,24.75,26.00,23.75,23.50,23.50,24.50,23.50,23.75,24.50,24.75,24.75,23.75,23.50,24.50,24.50,24.00,24.50,26.00,24.50,23.25,23.50,24.25,23.75,24.00,26.00,24.50,23.75,24.75,23.25,23.75,24.50,23.50,24.50,24.50,25.75,27.50,26.00,25.25,24.75,23.50,25.75,25.75,25.25,25.50,24.25,25.00,25.75,25.25,26.00,}
T=27.25
{24.50,24.25,24.25,23.25,24.50,24.50,24.75,25.00,26.00,24.25,23.75,23.25,23.75,24.00,24.25,25.00,25.50,23.75,23.25,23.75,23.75,23.50,23.00,23.75,25.75,24.00,24.75,24.25,23.50,25.25,24.00,23.50,25.75,25.75,23.50,23.50,23.50,24.50,24.50,27.00,26.25,25.50,24.75,23.75,24.25,25.00,25.00,25.75,25.75,26.75,27.00,25.25,25.00,25.00,24.00,25.00,26.00,25.00,25.50,24.00,24.25,25.00,25.50,25.25,}
T=27.31
{26.75,24.25,24.50,23.25,24.75,24.25,25.00,25.25,25.25,23.50,23.25,23.75,23.00,23.75,23.25,26.00,25.25,23.75,23.75,23.25,24.50,23.50,24.00,24.50,24.75,24.50,24.00,24.25,24.25,24.50,25.00,24.25,25.25,24.50,23.50,23.50,23.75,24.00,24.00,26.25,26.50,25.50,24.00,23.75,24.00,24.25,24.25,25.75,26.50,27.25,25.00,24.50,24.75,24.75,24.50,25.25,27.00,25.00,24.50,24.75,24.25,25.25,25.00,24.25,}
T=27.25
{25.25,23.50,24.50,23.75,24.00,24.50,25.00,24.75,25.00,23.75,23.50,23.50,23.00,23.50,24.25,24.25,25.00,22.75,23.50,23.00,24.25,23.25,23.25,24.25,24.75,24.75,23.75,23.00,24.00,24.50,24.00,24.00,24.75,23.75,23.00,24.00,23.50,24.75,24.25,26.50,25.50,24.75,24.00,23.50,24.50,24.75,24.75,26.25,27.25,26.75,24.75,24.50,24.25,24.50,25.00,24.75,26.75,25.00,24.50,24.00,24.75,24.50,25.50,25.75,}
T=27.18
{25.00,23.25,23.75,23.50,24.25,23.75,25.00,24.50,25.25,24.00,23.50,23.00,24.50,23.50,24.75,24.25,25.75,22.75,23.25,24.00,24.25,23.00,23.25,23.75,24.50,24.00,23.00,24.00,23.75,23.50,24.75,23.25,25.25,23.50,23.00,23.25,23.50,24.25,24.25,27.50,27.00,24.75,24.25,23.50,24.25,24.25,24.50,25.50,27.00,26.00,24.25,23.25,24.50,23.75,24.75,25.75,26.00,24.25,23.25,24.00,23.50,24.75,25.25,25.25,}
T=27.18
{24.75,24.50,24.25,23.75,24.50,24.50,23.50,25.25,25.25,23.75,23.75,23.25,23.25,23.25,24.00,24.75,24.50,24.00,23.50,23.25,25.00,23.75,23.25,23.75,25.00,23.50,24.00,23.25,23.75,24.75,23.75,24.00,24.25,24.00,23.75,23.75,23.75,23.75,24.00,26.75,25.75,23.50,24.25,23.50,23.50,24.75,24.00,24.50,27.00,25.50,24.25,24.25,24.25,24.75,24.25,25.50,26.50,24.50,24.50,23.75,25.00,24.50,25.00,24.75,}
T=27.25
{26.75,24.75,24.25,23.00,25.25,25.00,25.50,26.00,25.75,24.75,23.50,23.50,23.50,23.50,23.75,24.00,25.50,25.00,24.00,23.25,24.00,24.50,24.25,24.00,24.25,23.25,23.75,23.50,23.25,25.25,24.00,24.75,24.50,24.25,23.50,23.50,23.50,23.75,24.75,26.00,26.75,24.25,23.50,23.00,24.50,24.25,24.25,25.00,26.00,25.00,24.75,24.75,24.75,24.00,24.50,25.75,26.25,25.00,25.00,24.25,24.50,24.50,25.25,25.25,}
T=27.25
{25.50,23.75,24.75,23.00,24.25,22.75,25.25,25.25,26.00,24.25,23.25,23.75,23.75,23.50,24.25,25.00,24.00,23.25,23.25,23.50,24.00,23.50,22.75,24.00,24.00,24.00,23.25,23.75,24.75,24.50,25.00,24.25,25.25,24.00,24.00,23.75,23.75,23.75,23.75,26.25,26.00,24.25,23.50,23.50,23.25,24.75,24.00,25.25,26.00,23.75,25.00,25.00,24.25,25.25,25.25,25.00,25.75,24.50,25.25,24.25,24.00,24.75,25.00,25.25,}
T=27.25
{25.75,23.25,24.00,23.25,24.75,24.00,25.25,24.50,25.25,23.75,23.50,22.25,23.25,23.00,24.50,24.75,25.00,23.75,23.50,23.25,23.75,23.00,23.25,24.75,24.25,24.00,24.00,23.75,23.50,25.00,24.50,23.75,24.50,24.75,23.50,23.50,23.75,24.25,24.75,27.25,25.50,24.50,23.75,23.50,23.50,24.75,24.25,24.50,25.00,25.50,24.50,25.25,25.00,24.50,24.75,26.25,25.75,24.75,24.75,24.00,23.50,25.25,26.25,24.75,}
T=27.25
{25.25,24.75,24.25,24.00,24.50,24.25,25.00,26.00,25.75,23.50,24.00,23.50,23.75,24.00,24.00,24.75,25.25,23.75,23.50,23.25,24.50,23.75,23.25,23.75,25.00,24.00,23.50,24.50,24.75,24.00,24.75,24.00,25.25,24.25,24.00,24.00,24.25,24.75,24.00,27.00,25.50,24.25,23.75,23.75,24.25,24.50,24.50,25.00,24.50,24.75,25.25,24.25,24.50,24.75,24.25,25.00,25.50,25.00,25.00,23.75,24.50,25.50,26.00,25.00,}
T=27.18
{26.25,24.75,25.25,23.00,24.50,24.75,25.25,26.50,25.75,24.00,22.75,24.00,22.75,23.50,24.25,24.75,24.75,24.00,23.25,23.25,22.75,23.50,23.25,24.25,24.50,23.25,23.25,23.50,23.00,24.50,23.00,24.00,25.00,24.25,23.00,23.50,23.50,24.00,24.25,27.25,25.75,23.25,23.75,23.50,23.50,24.50,24.00,25.00,24.50,24.75,24.75,24.25,25.25,25.00,24.75,25.50,25.50,24.25,24.25,23.50,24.25,25.00,25.00,26.00,}
T=27.31
{25.50,23.25,24.00,23.25,24.50,24.75,25.25,24.50,26.00,23.75,24.00,23.25,23.25,23.75,24.50,24.50,24.75,23.50,23.75,23.25,24.25,23.50,23.25,24.00,23.75,24.25,23.75,24.00,24.00,25.25,24.75,24.00,24.50,23.25,23.25,23.75,23.50,24.25,24.25,26.75,25.00,23.00,23.25,22.75,24.25,24.75,24.50,24.75,25.25,24.75,24.75,24.00,23.75,25.25,24.25,25.50,25.75,24.50,25.00,24.25,25.00,25.75,25.25,25.75,}
T=27.18
{26.75,24.00,25.00,22.75,25.00,23.50,25.00,26.00,25.50,24.75,24.00,23.25,23.25,24.25,24.00,24.75,25.50,25.00,23.00,24.25,24.25,23.25,23.75,24.50,25.25,24.75,23.25,23.75,24.25,24.50,24.00,24.25,25.25,24.50,24.00,23.75,23.50,24.00,24.75,26.75,25.25,24.25,23.00,24.25,23.75,24.75,23.75,24.75,24.75,25.25,25.00,25.00,24.25,24.50,25.00,25.25,26.25,25.25,23.50,24.25,24.25,25.00,25.50,25.75,}
T=27.18
{25.50,24.75,24.50,23.50,25.00,24.25,23.75,25.25,25.00,23.75,22.50,23.00,23.25,23.00,23.25,24.25,25.50,23.25,23.50,23.50,23.50,23.75,24.50,23.00,24.50,23.50,23.25,23.25,23.75,24.75,24.25,24.25,25.25,23.75,23.50,24.00,24.25,23.75,24.00,26.50,25.00,23.75,23.25,23.25,23.75,24.25,24.25,25.00,25.50,24.00,25.00,24.50,24.25,25.00,24.75,24.25,25.75,25.00,24.25,23.50,23.75,24.25,26.00,25.75,}
T=27.18
{26.25,23.75,24.00,23.25,24.50,24.00,24.25,25.00,24.75,24.00,23.25,24.00,23.25,23.50,25.00,24.75,24.25,23.50,23.00,22.75,24.50,23.50,24.00,24.00,24.75,24.25,23.75,23.50,24.00,24.50,25.00,24.00,25.50,23.75,23.25,23.50,24.00,23.25,24.75,26.75,25.25,23.75,23.50,23.25,24.50,24.25,24.25,25.25,25.50,24.00,24.50,24.25,25.00,24.00,24.25,25.00,25.00,24.25,25.00,24.00,24.50,24.50,26.00,25.75,}
T=27.12
{25.25,24.25,24.25,23.50,23.75,24.75,25.25,25.00,24.50,24.50,23.50,23.50,22.75,23.50,24.00,24.75,24.50,24.00,23.75,22.75,24.25,24.00,24.25,23.25,24.50,24.50,23.75,22.75,24.00,24.25,24.50,24.00,25.25,23.50,24.00,24.00,23.50,24.75,24.50,27.00,27.75,24.50,24.25,23.25,24.00,24.50,24.25,25.25,25.25,24.75,24.75,24.50,24.75,24.75,24.25,25.00,25.50,25.75,24.25,24.25,23.75,25.50,25.25,24.75,}
T=27.18
{26.25,24.50,23.75,23.75,24.75,23.75,24.50,25.25,27.00,23.00,22.75,23.00,23.75,22.25,23.75,24.75,24.50,23.25,23.25,23.25,23.50,24.00,23.25,23.75,25.75,23.75,24.00,23.25,23.75,24.75,23.50,24.00,25.00,24.25,23.75,24.00,23.50,24.00,24.00,26.00,27.75,24.50,23.75,24.00,24.50,24.75,23.50,25.00,25.50,24.75,24.50,23.50,24.50,24.00,24.00,25.75,25.50,24.25,24.25,24.75,23.75,24.75,25.75,25.00,}
T=27.25
{25.75,23.00,24.50,23.25,25.50,23.50,26.00,25.50,24.75,23.75,23.00,23.50,23.75,23.50,24.25,25.25,24.25,24.25,22.75,22.75,23.50,23.00,24.50,24.00,24.25,24.25,23.75,23.50,24.00,24.75,23.75,24.50,26.50,24.25,23.00,24.25,24.00,24.25,24.50,26.50,27.75,26.25,24.00,24.00,24.00,24.25,24.25,25.75,25.00,25.50,24.50,24.25,24.25,25.00,24.00,25.25,26.75,25.50,24.25,24.25,24.25,25.50,25.00,25.75,}
T=27.18
{25.25,25.25,24.00,23.25,24.50,25.00,24.50,25.75,25.25,23.75,23.00,22.50,23.50,22.75,24.50,23.75,24.75,23.00,22.75,23.50,23.25,23.75,23.75,24.00,25.25,24.00,23.75,23.75,23.50,24.75,24.00,23.50,28.00,26.25,23.50,23.50,24.00,24.75,24.00,27.25,26.25,26.50,25.50,23.50,24.50,24.75,24.50,25.25,26.50,24.00,24.25,24.50,23.25,25.25,24.75,25.25,26.00,24.25,24.75,24.00,24.75,23.75,25.00,25.75,}
T=27.25
{26.25,24.25,23.75,23.00,24.25,24.50,23.75,26.00,25.00,24.25,23.50,23.00,23.25,23.25,24.50,25.00,24.75,23.75,23.00,23.50,23.75,22.75,23.50,23.50,24.50,24.50,23.75,23.75,24.25,24.50,24.00,23.75,27.00,26.25,23.50,23.25,24.00,24.25,24.50,26.75,26.00,27.00,25.50,24.25,24.00,24.75,24.25,25.75,24.75,24.00,24.75,23.75,25.00,25.00,24.75,25.00,25.25,25.25,24.00,23.25,24.00,25.50,25.25,25.50,}
T=27.18
{25.25,23.75,24.75,23.50,25.00,24.50,24.75,24.25,24.75,24.25,23.75,23.25,23.00,23.50,23.75,24.75,24.25,24.50,23.25,24.00,23.75,23.75,23.75,25.00,25.50,24.50,24.25,23.50,24.00,24.75,23.50,24.00,25.50,26.25,25.50,24.00,23.00,24.00,24.25,27.00,25.50,24.50,27.25,24.50,24.00,24.25,25.00,25.00,25.25,24.25,24.50,24.25,24.50,24.75,24.00,24.75,24.25,23.75,24.25,24.00,24.75,25.00,25.00,24.50,}
T=27.25
{24.50,24.25,24.25,23.50,24.50,25.00,24.25,25.75,25.25,24.25,24.00,23.50,23.00,23.25,24.00,24.25,25.25,24.75,23.75,23.25,24.50,24.00,23.50,24.50,25.25,25.50,24.25,25.50,23.50,25.25,23.50,24.75,25.00,24.50,27.00,25.00,23.50,23.75,25.00,26.50,25.50,24.50,25.00,25.75,24.75,25.25,24.25,26.00,24.50,25.00,24.25,24.50,24.25,25.00,24.75,26.00,25.25,24.75,24.75,23.50,24.50,24.75,25.75,26.00,}
T=27.18
{25.00,23.75,24.00,23.50,24.00,24.25,23.75,25.25,25.25,24.75,22.75,23.75,23.50,23.25,24.25,23.50,25.00,23.50,23.00,23.25,23.75,23.25,24.25,24.25,25.50,23.75,25.25,24.75,24.00,25.00,24.50,24.00,24.75,24.25,24.00,26.75,25.25,23.75,25.00,26.50,25.25,24.00,25.00,25.50,24.75,23.75,24.00,25.50,25.25,24.25,24.50,24.00,25.00,25.00,24.00,25.50,25.25,25.00,23.50,23.50,23.25,24.50,24.50,25.00,}
T=27.25
{26.50,24.50,24.00,23.75,24.00,25.00,25.75,25.25,24.75,24.50,23.25,23.75,23.75,23.75,24.00,25.00,25.75,24.00,23.25,23.25,24.25,23.25,24.00,24.50,25.25,24.50,23.50,25.75,26.50,25.50,23.75,23.50,25.25,25.00,24.25,25.75,27.00,26.00,25.00,26.25,24.75,23.50,24.25,24.00,25.00,24.75,25.00,25.25,24.00,23.75,24.25,25.25,24.75,25.75,25.00,25.00,25.00,24.75,25.25,23.75,23.25,24.50,24.75,26.00,}
T=27.25
{24.25,23.50,23.50,23.25,24.00,25.00,23.50,25.75,25.75,24.25,23.50,23.50,23.00,24.25,23.75,24.75,25.00,23.25,23.75,24.00,24.50,23.25,23.75,24.25,24.50,24.50,23.75,25.50,27.75,25.50,24.00,23.50,25.25,24.00,23.50,24.25,26.75,25.75,25.25,27.00,25.00,23.75,24.25,24.00,25.00,25.00,24.75,25.50,24.25,24.00,24.25,24.25,24.75,25.25,24.50,25.50,24.25,24.25,23.75,24.25,24.75,24.50,25.25,25.75,}
T=27.18
{25.50,25.00,24.50,24.25,24.50,24.75,25.00,24.25,25.25,23.50,23.50,23.25,23.50,23.75,24.00,25.25,25.75,23.50,23.75,23.50,24.25,25.75,24.25,23.00,24.75,25.00,23.00,23.25,25.50,26.50,24.50,24.00,25.00,23.50,23.50,23.50,24.00,25.25,25.00,26.50,25.25,23.75,23.75,24.00,23.25,24.50,23.75,25.00,24.50,24.50,25.00,24.75,23.75,24.00,24.50,24.25,25.00,24.75,24.00,24.50,25.00,24.75,24.50,25.50,}
T=27.25
{25.50,24.25,24.75,22.75,25.25,25.25,24.75,25.00,26.00,24.00,23.25,23.50,24.00,24.25,24.75,24.50,25.25,23.00,22.75,22.50,24.25,25.50,25.75,24.25,25.25,23.25,23.25,24.00,24.25,26.00,25.25,24.50,24.50,24.00,23.00,24.00,23.50,24.25,24.50,27.00,24.00,23.50,23.75,23.75,23.75,24.50,24.25,24.75,25.00,23.50,24.00,24.25,24.50,24.50,24.00,24.75,24.75,24.00,23.75,23.75,24.50,25.00,24.75,25.00,}
T=27.18
{25.50,24.00,24.75,22.25,24.75,25.00,25.25,25.25,24.75,23.25,23.25,23.50,23.25,24.75,23.75,25.50,25.75,23.00,23.50,22.75,24.00,24.50,27.00,24.25,25.25,24.25,24.00,23.25,23.50,26.25,26.25,24.25,24.25,23.50,23.25,23.75,23.75,25.00,25.00,26.50,24.50,24.00,23.25,22.75,24.00,24.75,23.50,25.25,24.25,24.00,24.00,24.00,24.25,24.25,25.00,24.50,26.00,24.75,23.75,24.25,24.25,25.25,24.75,25.50,}
T=27.12
{24.25,23.50,24.00,22.75,24.00,24.25,25.25,25.25,25.50,23.00,23.25,23.25,23.00,23.50,24.25,25.25,26.00,23.50,23.50,23.00,23.75,24.25,25.50,25.75,24.75,24.25,24.50,23.75,23.75,25.75,25.75,25.75,24.00,23.25,23.25,23.25,23.50,24.25,24.50,26.25,24.50,23.00,23.50,22.75,24.00,24.75,24.75,24.50,23.50,24.75,24.50,24.75,23.75,25.25,24.50,25.25,24.75,24.50,23.75,23.25,24.75,24.75,24.50,25.25,}
T=27.25
{25.50,23.50,24.75,24.25,24.75,25.25,25.25,24.50,25.25,24.00,23.75,22.75,23.25,23.25,24.50,25.50,25.50,23.50,23.50,23.00,24.25,24.50,26.00,25.75,24.25,24.00,24.00,23.50,24.25,25.00,26.25,26.00,24.25,24.25,23.50,24.25,24.00,24.25,24.75,26.75,25.25,24.00,23.75,23.50,24.75,24.25,24.25,25.50,25.25,23.50,24.75,25.25,24.25,24.50,25.00,24.75,26.75,24.50,23.00,23.75,24.25,25.00,25.00,25.25,}
T=27.18
{26.25,24.00,25.00,23.25,25.25,24.25,24.75,25.25,25.25,23.75,23.25,23.75,23.00,24.00,24.25,26.00,26.25,23.50,24.00,23.75,24.00,23.00,23.50,25.75,25.50,24.75,23.50,23.50,24.25,24.75,24.50,26.00,24.75,23.75,23.25,23.75,23.00,23.50,24.50,26.75,25.00,23.50,24.00,23.75,24.25,23.75,24.25,25.00,24.25,24.00,24.25,24.50,24.25,24.75,24.25,25.00,25.25,24.00,24.25,24.75,23.75,24.75,24.50,26.25,}
T=27.31
{26.00,23.50,24.50,23.25,24.75,24.50,25.00,25.25,25.00,24.00,24.25,23.50,23.50,23.75,24.25,24.75,26.50,24.25,23.25,23.25,23.75,24.25,24.25,24.50,24.25,23.75,24.00,23.25,24.00,24.00,25.00,25.75,25.00,24.00,23.50,23.50,23.75,24.25,24.00,27.00,26.25,24.50,23.75,23.75,24.50,24.25,23.75,26.50,24.75,23.75,24.75,24.50,23.75,24.75,24.75,25.25,25.50,24.75,24.00,24.50,24.50,25.00,25.25,25.25,}
T=27.31
{26.25,24.50,23.00,23.00,25.25,24.50,25.50,25.75,25.00,23.00,23.75,23.75,22.25,23.50,23.75,24.75,25.00,23.25,23.50,23.00,23.75,23.25,23.75,23.25,24.75,24.75,23.25,23.75,23.50,23.75,25.25,25.00,24.25,23.25,23.00,23.25,23.50,23.75,24.25,27.00,24.25,23.50,23.25,23.00,24.50,24.50,24.00,24.50,24.75,24.00,23.75,23.75,24.25,24.00,24.25,25.00,25.50,24.25,24.50,24.75,24.75,25.00,24.50,25.00,}
T=27.18
{26.00,24.25,24.50,23.25,25.50,24.75,26.75,25.00,26.00,24.25,23.50,23.75,23.00,23.25,24.25,24.00,25.75,23.75,23.00,22.75,23.50,24.50,24.75,23.75,24.00,24.00,24.25,23.75,23.50,24.00,24.00,23.75,25.00,24.00,22.75,23.50,23.50,24.00,24.50,27.25,24.25,23.25,23.75,23.50,24.00,24.50,24.00,25.00,25.50,24.75,23.25,24.25,24.75,24.75,24.50,24.50,25.00,23.50,24.25,23.25,23.25,25.00,25.00,25.50,}
T=27.18
{25.75,24.25,24.50,22.50,24.50,23.75,24.25,24.75,25.25,24.00,22.50,23.25,23.25,23.25,23.50,25.25,25.00,23.50,23.75,23.25,24.00,23.50,24.00,24.25,25.75,23.75,23.75,23.50,23.25,24.75,23.75,24.50,25.00,23.75,23.50,23.25,23.25,24.00,24.00,27.75,25.00,23.50,23.25,23.50,24.75,23.50,23.50,25.50,25.00,24.25,25.25,24.50,24.50,24.25,24.75,26.00,26.25,24.00,24.00,24.00,24.25,25.25,25.25,23.50,}
T=27.18
{25.50,24.50,24.50,23.25,25.25,24.75,24.75,25.25,24.00,23.00,23.00,23.25,24.25,23.25,23.25,24.25,24.75,24.00,22.75,22.75,24.25,23.50,24.00,24.50,24.25,23.50,23.50,23.75,23.50,24.75,23.50,24.75,25.00,24.25,23.75,23.75,23.75,24.25,24.75,28.00,25.25,24.25,24.25,23.50,23.75,24.25,25.00,25.50,24.00,24.25,24.50,23.75,24.50,24.75,25.75,24.75,25.50,24.25,24.25,23.75,24.75,24.75,25.50,26.00,}
T=27.31
{26.25,24.50,24.75,22.25,25.50,24.75,25.25,26.00,25.25,23.75,23.75,23.25,23.75,24.00,24.50,24.75,24.75,24.25,23.25,23.00,24.50,23.25,23.50,24.25,24.75,24.00,23.75,23.00,24.75,25.00,24.25,25.00,25.25,23.50,23.25,23.75,23.75,24.75,24.00,25.75,25.00,24.00,24.50,23.75,24.75,24.75,23.75,25.25,24.75,24.25,24.75,23.25,25.00,24.25,23.75,24.00,24.75,25.25,23.75,24.00,24.75,25.75,24.75,25.75,}
T=27.18
{26.50,23.50,24.00,23.25,24.75,24.75,25.00,25.50,25.25,25.00,23.75,23.75,23.25,23.00,24.00,24.75,25.00,23.75,22.75,23.00,22.75,23.00,23.75,23.75,25.00,23.75,24.00,23.75,24.00,23.75,23.25,24.50,25.50,24.00,22.50,23.50,23.75,23.75,24.00,26.75,24.75,24.25,23.50,23.00,24.00,25.25,24.25,25.00,25.00,24.50,24.25,24.00,24.25,24.75,24.75,25.00,25.25,24.25,24.50,23.75,24.50,25.50,24.50,25.00,}
T=27.18
{25.50,24.50,24.00,23.50,24.00,24.25,24.50,25.00,25.25,24.25,24.00,23.75,23.00,22.75,24.00,25.25,24.75,24.00,23.00,23.75,23.50,24.25,24.50,24.25,25.00,23.50,23.75,23.25,24.75,23.75,25.00,24.00,24.50,24.00,23.25,23.75,24.00,24.50,23.50,26.75,25.00,24.00,23.75,23.00,24.00,25.00,24.25,25.25,24.00,24.25,24.50,24.25,24.75,24.25,24.25,24.50,26.25,25.50,24.00,24.75,24.25,26.00,25.50,26.25,}
T=27.18
{26.50,24.50,24.25,23.25,24.25,25.00,24.50,24.50,25.75,24.25,23.25,23.25,24.00,23.50,24.75,24.50,25.75,23.00,22.75,22.75,23.75,22.50,23.50,24.25,24.75,24.25,23.75,24.25,24.00,24.75,24.25,24.00,24.25,23.75,23.50,23.75,24.25,24.00,23.50,26.75,25.75,23.25,24.00,23.25,24.75,24.50,24.25,25.00,24.25,25.25,24.50,24.00,25.25,24.25,23.50,25.25,25.75,24.25,24.25,23.50,24.75,23.75,25.25,25.25,}
T=27.31
{25.50,23.50,24.00,23.00,25.50,25.00,25.00,25.00,25.25,24.00,23.25,22.75,23.25,23.25,23.25,24.25,24.75,24.00,23.25,22.50,24.00,22.75,24.00,23.75,25.00,24.00,22.50,23.75,24.00,24.00,24.50,24.50,24.75,23.00,23.50,23.00,22.75,24.00,24.00,26.75,24.75,23.75,24.25,23.75,24.00,24.25,24.75,25.00,25.25,24.00,24.50,24.25,24.25,23.50,24.75,25.75,25.25,24.25,24.50,23.00,24.00,24.50,25.25,25.75,}
T=27.18
{26.75,23.25,23.50,22.25,24.50,24.00,24.50,25.25,25.75,24.00,23.00,23.25,23.75,24.00,24.25,25.25,25.25,23.75,23.50,22.50,22.75,23.75,24.00,23.75,24.75,24.75,24.25,23.50,24.00,24.25,23.50,24.50,25.25,24.00,23.75,23.50,24.50,24.00,24.50,27.25,23.75,23.25,23.25,23.00,24.25,24.25,24.75,25.25,24.00,24.25,24.75,24.00,23.50,23.75,25.25,25.50,25.25,24.50,23.50,25.00,24.25,24.75,25.25,25.50,}
T=27.18
{25.50,24.00,24.25,23.00,25.25,24.75,25.00,25.50,25.25,24.00,23.00,23.00,23.50,22.75,23.50,25.00,25.00,24.00,23.00,23.25,23.50,24.00,24.25,23.25,25.50,25.00,24.00,24.00,24.00,24.75,24.50,24.50,25.50,24.25,23.00,23.50,24.00,23.75,24.00,26.50,25.25,23.50,24.00,23.25,24.50,25.25,24.75,25.00,23.75,23.50,24.25,24.50,24.25,24.25,24.00,25.75,26.75,24.25,24.25,24.50,24.50,24.75,25.00,26.25,}
T=27.25
{25.50,24.50,24.00,23.75,24.50,24.75,25.00,25.50,25.25,24.25,23.50,23.75,23.00,22.75,23.50,24.25,25.75,23.75,24.00,23.50,23.75,23.25,23.50,23.75,25.50,24.75,24.25,23.50,23.75,24.75,23.75,23.50,24.75,23.75,23.75,23.00,23.75,24.50,24.75,26.25,25.00,23.50,24.50,23.50,24.25,24.00,24.75,24.75,24.25,24.75,24.25,23.75,24.50,23.75,25.50,24.75,25.75,25.00,23.25,24.00,23.50,25.50,25.00,26.50,}
T=27.25
{26.50,24.00,24.50,23.25,24.25,25.00,24.75,25.50,25.50,24.00,23.00,23.75,23.75,23.50,24.50,24.50,25.50,24.00,24.75,23.50,24.50,23.50,24.00,24.25,24.00,24.25,23.75,23.75,23.75,25.00,24.00,23.50,25.50,24.25,24.50,23.75,25.00,24.00,24.50,26.25,25.25,23.25,23.50,23.50,24.50,24.50,24.00,24.50,25.00,24.25,25.00,23.75,25.50,25.25,25.75,25.25,26.25,25.00,24.50,24.50,24.75,24.50,26.00,27.25,}
T=27.25
{25.50,24.75,23.50,23.50,25.00,24.00,25.75,25.00,25.50,24.25,23.50,23.00,23.75,24.00,24.25,24.75,25.50,22.75,24.00,23.50,23.75,24.25,23.75,25.25,24.50,24.25,23.25,23.25,24.00,24.75,23.75,24.00,25.00,24.00,23.00,23.75,23.50,24.50,24.75,27.25,24.25,23.25,23.50,22.75,23.50,24.75,24.25,24.50,24.75,24.50,24.75,24.50,24.25,25.75,24.75,26.25,24.75,24.50,24.25,24.25,24.75,25.50,26.75,28.00,}
T=27.18
{25.00,23.50,24.25,23.00,24.00,24.00,24.50,24.50,25.50,24.50,23.00,23.25,24.25,24.00,24.00,24.50,25.00,25.00,23.25,23.50,23.00,24.00,23.25,24.50,25.25,24.50,23.75,24.00,25.00,24.75,24.25,24.25,25.00,24.00,23.50,23.50,24.00,24.25,24.25,26.00,25.00,23.75,23.25,24.00,23.50,25.00,24.00,25.50,25.00,24.75,24.75,24.00,24.50,24.75,26.00,25.75,26.50,24.25,24.25,24.00,24.25,26.00,26.50,27.25,}
T=27.12
{24.50,23.00,23.75,22.50,25.00,24.75,25.00,26.50,25.75,23.50,22.75,23.75,23.75,23.25,24.50,24.50,25.00,23.50,23.25,23.25,24.00,23.75,23.75,24.25,24.75,24.75,24.00,23.50,24.50,24.75,23.75,24.00,25.00,23.75,23.75,23.25,24.00,23.25,24.75,26.50,25.00,23.50,24.50,23.00,24.00,24.25,24.00,25.00,24.50,24.25,24.00,23.50,24.25,24.50,26.50,25.50,25.00,24.75,24.00,24.00,25.00,25.50,28.00,26.25,}
T=27.18
{25.25,24.00,24.50,23.25,24.50,24.50,25.00,25.75,24.50,23.50,23.25,23.25,22.75,23.75,24.00,24.75,25.25,24.00,23.50,23.00,23.75,23.75,25.25,23.75,24.25,24.50,24.25,23.25,24.25,25.00,25.25,23.75,25.00,24.25,23.25,23.50,24.25,24.25,24.50,26.75,26.00,23.25,23.75,23.75,24.50,24.75,24.75,25.00,24.50,24.25,24.25,23.75,24.25,25.50,25.25,25.25,24.75,24.25,24.00,24.00,25.00,27.25,27.75,25.25,}
T=27.18
{26.50,24.75,24.00,23.25,24.50,23.25,25.75,25.25,24.50,24.00,23.50,23.75,23.25,23.00,24.25,24.75,24.50,24.00,23.25,23.25,23.00,24.00,23.25,24.25,24.25,24.00,24.25,24.00,23.50,25.00,24.50,23.75,25.25,23.50,22.50,23.25,24.75,24.25,24.50,25.75,24.50,24.00,24.25,24.00,24.50,25.25,25.25,25.00,24.50,24.50,25.25,25.25,25.00,26.75,24.75,25.50,25.00,25.25,24.50,24.25,25.75,27.50,25.50,25.25,}
T=27.31
{27.00,25.50,24.00,23.00,24.25,24.50,24.50,25.75,25.50,23.75,23.00,23.50,23.25,23.50,24.25,24.50,26.50,24.50,23.25,23.50,24.00,23.75,23.75,23.50,24.75,25.00,23.50,23.75,23.75,25.00,24.00,24.25,25.75,24.00,23.25,23.50,24.25,24.75,24.75,26.25,24.50,24.00,24.50,24.25,24.00,24.25,25.00,25.25,23.75,23.75,24.75,24.25,25.50,26.25,24.50,26.00,25.00,24.75,24.50,25.00,27.00,26.50,26.00,26.00,}
T=27.25
{26.25,24.00,23.50,23.25,24.75,24.25,25.00,24.25,25.75,24.00,24.00,23.50,23.75,23.75,24.25,24.75,26.00,23.50,23.75,22.75,23.75,23.50,23.75,24.50,24.50,24.00,23.25,23.75,24.50,24.00,24.00,24.75,25.50,24.25,24.00,23.00,24.00,24.25,24.75,26.50,24.75,24.50,24.00,23.25,24.25,25.00,24.75,25.50,24.00,24.50,24.75,25.25,26.00,24.75,24.00,25.50,25.75,24.50,24.50,26.75,26.00,25.75,25.75,24.00,}
T=27.18
{26.75,25.00,24.00,22.75,25.25,24.75,24.50,26.25,25.50,23.00,23.00,22.75,23.50,23.50,24.50,24.25,24.50,23.25,23.50,23.00,23.75,23.00,24.00,25.00,24.00,24.75,23.50,24.25,24.00,24.75,24.00,25.25,25.50,24.00,23.50,24.00,23.00,24.75,24.50,26.75,25.25,23.75,24.00,24.00,24.50,24.00,24.75,24.75,25.00,25.00,25.50,25.75,25.50,25.00,24.00,25.75,24.75,24.25,27.25,25.25,24.50,24.75,25.50,25.00,}
T=27.31
{25.50,24.75,24.25,22.25,24.50,24.75,25.00,25.00,25.25,24.50,23.50,24.25,23.50,24.50,24.50,25.50,26.25,23.00,23.25,23.75,23.50,23.00,24.75,23.75,25.00,25.25,24.00,23.75,24.75,25.25,24.25,24.25,24.25,24.50,23.50,23.75,24.25,23.50,25.25,26.75,24.50,24.25,24.25,23.50,24.75,24.75,24.25,24.75,25.25,25.00,27.50,25.25,24.50,24.50,24.75,25.50,26.25,25.50,27.25,25.00,25.00,25.00,25.50,25.25,}
T=27.18
{26.50,24.00,23.75,23.00,24.00,25.00,25.00,25.75,26.50,25.00,25.00,23.50,24.25,23.50,24.50,24.75,25.75,24.00,22.75,23.75,23.50,24.00,24.25,23.25,24.00,23.75,23.25,23.25,24.75,24.00,24.50,24.00,25.75,24.00,23.25,24.00,24.00,24.00,25.00,26.75,24.50,24.25,24.50,23.25,24.00,24.75,25.25,24.75,25.75,26.75,26.25,25.00,25.50,25.00,25.00,25.50,26.75,26.50,25.50,23.50,25.25,25.50,26.50,25.25,}
T=27.18
{26.25,24.00,24.25,23.25,25.00,24.75,25.25,25.00,26.25,24.75,23.25,23.50,22.75,23.75,24.75,24.75,24.25,24.00,23.50,23.50,24.25,23.50,23.75,24.50,23.75,24.00,23.50,23.75,23.75,25.25,24.25,24.25,24.25,24.25,23.50,23.25,23.50,24.00,24.00,27.25,25.00,24.75,23.50,24.25,24.00,24.00,23.50,25.00,26.50,27.75,24.75,24.50,24.75,24.75,24.00,26.25,26.25,26.25,24.50,24.00,24.25,25.75,25.25,25.25,}
T=27.18
{25.75,24.50,23.25,23.25,25.75,24.00,24.75,25.75,25.50,24.25,23.50,23.00,23.50,24.25,24.00,25.00,26.00,23.75,23.75,23.50,23.75,24.00,24.25,24.00,25.00,24.50,24.25,23.75,23.75,24.25,24.50,24.00,25.75,25.00,23.75,23.00,23.25,24.50,24.25,27.25,25.75,25.00,24.00,23.50,23.75,24.00,24.00,25.00,27.25,26.75,25.25,24.00,24.75,25.00,24.50,25.50,26.25,24.00,24.75,24.25,24.75,25.50,25.25,26.00,}
T=27.18
{25.25,24.00,24.00,23.00,24.00,24.50,25.00,25.75,25.25,24.25,24.00,23.50,23.25,24.25,24.75,24.00,26.25,24.50,23.25,23.50,23.50,23.50,24.50,24.25,24.25,24.25,23.50,24.25,24.00,25.00,24.25,24.00,25.50,23.75,24.00,24.00,23.75,24.75,24.50,26.50,27.25,24.50,23.75,23.50,24.25,24.50,24.25,24.75,27.50,25.75,26.00,24.25,25.25,24.75,23.75,24.50,26.00,24.75,24.75,24.50,25.00,25.50,26.00,25.75,}
T=27.12
{25.75,24.50,24.00,23.50,25.25,24.50,25.25,25.75,25.25,23.75,23.25,23.50,23.25,23.50,24.25,25.75,25.00,24.25,23.25,23.50,24.50,24.00,23.75,24.25,24.00,24.00,23.50,23.75,23.50,25.25,24.25,23.75,24.00,24.00,23.75,23.75,23.25,25.25,24.25,27.00,26.75,24.25,24.50,24.75,24.00,24.50,24.50,24.25,27.25,25.00,24.25,24.25,24.25,25.50,24.75,25.25,26.00,24.50,24.25,23.50,24.25,25.25,25.25,26.75,}
T=27.31
{26.50,25.00,25.00,22.75,24.50,24.75,25.00,26.50,25.50,24.25,23.50,23.75,23.75,24.75,24.25,24.50,25.25,23.50,24.25,23.50,24.75,23.25,24.00,24.75,24.75,23.75,24.25,24.00,24.00,25.00,24.25,24.50,24.75,24.75,23.00,24.50,24.25,24.50,25.50,27.25,25.50,24.25,24.50,23.25,24.25,24.25,23.75,24.75,26.50,23.75,25.00,24.25,24.75,24.25,24.50,25.25,25.25,23.75,24.00,24.50,24.50,25.25,25.75,24.75,}
T=27.25
{25.50,23.75,24.25,22.25,24.50,24.50,25.00,25.75,25.25,23.50,22.25,23.75,23.50,23.00,23.75,25.25,25.00,23.75,23.50,24.00,23.75,24.00,23.25,24.50,24.50,24.50,23.75,24.00,23.75,24.50,23.75,24.00,25.25,24.25,23.25,24.00,23.75,24.75,25.00,27.00,26.50,24.00,24.25,23.75,23.50,25.50,24.25,24.50,25.00,24.75,24.25,24.50,24.50,25.00,24.00,25.50,25.50,25.00,23.50,23.75,23.75,25.50,24.50,24.75,}
T=27.18
{25.50,24.75,25.00,23.75,24.50,25.25,24.25,25.25,25.50,24.75,23.50,23.50,23.00,24.25,24.00,25.25,25.00,23.50,23.75,24.00,25.00,23.75,24.25,24.25,25.00,24.00,23.75,24.25,24.00,25.00,24.50,24.00,25.50,24.50,23.25,23.25,24.00,24.25,24.00,27.25,25.75,24.25,24.00,24.00,24.25,25.00,25.25,25.25,26.00,24.00,25.50,24.25,24.75,25.00,25.25,24.75,25.00,24.25,24.00,24.75,24.50,25.75,25.00,25.50,}
T=27.18
{25.25,23.75,24.75,23.00,25.25,25.00,24.75,25.50,25.25,23.25,24.00,23.50,23.25,24.25,23.50,24.50,25.50,23.25,24.00,23.75,24.25,25.00,24.25,25.50,25.00,24.25,23.75,24.00,24.50,24.75,24.00,23.75,25.25,24.25,24.25,23.75,24.25,25.00,24.50,26.00,24.75,23.75,24.00,23.50,24.25,25.00,24.00,25.00,24.75,23.75,24.50,25.00,25.00,25.50,25.25,25.75,25.75,24.50,24.50,24.25,24.00,24.25,26.00,24.50,}
T=27.18
{25.50,24.75,24.00,23.00,25.00,23.75,25.50,25.00,25.25,24.00,23.25,23.50,23.00,24.25,24.75,25.00,25.00,24.75,22.75,23.25,24.50,24.50,24.00,23.75,23.75,23.50,24.00,23.50,23.75,24.25,23.50,24.00,25.25,23.50,23.25,23.25,24.00,24.50,24.50,27.50,25.00,23.75,23.75,24.25,24.25,24.50,23.50,26.00,25.00,23.50,26.00,24.75,24.75,24.75,24.25,25.25,26.00,24.25,24.75,24.75,23.75,25.50,26.00,25.25,}
T=27.25
{25.50,24.75,25.00,23.75,24.50,25.00,25.25,25.00,25.75,24.00,24.00,24.25,23.25,23.50,24.00,25.25,24.50,24.00,23.75,23.50,24.50,24.00,23.75,23.75,24.00,24.75,24.50,24.25,24.75,24.75,24.50,24.50,24.75,23.50,23.75,23.50,24.25,24.75,25.25,26.75,26.00,24.00,24.00,24.00,24.50,24.50,24.50,25.75,25.75,24.75,24.75,24.50,24.75,24.75,26.00,25.00,26.00,24.75,24.00,24.75,25.25,25.50,25.50,25.75,}
T=27.25
{26.25,23.50,23.75,22.75,25.25,25.00,25.00,25.50,24.75,24.00,23.50,23.50,24.00,23.75,24.50,24.75,25.25,24.00,23.25,23.25,24.50,24.25,23.75,23.75,24.75,24.00,24.50,23.75,23.25,25.25,24.50,24.50,25.25,24.25,23.00,24.00,24.25,24.00,24.50,26.00,25.00,24.75,24.25,23.75,24.75,24.75,24.50,25.50,24.50,24.25,24.75,24.50,24.50,24.75,23.75,25.50,26.25,25.00,24.00,23.75,25.00,24.75,24.50,25.75,}
T=27.25
{26.25,24.25,24.00,23.00,24.75,24.50,25.25,25.25,25.75,24.50,23.25,23.50,23.50,23.50,25.00,25.75,25.75,23.75,24.00,23.75,24.50,23.75,24.75,24.25,24.25,24.25,23.75,24.25,24.50,25.00,24.50,24.50,25.00,24.25,23.25,24.50,24.00,25.00,25.25,26.75,25.50,24.00,24.00,24.00,24.50,24.75,24.75,25.00,24.00,25.00,25.00,24.25,25.50,24.75,24.25,26.25,26.00,25.75,24.75,23.50,25.25,25.25,25.25,26.50,}
T=27.25
{26.25,24.50,24.50,23.75,25.50,25.00,25.75,25.50,25.25,24.50,23.00,23.50,24.50,24.00,24.25,24.50,25.25,24.50,23.75,23.50,24.25,24.25,24.75,24.25,25.00,24.50,23.75,23.50,24.50,25.25,24.25,24.00,24.75,25.25,23.75,23.25,23.25,23.75,23.75,27.00,26.50,24.00,24.00,23.75,24.00,24.75,24.25,24.50,26.25,24.75,24.75,25.00,24.25,25.00,25.00,25.00,26.75,25.25,24.00,24.75,25.00,25.50,26.00,26.50,}
T=27.25
{25.75,24.25,24.75,23.00,24.50,24.75,25.50,25.75,25.25,24.00,23.00,24.00,23.75,23.75,24.25,24.00,25.00,24.00,23.50,23.75,25.00,24.25,23.75,25.00,24.50,23.50,24.25,23.75,24.25,25.25,23.50,24.50,24.00,24.75,22.75,23.75,24.25,24.75,24.50,27.00,25.25,23.00,24.00,24.00,24.00,24.75,24.25,25.00,24.25,24.50,24.00,24.75,24.00,24.75,23.75,25.25,26.25,24.75,25.25,23.25,24.25,24.75,25.50,25.75,}
T=27.18
{26.00,24.75,24.50,23.00,24.25,24.25,25.00,25.00,24.50,24.50,24.00,23.75,23.50,24.25,24.25,24.75,26.00,24.00,23.75,23.75,23.75,24.00,24.25,24.25,24.75,24.00,23.00,23.50,24.25,25.00,25.00,23.75,25.25,23.75,23.50,22.75,24.00,24.25,25.00,26.25,25.75,24.00,24.25,23.00,25.25,24.75,25.00,25.00,25.00,24.75,25.50,24.00,25.25,24.75,24.75,25.00,25.25,25.00,23.50,24.50,25.00,24.75,25.75,25.50,}
T=27.25
{25.00,24.25,24.50,23.25,25.50,25.50,25.25,26.50,25.50,24.50,24.00,23.50,24.25,24.25,23.75,25.25,25.50,24.00,23.75,23.75,24.50,24.00,24.50,24.00,25.00,24.75,24.50,23.50,24.75,23.75,24.00,24.75,25.25,24.50,23.75,23.75,24.25,24.50,24.50,27.25,27.25,24.75,24.75,23.50,24.25,24.25,24.25,25.00,27.00,25.50,24.75,24.50,25.00,24.75,24.25,25.75,25.75,24.50,24.50,24.00,24.75,24.75,26.50,25.00,}
T=27.18
{26.00,24.25,24.25,22.25,25.00,24.00,26.25,25.75,25.75,24.50,23.50,23.50,23.50,23.50,25.00,24.75,25.25,23.50,23.50,23.50,24.00,23.50,23.50,23.25,25.00,24.00,24.00,23.75,24.00,25.00,24.25,23.50,24.25,24.25,23.75,24.25,24.00,24.50,24.50,27.25,27.00,24.50,24.75,23.00,24.00,24.50,24.25,24.75,26.50,25.00,24.50,23.75,24.75,25.00,24.25,25.00,26.50,25.00,24.25,24.50,24.75,25.25,25.75,25.00,}
T=27.18
{24.50,23.75,23.25,22.25,24.75,24.00,24.75,25.25,25.00,24.50,23.25,22.75,23.50,24.25,24.00,24.75,25.25,23.75,23.25,23.50,23.25,24.25,23.75,24.25,25.25,23.75,24.00,24.25,23.50,24.00,24.00,24.00,23.75,24.25,23.50,24.00,23.50,24.50,25.50,27.25,25.75,25.75,24.00,23.50,24.00,23.75,24.50,25.00,27.50,25.50,24.50,24.00,25.00,24.75,24.00,25.75,26.75,25.25,25.00,24.50,24.50,24.50,25.75,25.75,}
T=27.18
{26.25,24.75,25.00,23.25,24.75,24.00,25.50,25.50,25.50,25.00,24.25,23.75,23.25,24.00,23.50,25.25,25.25,24.25,24.00,23.00,24.50,24.00,23.75,24.25,25.00,23.75,24.00,23.75,24.00,25.50,24.00,24.50,25.75,24.25,23.50,23.25,23.50,24.50,25.00,27.25,26.00,25.00,24.25,24.00,24.00,24.50,24.50,25.00,26.25,25.50,26.00,24.75,24.50,25.25,24.75,25.00,27.25,27.00,25.00,23.50,24.75,25.25,25.50,25.00,}
T=27.25
{25.50,25.00,24.25,23.25,25.00,24.50,25.75,26.00,26.00,24.25,23.00,23.75,23.25,24.00,24.50,25.50,25.00,24.25,24.00,23.75,24.50,24.00,24.75,24.25,24.75,24.25,23.50,23.00,24.00,24.50,25.75,23.25,25.75,23.75,23.50,23.00,23.00,24.75,24.50,26.25,25.00,24.50,24.25,24.25,24.50,24.00,24.75,24.50,25.25,26.75,25.75,24.75,25.00,25.50,25.00,25.75,26.50,27.25,26.25,25.50,24.75,25.00,24.75,26.00,}
T=27.18
{25.25,24.50,24.25,23.75,24.75,25.50,24.75,25.25,25.50,24.25,23.25,24.00,23.25,24.25,23.50,24.50,25.75,23.50,23.75,23.25,23.75,23.00,24.25,23.75,24.00,23.75,23.75,23.00,24.00,24.00,23.50,24.50,24.75,24.75,23.75,23.50,24.25,24.00,24.50,26.25,24.25,23.50,24.25,24.00,24.25,24.25,23.75,25.75,24.25,25.50,26.25,25.00,24.50,24.75,24.50,25.00,26.00,25.75,26.50,25.00,25.00,25.50,25.50,26.00,}
T=27.18
{26.00,25.25,25.00,24.00,25.50,24.50,24.25,25.75,25.50,25.00,23.50,23.75,24.50,23.50,24.25,24.50,25.00,24.50,23.50,23.00,24.75,22.75,23.50,24.00,25.00,24.75,23.25,24.00,24.25,24.75,25.00,24.00,25.00,23.75,24.00,23.75,24.50,24.50,24.50,26.50,24.50,23.50,24.25,24.50,24.00,24.50,24.00,24.50,24.25,25.50,25.25,26.50,25.00,25.25,24.25,25.25,26.00,25.50,25.50,25.50,25.25,25.50,25.00,25.75,}
T=27.18
{26.75,24.75,24.75,23.50,24.50,25.00,25.00,25.75,25.25,23.75,23.75,23.00,23.25,23.00,24.75,25.25,25.50,23.50,23.25,23.50,24.00,24.00,23.75,23.75,25.00,24.25,23.50,23.50,24.50,24.75,24.50,24.75,25.00,24.50,23.25,23.50,23.50,24.50,24.00,26.75,24.75,24.25,23.25,23.25,24.25,25.25,24.25,25.00,24.75,25.00,24.50,25.75,26.00,24.25,25.25,25.50,25.50,24.50,25.00,26.00,25.25,25.00,25.50,25.75,}
T=27.12
{25.75,23.75,24.25,23.00,24.75,23.75,25.25,26.25,25.00,23.75,24.25,24.00,23.50,24.50,24.50,25.00,25.25,23.50,23.50,23.00,24.25,23.75,23.00,23.50,24.25,23.50,23.25,23.00,23.25,24.50,24.00,23.75,24.75,24.25,23.50,23.25,23.50,23.75,25.50,26.50,25.75,23.50,24.50,23.75,24.25,24.25,25.25,24.75,25.50,24.50,24.25,24.00,26.75,26.50,24.75,26.25,25.75,24.50,23.75,24.50,27.50,26.25,25.25,25.50,}
T=27.31
{26.25,24.25,24.00,23.75,25.50,24.75,25.75,26.00,26.50,23.00,23.75,24.00,24.25,23.50,24.50,24.25,25.00,23.50,23.75,22.75,24.75,23.50,23.75,23.50,24.75,24.75,23.50,23.25,24.00,24.75,24.25,24.00,25.50,23.75,24.25,23.75,24.25,24.50,24.75,27.00,24.50,24.00,24.75,23.00,24.00,25.25,24.50,25.25,25.00,24.75,25.25,24.75,25.75,26.50,25.00,26.50,26.50,25.50,25.00,24.75,25.25,27.75,25.75,26.00,}
T=27.25
{26.50,23.50,23.75,23.50,24.50,24.50,24.75,24.75,24.25,24.25,23.25,23.50,23.50,24.25,23.50,25.50,25.50,24.50,23.50,23.25,24.00,23.75,24.00,24.00,24.75,24.00,24.25,24.25,24.25,24.75,24.50,24.25,24.75,24.25,24.00,24.00,23.50,23.75,24.50,26.75,25.25,23.25,24.00,23.50,24.75,24.75,24.25,25.00,25.25,25.25,25.25,24.00,24.75,26.75,25.00,25.75,26.25,24.50,23.50,24.25,24.50,26.50,26.50,25.75,}
T=27.31
{25.50,24.75,24.50,24.25,25.25,24.50,25.00,25.00,25.25,24.50,24.25,23.75,23.75,24.75,24.25,24.50,25.50,24.00,24.00,24.00,24.25,23.50,23.75,24.25,24.25,24.25,24.25,23.50,24.25,25.25,23.00,24.75,25.25,24.75,23.50,24.75,23.75,24.00,24.25,27.25,25.00,23.50,24.50,23.75,24.75,25.00,24.25,25.25,24.50,25.50,25.25,25.00,25.25,25.50,26.50,26.25,25.75,24.75,24.25,23.75,24.50,24.50,27.50,27.00,}
T=27.18
{24.75,24.50,24.00,23.75,25.00,25.25,25.00,25.00,25.50,24.50,23.50,24.25,23.50,24.00,24.25,25.50,25.00,24.00,23.50,23.25,24.25,23.75,23.25,23.75,25.00,25.00,23.50,24.25,24.25,24.25,24.75,24.00,25.25,23.75,23.00,24.00,23.50,24.50,24.00,27.25,24.75,24.25,24.50,24.25,24.50,25.75,24.25,26.50,25.00,23.50,24.50,24.00,24.25,25.25,26.25,26.25,25.75,25.75,23.75,24.00,24.75,25.75,26.00,26.75,}
T=27.25
{26.00,23.25,24.00,22.50,25.00,24.25,25.25,24.75,25.25,23.50,23.25,23.75,23.25,23.75,24.50,25.25,25.25,23.25,23.25,24.00,24.00,23.50,23.75,24.50,24.50,24.25,24.25,24.00,24.75,25.25,24.75,24.75,25.25,24.25,24.00,23.75,23.50,23.75,25.25,26.75,25.75,23.75,23.75,24.25,24.25,24.75,24.75,25.25,24.50,24.75,25.00,24.00,25.25,25.25,25.00,27.75,26.25,24.25,24.75,24.75,24.00,25.25,26.00,27.75,}
T=27.25
{26.00,24.25,24.25,23.00,25.50,24.50,26.25,25.50,25.25,24.00,23.50,23.00,23.75,24.75,24.25,24.50,25.00,23.25,23.25,22.75,23.75,22.75,23.75,23.50,24.50,23.00,23.50,23.50,24.00,24.75,24.50,24.00,25.25,24.25,22.75,23.50,24.00,23.75,25.00,27.25,25.25,23.50,24.50,22.75,24.50,24.75,24.25,25.25,25.25,24.75,24.50,25.00,25.25,24.50,24.75,27.00,24.50,23.75,24.25,24.50,24.75,25.00,26.00,27.25,}
T=27.25
{25.50,24.75,24.50,23.25,24.25,25.50,25.00,26.00,25.25,24.25,24.00,23.25,24.25,23.75,24.00,25.00,25.00,24.00,24.00,23.50,24.00,24.00,24.50,24.00,24.75,25.00,23.75,23.00,23.75,24.25,24.50,24.50,24.75,25.25,23.75,23.50,24.00,24.25,24.75,27.25,24.75,23.75,24.25,24.50,23.25,24.75,24.50,25.50,25.00,24.50,25.00,24.00,24.75,24.50,25.75,25.75,26.25,24.75,24.25,24.50,24.75,25.50,25.50,25.75,}
T=27.31
{26.00,24.75,24.75,23.50,25.00,25.00,25.00,24.50,25.50,24.00,24.00,23.75,23.75,24.50,24.00,24.75,25.25,24.50,23.50,23.00,24.00,23.75,24.00,25.25,25.00,24.00,23.25,24.25,24.25,24.25,24.25,25.00,25.50,23.50,23.75,23.50,23.25,24.50,24.75,27.50,25.00,23.75,24.75,24.25,23.75,24.75,24.50,26.50,24.25,24.75,25.00,24.00,24.75,24.75,25.00,26.50,25.50,25.25,24.50,24.50,24.50,24.50,25.50,25.25,}
T=27.18
{26.75,25.00,24.50,23.00,25.25,24.50,25.50,25.50,25.00,23.75,24.25,23.25,24.00,24.50,24.75,24.75,25.50,23.50,23.75,24.25,24.25,24.00,24.00,24.00,24.75,24.25,24.00,23.25,24.00,24.25,23.75,24.50,24.25,24.50,23.25,23.75,23.75,24.00,24.00,26.75,24.75,24.25,23.50,23.75,24.50,24.75,24.50,25.50,24.50,24.00,24.50,24.00,24.75,25.50,25.00,25.00,25.25,25.25,24.25,24.50,24.50,25.00,25.25,25.75,}
T=27.18
{25.50,24.50,24.25,23.50,24.50,23.75,25.25,26.50,25.25,23.75,23.75,23.50,23.25,23.50,24.25,24.25,25.00,24.25,23.00,24.25,23.75,24.75,24.50,24.75,25.25,23.50,23.75,23.00,23.75,24.00,23.75,24.00,25.25,24.25,23.50,24.00,23.75,24.75,24.50,26.75,25.25,23.75,24.25,24.00,24.00,24.25,25.25,25.00,23.75,24.50,24.25,24.25,25.00,24.25,24.00,25.75,25.50,24.75,24.00,24.50,23.75,25.75,26.00,25.50,}
T=27.18
{25.75,25.00,24.25,22.50,25.00,24.75,24.50,25.25,25.25,24.50,23.25,23.75,23.00,23.50,24.00,24.75,24.75,23.75,24.50,23.75,23.75,24.25,23.50,24.25,24.75,24.75,24.00,23.00,24.00,25.25,24.50,24.25,25.50,24.50,24.25,23.50,24.50,25.25,24.50,27.25,24.25,23.75,23.25,23.75,23.75,25.25,23.50,25.25,24.25,24.25,24.00,24.00,24.75,24.75,24.25,24.75,25.25,24.00,24.75,23.75,24.50,25.00,26.75,26.25,}
T=27.18
{25.25,24.50,24.25,24.00,24.25,25.00,25.25,25.25,24.75,24.25,23.75,24.25,23.50,24.00,24.50,24.75,24.50,23.00,22.75,23.75,23.75,24.00,23.25,24.50,25.00,24.25,23.75,23.75,23.50,25.25,25.00,24.50,24.75,23.50,22.50,24.25,23.75,24.75,25.00,27.25,25.25,25.00,23.25,24.25,24.75,24.50,24.00,25.50,24.50,23.75,23.75,24.75,25.00,24.75,24.25,25.75,26.00,25.50,24.25,23.75,24.50,25.00,25.50,25.75,}
T=27.31
{25.50,24.75,24.75,23.25,25.25,24.00,26.00,25.25,25.25,23.50,24.25,23.00,24.25,23.50,24.50,25.00,26.25,24.00,23.75,23.25,24.50,24.00,23.75,24.50,24.25,23.50,24.50,23.50,24.50,24.50,23.75,24.25,25.25,24.25,23.75,23.25,23.50,25.00,25.00,26.50,26.00,23.50,23.50,23.75,24.00,24.75,24.25,26.25,24.50,24.75,24.75,24.75,24.50,25.75,24.75,25.50,25.50,24.50,24.75,24.25,23.75,26.00,25.25,25.75,}
T=27.18
{26.00,23.75,24.50,23.00,24.75,24.25,25.00,24.50,25.25,23.75,24.00,23.50,23.25,23.50,24.25,24.50,25.00,23.00,24.00,23.75,24.25,24.00,24.00,24.25,24.50,24.00,23.25,24.00,24.25,24.50,24.50,23.50,24.50,23.75,23.25,23.50,23.50,24.25,25.25,26.75,24.25,23.75,24.00,23.25,23.50,24.00,24.25,24.75,24.75,24.00,25.00,24.00,24.00,24.25,24.25,25.00,25.50,24.75,24.25,23.50,24.75,25.50,25.50,25.00,}
T=27.18
{25.50,24.25,24.50,22.75,24.50,25.00,24.50,25.00,25.50,24.25,23.50,24.00,22.50,24.25,24.50,26.00,25.25,24.50,23.25,23.00,24.25,23.50,24.00,24.50,24.75,24.25,24.25,23.50,24.50,25.75,24.25,24.75,25.00,23.75,23.25,23.75,24.50,24.25,25.00,27.75,24.25,23.75,25.00,23.50,24.75,24.00,24.25,25.50,25.00,24.00,24.25,24.25,24.25,24.75,24.25,25.25,25.50,25.25,24.00,25.50,24.00,25.00,25.50,25.00,}
T=27.25
{26.00,24.75,24.00,24.00,25.00,25.00,25.25,26.00,25.25,24.50,23.25,23.75,24.00,24.25,24.25,24.50,25.50,24.00,24.25,23.25,25.00,24.00,24.25,24.50,25.75,24.50,23.25,24.00,24.25,25.00,24.75,25.00,25.50,23.00,22.75,24.00,25.00,24.00,24.50,27.00,24.75,24.00,24.25,23.75,24.00,25.50,24.50,25.00,24.25,24.50,25.25,25.00,25.00,24.25,24.25,25.75,25.75,24.25,23.00,24.25,25.00,26.00,25.75,25.25,}
T=27.25
{25.50,24.50,25.00,24.00,24.75,24.75,24.50,26.25,25.75,23.00,24.00,23.50,23.25,24.00,24.25,24.75,25.25,23.75,23.75,23.25,23.50,24.50,24.00,24.25,23.75,24.50,23.50,23.75,23.25,24.25,23.75,23.50,24.50,24.00,23.50,23.25,24.50,23.00,24.50,26.75,25.00,24.75,23.50,23.75,24.25,24.75,25.00,24.75,25.25,24.25,24.00,23.50,24.25,24.00,24.75,25.00,26.00,24.50,24.25,24.50,23.75,25.00,25.00,25.75,}
T=27.25
{25.75,24.25,24.00,23.50,25.00,25.25,24.75,25.75,25.75,24.50,24.25,23.75,24.25,23.75,24.00,25.50,25.00,24.25,24.00,23.75,23.75,24.25,24.00,25.00,24.25,24.75,23.75,24.00,24.00,25.00,24.25,24.50,25.00,24.75,23.00,24.25,24.75,24.25,25.00,27.25,25.00,23.50,24.00,23.75,24.50,24.75,24.00,25.50,25.00,24.25,24.00,24.00,24.75,24.50,24.75,25.75,25.75,25.25,24.25,24.50,24.75,25.50,26.00,25.50,}
T=27.12
{26.00,24.75,24.00,23.50,24.75,24.75,25.00,25.75,25.25,24.25,22.75,23.75,24.50,23.00,24.00,24.75,25.00,24.50,23.25,23.25,24.00,24.25,23.75,24.50,24.00,24.25,23.75,23.50,23.75,24.50,24.00,23.75,23.75,24.50,23.50,22.75,23.25,23.25,24.50,26.00,25.00,23.00,24.25,23.00,25.00,24.00,24.75,25.00,24.50,23.75,25.00,24.00,25.25,24.75,24.75,26.25,25.75,24.75,24.50,24.50,24.25,24.25,25.25,25.50,}
T=27.18
{25.00,24.25,24.50,23.00,25.25,24.00,25.00,25.50,25.25,25.00,23.25,24.25,23.75,25.25,23.75,26.00,25.25,23.50,23.25,24.00,23.50,23.25,24.25,24.25,25.25,23.50,23.50,24.25,23.50,24.25,23.75,24.00,24.50,23.75,24.00,24.25,23.50,24.25,24.75,26.25,25.75,23.75,24.00,23.75,23.50,25.25,24.75,26.50,24.25,23.75,25.00,24.75,24.50,24.00,24.75,26.50,25.00,25.00,24.50,24.00,24.75,25.50,25.75,27.25,}
T=27.18
{24.25,24.50,24.25,23.00,25.00,25.25,25.75,25.25,25.25,24.00,23.25,24.00,24.00,23.50,24.25,25.50,25.00,23.75,24.25,23.75,24.00,24.25,24.00,24.00,24.25,24.75,23.25,24.25,23.50,24.50,24.50,24.75,25.25,23.00,23.25,23.75,23.50,24.25,25.00,26.75,26.00,24.50,22.75,23.75,24.25,25.00,24.00,26.75,25.00,25.00,24.75,24.75,24.00,25.00,25.50,26.75,25.75,25.00,23.75,23.50,25.00,25.00,25.50,28.00,}
T=27.18
{25.25,24.25,24.00,23.75,23.75,24.50,25.25,25.00,25.25,24.50,24.00,23.25,23.50,24.00,23.50,24.50,25.25,23.75,23.50,23.50,24.25,23.25,24.00,25.25,25.75,24.00,22.25,24.25,23.75,25.25,24.50,24.00,25.00,24.50,23.75,23.50,23.50,24.50,24.50,26.50,25.00,23.00,24.25,23.25,25.00,24.75,25.75,26.75,25.25,24.50,24.75,24.75,25.75,25.25,24.50,27.00,25.25,24.75,23.50,25.25,23.75,24.50,25.25,27.00,}
T=27.18
{25.25,24.00,24.25,23.25,25.00,25.00,25.50,25.00,25.50,25.00,24.25,23.50,23.75,24.25,24.00,25.25,25.00,23.25,24.25,22.75,24.00,24.25,24.50,24.25,24.75,23.50,24.00,23.25,24.00,24.50,24.50,23.75,24.50,24.25,23.50,24.00,23.75,24.50,24.50,27.00,25.00,24.25,23.75,23.25,24.25,25.25,25.25,26.25,24.00,24.50,24.25,25.25,24.00,25.25,26.25,26.50,25.00,24.75,25.00,24.25,24.75,25.00,26.25,26.00,}
T=27.25
{25.25,25.50,24.50,23.75,25.00,24.50,24.50,26.50,24.75,23.50,24.00,24.00,23.25,24.00,25.00,23.50,25.25,24.25,23.25,23.00,23.75,24.00,23.75,23.75,25.25,23.50,24.00,23.25,24.00,24.50,25.50,23.00,24.50,23.75,23.75,24.00,24.25,25.25,25.75,27.25,25.25,24.75,24.50,23.50,25.25,25.00,25.50,25.75,25.25,24.50,24.75,25.00,24.50,27.25,26.50,26.75,26.25,23.75,24.50,25.00,25.00,25.00,27.25,26.00,}
T=27.18
{26.00,24.25,25.00,23.75,24.50,25.75,25.50,26.00,25.25,24.00,24.00,23.25,23.50,24.25,24.25,24.75,25.25,23.50,24.00,22.75,24.50,24.00,23.75,23.50,25.25,24.00,23.75,24.25,24.00,24.75,23.50,23.50,25.75,24.50,23.25,24.25,23.75,24.25,25.00,26.75,24.75,23.25,24.00,23.75,25.00,25.50,25.00,25.50,25.00,24.25,24.25,24.75,26.50,27.00,25.25,25.50,26.50,24.75,24.25,24.25,25.50,26.75,25.75,25.50,}
T=27.25
{26.25,24.50,25.00,23.00,25.75,24.25,26.00,24.00,24.25,24.25,24.25,23.00,23.25,23.00,24.50,24.00,25.75,23.25,23.25,22.75,24.00,23.50,23.25,24.50,24.75,24.25,23.75,24.00,23.75,24.25,23.75,24.75,25.25,23.75,23.25,23.75,24.50,24.75,25.00,27.25,24.75,23.25,23.75,23.75,23.75,25.25,23.75,24.75,25.00,23.75,25.00,24.00,27.50,25.50,24.50,25.25,26.00,23.75,23.50,25.00,26.25,25.50,26.00,25.00,}
T=27.18
{25.75,24.25,24.75,23.25,24.50,24.75,24.75,26.00,25.75,25.25,23.25,23.50,23.75,23.50,24.75,25.25,25.00,23.25,23.00,23.25,23.75,23.25,24.00,23.75,24.00,24.25,23.75,23.50,23.00,24.25,24.00,24.50,25.00,23.50,23.50,24.00,24.00,24.75,25.00,27.25,25.00,23.75,24.25,24.00,24.00,24.50,25.25,25.75,24.50,24.25,24.25,25.00,27.00,25.00,24.50,25.50,25.25,25.00,24.75,24.75,26.25,25.00,25.00,25.00,}
T=27.18
{26.00,24.25,23.75,22.75,24.25,24.25,24.75,25.75,25.00,24.00,23.25,23.25,23.50,24.25,24.50,25.00,25.00,22.75,24.00,23.00,24.00,24.50,24.00,25.00,24.00,24.25,24.00,23.75,24.00,25.25,23.50,24.00,25.00,24.00,23.75,23.50,23.50,24.25,24.50,26.75,25.50,23.75,24.75,24.00,24.50,23.25,25.00,24.50,24.50,24.25,25.00,26.00,25.25,24.75,24.50,25.75,25.25,24.00,26.00,26.75,24.75,25.00,25.75,25.00,}
T=27.18
{25.50,25.25,24.75,23.25,24.00,25.00,25.25,26.00,25.75,24.25,23.75,22.75,23.50,23.00,23.75,25.50,25.00,23.50,23.25,22.50,24.50,23.75,23.50,24.50,24.25,24.50,23.25,24.50,24.00,24.75,24.75,25.00,25.00,24.50,24.00,23.50,24.00,24.50,24.75,26.25,25.00,23.50,23.75,23.75,24.25,24.50,24.00,24.75,24.75,25.25,26.25,25.75,24.50,25.50,24.00,24.75,26.25,25.00,26.50,24.75,24.75,25.50,25.25,25.00,}
T=27.18
{26.25,24.00,23.50,23.00,24.25,24.25,24.50,25.25,26.00,23.00,23.50,23.75,23.50,23.25,24.50,25.00,25.25,23.50,23.50,22.75,23.50,23.50,24.50,24.25,23.75,24.50,23.75,23.50,24.00,25.00,25.00,24.00,23.75,24.25,23.25,24.25,24.75,24.25,24.50,26.75,24.75,24.00,24.75,23.75,24.00,24.75,24.50,25.50,25.25,25.50,26.75,24.25,24.25,24.75,24.75,26.00,25.25,25.25,27.00,24.75,25.25,25.50,25.00,24.25,}
T=27.25
{25.75,23.75,24.50,22.75,24.25,24.25,24.50,25.75,25.50,25.00,23.25,23.75,23.25,24.25,25.25,24.75,24.50,23.75,23.25,22.50,24.00,23.75,23.75,23.75,24.75,24.25,23.50,24.00,24.00,25.25,24.50,24.25,25.25,24.00,23.75,24.00,23.50,25.00,24.25,27.00,24.25,24.25,23.75,24.50,24.50,24.25,23.75,25.00,25.75,27.00,26.00,25.00,24.75,24.00,24.75,26.00,26.25,26.25,25.50,24.25,23.75,25.25,26.50,25.00,}
T=27.18
{25.25,23.75,23.50,23.00,25.00,24.75,24.75,25.00,24.75,24.00,23.75,23.25,23.25,24.50,23.75,26.00,25.75,24.00,23.25,23.50,23.75,24.00,24.75,24.25,24.25,23.75,23.25,23.25,23.75,24.75,24.00,24.50,24.75,24.00,22.25,23.50,23.75,24.50,24.50,26.75,25.75,24.75,23.25,24.00,23.75,24.50,24.75,25.50,26.75,26.75,25.00,24.25,24.75,25.00,24.25,25.50,26.75,25.50,24.50,23.75,24.25,25.25,25.00,25.00,}
T=27.18
{25.75,24.00,25.00,22.50,25.25,24.25,24.50,25.00,25.00,24.50,23.25,23.25,23.25,23.25,23.75,25.25,25.00,23.75,24.00,23.50,23.75,23.25,23.75,24.25,24.25,23.50,23.25,23.50,24.25,24.25,24.00,23.50,24.75,24.25,23.50,23.25,23.50,24.00,25.00,26.50,25.00,23.75,23.50,23.75,25.00,24.50,25.00,24.50,26.75,26.25,24.75,24.25,24.25,24.75,24.50,25.50,26.25,25.25,24.00,24.25,23.75,24.00,25.75,25.25,}
T=27.18
{25.50,23.50,24.75,23.50,24.75,24.50,24.50,24.50,25.25,23.75,22.25,23.25,23.00,23.50,24.25,24.75,24.50,22.75,23.00,23.00,23.75,23.50,24.00,23.50,24.50,24.25,23.25,23.50,24.25,24.75,24.00,23.75,24.50,24.25,23.00,22.50,23.50,24.00,24.50,26.75,26.25,24.25,24.50,23.75,23.75,25.25,24.00,25.00,25.50,25.00,24.50,23.25,23.75,24.50,24.25,25.00,25.75,24.75,24.50,23.25,24.50,25.25,25.75,25.75,}
T=27.18
{25.75,24.25,23.25,23.00,24.25,24.75,25.25,25.25,25.00,24.25,23.50,23.75,22.75,24.50,24.25,24.75,26.25,23.00,23.50,22.50,24.50,23.50,25.00,25.00,25.25,24.50,24.00,23.75,23.75,25.00,24.25,23.50,25.00,24.25,23.25,24.00,23.25,24.50,25.00,24.75,27.00,24.25,24.25,23.75,24.00,24.50,24.50,25.50,25.50,24.75,24.00,24.00,24.75,25.50,25.25,25.00,25.50,24.50,25.50,24.25,23.75,25.50,24.50,25.00,}
T=27.12
{25.75,24.25,25.00,23.00,25.50,24.50,25.50,25.50,25.00,23.25,23.75,22.75,22.75,23.75,23.00,24.50,25.50,23.75,22.25,23.00,23.75,23.25,23.75,24.25,24.25,24.50,23.00,23.25,23.75,24.00,24.50,23.50,24.50,23.25,22.50,23.75,23.75,24.00,24.50,25.25,26.50,23.00,24.00,23.25,24.25,24.25,24.50,24.25,26.25,24.75,25.00,24.00,24.00,24.25,25.25,25.75,25.50,24.25,24.00,23.75,24.50,25.50,25.75,25.50,}
T=27.18
{25.00,23.50,24.25,23.25,24.75,23.75,24.75,25.75,25.25,24.25,24.00,23.50,23.00,23.50,23.75,25.25,25.00,23.50,23.25,23.25,24.25,23.75,23.75,24.25,24.75,23.75,23.50,23.75,23.75,24.75,23.50,24.00,24.75,23.00,23.25,23.25,23.25,25.00,24.50,26.75,25.75,23.75,23.75,24.00,23.25,24.75,24.00,25.50,25.00,23.50,24.50,24.75,24.75,25.00,24.75,25.75,25.25,24.75,24.25,24.25,23.75,25.50,24.50,25.75,}
T=27.25
{26.75,24.00,24.50,23.00,25.00,25.25,25.25,25.25,26.25,23.50,23.25,23.75,23.25,24.50,24.75,24.75,25.25,23.50,23.75,23.25,24.50,24.25,23.50,23.00,24.25,24.50,23.50,23.50,24.25,23.75,25.25,24.75,25.50,24.75,23.00,23.50,23.25,25.00,24.75,26.75,25.75,23.75,23.75,23.50,24.00,25.00,24.25,25.00,24.75,24.50,24.50,25.25,24.25,25.25,24.75,26.25,25.25,24.75,24.75,24.75,24.50,25.25,25.25,26.00,}
T=27.18
{25.25,23.25,24.50,23.00,24.25,25.00,24.75,23.75,25.25,23.75,23.00,23.25,23.25,24.00,24.00,25.00,24.50,23.25,23.25,23.00,23.00,23.25,24.00,24.25,24.75,24.50,23.75,22.25,24.50,23.75,23.50,23.75,24.50,24.75,23.25,23.75,22.75,24.50,25.50,26.50,25.00,24.25,23.75,24.00,23.25,24.25,23.75,25.25,25.25,24.25,24.00,23.75,24.25,23.75,24.75,24.50,25.25,25.00,23.75,23.75,23.50,24.25,25.25,25.25,}
T=27.12
{25.75,24.00,24.50,22.75,24.75,24.25,24.75,25.00,26.25,24.50,23.25,23.00,23.25,23.50,24.00,24.50,25.00,23.75,22.50,22.25,24.00,24.00,23.75,24.25,24.75,24.25,24.00,23.50,24.25,24.50,24.25,23.75,24.25,24.00,24.00,23.75,23.25,24.75,24.00,27.75,24.50,23.25,24.00,23.50,23.25,24.75,24.50,24.50,24.50,24.50,23.50,23.75,24.25,24.75,24.75,25.50,25.00,24.25,23.75,23.50,24.75,24.25,25.75,25.50,}
T=27.18
{25.50,24.50,24.50,23.00,25.75,25.25,24.50,26.50,24.50,23.50,23.25,23.75,24.50,23.75,24.75,25.00,25.75,23.25,22.50,23.25,23.75,23.75,24.00,23.00,24.25,24.75,23.75,24.00,24.25,24.25,23.75,24.00,24.50,23.25,23.75,23.50,24.25,24.00,24.00,26.50,25.25,23.50,23.25,23.00,24.25,24.25,24.00,25.25,24.75,24.00,24.75,23.50,24.75,24.75,24.75,26.25,24.75,24.00,24.50,23.50,25.25,24.25,25.75,25.50,}
T=27.18
{26.25,24.25,24.50,22.75,24.25,24.00,25.50,25.00,25.25,24.00,23.00,24.25,23.00,24.00,23.25,25.00,24.50,23.75,23.75,23.75,24.00,23.25,23.50,24.25,24.00,23.50,23.50,23.50,23.75,24.50,23.75,23.50,24.00,24.00,22.75,23.50,23.50,23.50,24.50,26.50,25.75,23.25,24.00,24.25,24.00,24.50,24.00,24.75,25.25,24.00,23.75,24.25,25.00,25.00,24.75,25.25,25.50,24.25,24.25,24.50,24.75,24.75,25.50,25.50,}
T=27.25
{26.00,24.00,24.25,23.00,24.00,23.75,25.75,26.00,26.00,23.25,24.00,23.00,23.50,23.00,24.50,24.50,25.50,23.00,23.50,23.25,23.75,23.25,24.00,23.25,24.75,24.75,23.75,23.75,24.50,25.00,24.00,24.50,24.75,23.50,23.25,22.75,23.50,24.00,24.00,27.75,25.75,24.00,22.75,23.25,24.50,24.25,24.00,24.75,24.75,24.00,25.00,24.00,24.25,24.25,24.25,24.75,26.00,24.75,24.50,23.75,25.25,24.00,25.00,25.00,}
T=27.18
{25.25,23.75,24.00,23.00,25.25,24.50,24.50,25.00,25.25,24.00,23.25,23.25,23.25,23.75,24.00,25.50,25.00,24.00,23.75,23.25,23.00,24.00,23.00,25.00,24.25,23.25,23.50,23.50,23.75,25.00,24.25,24.50,25.50,23.25,23.50,23.25,24.00,23.25,24.25,27.00,25.75,24.00,23.75,23.75,24.25,24.75,24.50,24.75,26.75,23.75,25.00,24.50,24.50,24.75,25.00,26.00,26.00,24.75,24.25,24.25,24.00,24.75,25.00,25.25,}
T=27.12
{25.50,23.75,23.50,22.75,24.50,24.00,24.75,26.00,25.00,23.00,23.00,23.00,23.00,23.50,24.00,24.50,25.00,23.25,23.25,24.00,24.25,23.75,24.25,24.25,24.75,24.75,23.50,23.00,23.75,24.75,23.75,24.50,25.25,24.00,23.00,23.75,23.75,24.50,24.50,27.25,26.50,24.00,23.50,23.25,24.00,24.25,24.00,25.75,25.50,24.25,24.50,24.25,24.00,24.75,24.00,25.75,26.50,24.75,24.00,24.25,26.25,24.50,26.00,25.50,}
T=27.12
{26.00,24.00,24.25,22.75,24.25,24.25,25.00,25.75,25.25,23.75,22.50,23.00,22.50,23.25,23.25,23.75,25.00,22.50,23.50,23.25,23.50,23.75,23.00,23.50,24.50,23.50,24.00,23.50,24.25,24.75,24.50,24.50,25.50,23.75,23.25,23.50,23.75,24.00,24.50,26.50,25.50,24.25,23.50,23.25,24.00,24.75,24.00,25.00,26.25,24.50,24.25,24.25,24.00,24.75,24.25,25.50,27.00,24.25,23.75,24.00,24.50,25.00,24.50,26.25,}
T=27.12
{26.00,24.00,23.75,23.00,24.25,24.25,24.00,25.50,25.00,24.25,22.75,23.50,23.50,23.00,23.00,25.00,25.25,23.50,24.00,23.25,23.50,23.00,23.50,24.25,24.50,23.75,23.00,23.75,23.75,24.75,24.25,23.75,25.75,23.50,23.00,23.25,23.75,24.00,24.50,25.75,26.50,25.25,23.50,23.25,24.25,24.00,24.00,25.25,26.75,24.75,24.25,23.75,24.25,25.00,24.75,25.25,25.50,25.50,23.75,23.50,24.25,25.00,25.75,24.75,}
T=27.18
{26.00,24.50,24.25,23.00,24.00,24.75,25.50,25.00,24.75,23.00,24.25,23.50,23.25,23.75,23.50,24.50,24.75,22.75,23.00,23.00,24.25,23.25,23.00,23.00,24.25,24.25,23.25,23.00,23.50,24.75,24.25,23.75,25.25,24.25,23.00,23.25,23.50,23.25,23.75,25.50,26.25,24.50,24.50,23.25,23.75,23.75,23.25,25.00,25.75,26.00,25.25,24.25,24.50,25.00,24.00,25.25,25.25,24.75,24.00,23.75,24.50,24.00,25.25,25.50,}
T=27.18
{26.25,24.00,24.00,23.75,25.25,25.00,25.00,25.50,25.50,23.50,23.50,23.50,24.50,24.00,23.75,24.25,25.25,23.00,22.75,23.00,23.75,23.50,23.75,23.50,24.00,23.50,23.50,23.50,23.50,24.75,23.50,24.50,25.25,23.25,23.25,23.50,23.75,25.00,24.50,26.25,25.25,25.50,25.50,22.75,24.25,23.50,24.00,25.00,26.25,26.75,26.25,24.00,24.00,25.25,25.25,24.75,25.25,25.25,24.75,23.75,24.50,24.25,26.00,24.50,}
T=27.12
{25.75,24.25,23.75,22.75,24.25,24.50,25.25,26.00,26.25,23.75,23.50,23.00,23.75,23.50,24.25,25.00,24.75,23.50,23.25,23.25,23.75,23.50,22.50,23.75,24.75,24.25,23.25,23.50,24.00,24.75,23.75,24.00,24.50,23.75,23.25,23.50,23.75,24.00,24.50,26.50,25.25,24.25,24.00,24.25,24.25,24.50,23.50,25.50,24.75,25.75,26.75,27.00,24.50,24.00,24.50,26.25,25.25,24.25,24.25,24.50,23.75,25.25,25.25,25.00,}
T=27.12
{25.25,24.00,24.50,23.25,25.25,23.75,25.25,24.50,25.00,22.50,23.50,22.50,23.75,22.75,24.25,24.25,24.75,23.50,22.50,22.50,23.50,23.25,24.00,23.75,24.75,24.00,23.25,23.50,23.50,24.00,24.50,24.00,24.50,24.50,23.00,23.75,24.00,23.75,24.25,26.00,24.25,24.00,24.25,24.75,23.25,25.25,24.25,25.25,24.25,23.25,24.75,26.00,24.00,24.25,24.25,26.25,26.00,24.25,24.75,25.00,23.25,24.25,24.75,25.50,}
T=27.18
{25.50,23.75,24.00,23.75,24.50,24.00,25.00,25.25,24.50,23.75,23.00,23.00,23.00,23.50,23.75,24.50,24.50,23.00,23.25,23.25,23.75,23.25,23.00,24.00,24.75,25.25,23.25,23.50,23.50,23.75,24.50,24.50,25.00,24.00,23.25,23.50,23.50,24.00,24.00,26.75,24.50,24.25,23.75,24.00,23.75,23.50,24.25,25.00,24.25,23.50,24.75,27.25,26.00,25.25,24.75,26.00,25.75,24.50,23.75,26.50,25.00,25.00,25.75,24.25,}
T=27.12
{25.75,23.50,23.50,22.75,24.75,23.75,25.00,25.00,24.25,23.75,23.50,23.75,23.50,23.75,24.00,25.00,25.25,23.25,22.75,22.50,23.75,23.25,22.75,23.50,24.00,23.50,22.50,23.25,23.75,24.25,24.00,23.75,24.25,24.50,22.75,23.25,23.50,24.75,24.50,27.75,26.00,23.00,23.75,23.00,23.75,24.25,24.00,25.00,24.00,25.25,24.75,24.50,26.00,24.50,24.75,25.00,25.75,23.00,24.25,23.50,27.75,25.50,25.50,25.75,}
T=27.25
{25.50,23.75,24.00,23.00,23.00,25.00,25.00,25.25,25.25,24.00,23.25,23.00,23.00,23.25,23.75,24.75,24.50,23.75,23.50,23.00,23.25,24.25,23.25,24.50,25.25,24.25,24.00,24.50,23.75,24.50,24.25,24.25,24.75,23.75,23.00,23.00,23.25,23.50,24.00,26.75,26.00,23.75,24.00,24.25,24.00,25.25,24.00,26.25,24.75,25.25,25.00,24.00,25.25,26.50,24.50,25.25,26.25,25.00,24.75,23.50,25.75,26.75,25.50,25.25,}
T=27.18
{25.50,24.75,24.00,23.50,25.00,25.00,25.50,25.25,25.75,24.00,23.25,23.50,23.25,23.50,23.75,24.50,25.75,23.50,23.75,22.75,24.00,24.00,23.25,23.75,24.25,24.25,23.75,23.50,23.50,24.75,23.75,23.50,23.50,24.25,22.50,22.50,23.00,24.00,24.25,26.75,24.75,24.25,23.75,22.50,23.50,24.25,23.50,25.00,24.50,25.50,23.75,24.25,23.75,27.00,24.25,25.50,25.75,24.25,24.50,24.25,24.25,26.75,25.75,26.25,}
T=27.18
{26.00,24.50,24.00,23.75,24.25,23.75,25.50,24.75,25.25,23.25,23.00,23.75,23.25,23.50,24.00,24.00,25.00,23.25,23.00,23.25,23.75,23.75,24.00,23.50,24.75,23.75,23.50,23.25,24.00,24.00,23.50,24.25,25.50,24.25,23.50,24.00,24.50,24.50,24.25,27.25,25.25,24.00,24.50,24.00,23.25,24.25,25.50,25.00,24.50,25.00,24.00,24.00,24.00,25.00,27.00,25.75,26.00,24.50,24.00,24.00,24.00,25.75,27.00,27.25,}
T=27.31
{26.75,23.75,23.50,23.25,24.75,24.00,24.50,25.50,25.75,24.00,24.00,24.00,23.00,23.25,24.50,24.25,25.75,23.75,22.75,23.50,23.75,23.25,23.50,24.75,24.50,23.50,23.50,23.50,24.25,23.50,24.25,24.00,25.25,23.50,23.00,24.50,23.25,23.50,24.50,25.75,25.00,23.50,23.50,23.50,23.75,23.50,24.75,25.50,24.50,24.25,24.25,25.00,24.75,25.25,26.75,28.00,25.00,24.50,24.00,23.50,24.75,26.25,26.50,26.75,}
T=27.12
{25.50,24.50,24.25,22.75,25.00,24.25,25.25,25.00,26.75,23.25,23.75,23.25,23.25,24.00,24.00,23.75,24.75,23.50,22.75,23.25,24.00,23.25,23.50,24.00,24.25,24.00,23.75,23.00,24.25,24.50,24.00,24.00,25.25,23.50,23.75,23.50,24.00,23.75,24.00,26.50,24.75,23.50,24.00,23.00,24.25,24.75,24.50,24.75,24.00,24.00,24.75,23.25,24.50,24.75,25.25,28.25,26.25,24.75,24.00,24.00,24.50,25.25,24.50,26.25,}
T=27.18
{26.00,23.75,25.25,22.75,24.50,25.00,25.00,25.75,25.50,23.00,23.25,23.00,23.00,23.25,23.50,24.00,25.00,23.50,23.50,23.00,24.25,24.00,24.00,24.50,25.00,24.25,24.50,22.75,23.50,24.75,24.00,24.00,24.50,23.50,23.25,23.50,24.00,23.75,24.50,26.50,25.25,24.00,24.00,23.00,24.25,25.00,24.75,25.75,25.00,24.25,23.50,23.50,25.25,24.75,24.50,26.75,26.75,24.25,23.75,24.00,24.75,24.75,26.25,25.25,}
T=27.18
{26.50,23.75,25.25,22.50,24.75,24.25,24.50,26.00,24.50,23.50,23.25,23.00,23.00,23.25,23.25,25.00,24.75,23.00,23.00,22.75,23.00,23.00,24.00,23.00,25.00,24.00,23.25,23.75,24.00,23.75,24.25,23.25,24.00,23.50,22.25,22.50,23.25,25.00,24.00,26.00,25.00,23.25,23.25,23.25,23.00,23.75,24.00,25.25,24.00,24.00,23.50,23.75,23.50,24.25,24.25,25.75,24.50,25.00,24.00,24.50,24.75,26.00,25.00,25.50,}
T=27.18
{25.75,23.75,24.50,22.25,24.75,24.00,24.50,25.00,24.75,23.75,22.50,22.75,24.00,23.75,23.25,24.50,25.25,23.00,24.00,23.50,24.00,23.75,23.75,24.25,24.00,23.50,23.25,23.25,23.25,24.75,24.50,24.00,24.75,23.50,23.75,23.25,23.75,23.50,24.50,26.50,24.50,23.75,23.25,23.50,23.50,24.75,24.25,25.75,23.50,24.75,24.75,24.75,25.25,25.75,25.25,25.75,26.00,24.50,24.00,24.25,24.75,25.75,26.00,25.75,}
T=27.18
{25.50,24.00,23.75,22.75,25.00,24.00,24.50,25.25,26.00,24.25,23.75,23.25,23.75,23.75,24.00,25.50,25.75,24.50,23.25,23.50,22.75,24.00,23.75,24.25,24.25,24.25,23.00,23.25,23.50,24.75,25.00,24.00,25.50,24.75,23.25,23.25,24.50,23.75,25.00,26.75,25.25,23.25,23.75,24.25,24.75,24.75,25.25,26.00,24.75,24.50,24.75,24.00,25.00,24.75,24.00,25.25,25.25,24.75,24.25,24.25,24.75,24.25,25.50,25.50,}
T=27.18
{25.50,23.75,24.75,23.25,24.50,24.00,25.25,25.00,24.75,24.25,23.00,23.00,23.75,23.25,24.25,24.50,26.00,24.00,23.75,23.00,23.50,23.75,24.75,24.50,25.25,23.75,24.00,23.50,23.50,24.25,24.00,25.25,24.50,23.50,23.00,23.00,24.00,24.00,25.00,26.75,25.00,23.50,23.50,22.75,23.75,24.50,24.00,27.00,24.50,24.25,24.25,24.00,24.25,24.75,24.25,25.00,24.75,25.50,23.50,23.50,24.25,24.75,25.25,25.50,}
T=27.12
{25.25,24.50,23.75,23.50,23.75,25.00,24.50,25.25,25.75,24.25,24.25,23.50,23.75,23.75,23.00,24.75,25.75,23.75,22.50,23.25,24.25,23.25,23.25,25.00,24.50,23.50,24.00,23.25,24.25,25.00,24.75,24.00,24.25,24.50,23.75,23.25,24.25,24.00,24.75,27.25,25.75,23.25,23.75,23.75,23.75,24.50,24.25,26.00,25.00,24.75,24.50,24.00,24.25,25.00,24.00,24.50,25.75,25.75,24.25,25.25,25.25,25.00,25.25,26.00,}
T=27.18
{26.25,24.00,24.25,24.00,24.50,24.75,25.00,26.25,25.25,23.25,23.25,23.00,23.25,24.50,24.25,24.75,25.00,23.00,23.50,22.75,24.25,23.50,23.25,24.00,23.25,24.25,23.75,23.00,24.50,25.00,25.00,24.25,25.25,24.00,23.00,24.00,23.50,24.25,24.50,26.50,24.50,24.00,23.25,23.25,24.25,25.00,24.25,26.25,24.75,24.50,24.75,24.00,24.75,24.75,24.75,25.25,26.00,24.50,24.00,23.25,24.75,25.50,25.00,25.50,}
T=27.12
{24.75,24.25,24.00,22.50,23.75,24.25,25.00,25.50,24.25,23.75,22.25,23.50,23.00,23.25,23.50,23.75,25.25,23.00,22.75,23.25,23.50,24.00,24.00,23.25,24.75,24.00,23.25,23.50,24.25,24.00,24.00,23.50,25.00,24.00,22.50,23.25,23.50,23.75,24.75,26.25,24.75,24.25,24.00,23.25,23.75,24.25,24.50,25.00,24.75,23.50,24.00,23.75,24.75,23.75,24.50,25.50,26.00,24.25,24.25,24.25,24.00,25.25,24.75,26.00,}
T=27.12
{25.50,23.25,24.25,22.50,25.00,24.75,24.75,25.50,25.25,24.00,23.50,23.00,24.00,24.00,23.50,24.50,25.75,23.00,23.50,23.50,24.25,24.50,24.00,23.50,24.75,24.50,24.00,23.50,23.75,24.50,24.25,24.50,24.25,24.50,23.25,23.25,24.00,23.75,25.00,28.00,24.75,23.25,23.75,23.75,24.25,24.25,24.00,25.50,24.25,24.25,24.25,23.75,24.25,24.75,24.75,25.00,25.00,24.75,25.00,24.50,23.50,25.50,24.75,25.75,}
T=27.18
{25.75,23.75,24.00,22.75,24.50,25.00,25.00,25.00,26.25,23.75,24.00,22.50,23.75,23.25,24.25,23.75,25.50,23.75,23.25,22.50,24.00,23.25,24.00,23.75,24.50,24.25,23.50,24.00,23.50,24.75,23.75,24.50,24.50,23.75,23.25,24.25,23.50,24.25,24.50,28.00,24.75,24.00,23.25,23.25,25.00,24.75,25.25,25.50,24.00,24.25,23.75,24.25,24.75,24.50,25.00,26.25,25.50,23.75,24.00,24.50,24.25,25.00,24.50,25.50,}
T=27.25
{26.25,24.50,25.00,23.25,25.25,23.75,25.00,24.75,25.25,24.00,23.50,24.00,22.75,23.50,24.75,25.00,26.00,23.75,23.25,23.25,24.75,23.25,23.75,23.75,25.25,24.25,23.50,23.00,24.00,25.00,24.00,23.50,25.25,23.75,23.75,23.50,24.00,24.50,24.25,28.00,24.25,23.50,23.25,23.75,23.75,24.00,24.25,24.50,23.25,25.00,23.75,23.75,24.25,24.25,24.25,26.50,25.75,24.25,24.50,23.25,24.75,25.50,26.00,26.50,}
T=27.18
{26.25,23.25,25.25,23.00,24.50,24.00,25.25,25.00,25.50,23.00,24.00,22.75,24.25,22.75,24.50,23.00,25.75,23.75,22.75,23.50,24.75,24.25,24.25,24.00,23.50,23.50,23.25,23.50,23.75,24.25,23.75,24.00,25.25,24.25,23.25,23.00,24.00,24.25,24.75,27.25,25.50,23.50,23.50,23.25,23.75,24.75,24.50,26.00,26.00,25.00,23.75,24.75,24.25,24.75,24.00,25.50,26.00,24.25,24.75,23.25,25.00,24.25,25.50,25.00,}
T=27.18
{26.00,24.75,24.00,23.25,23.75,24.75,25.00,25.75,25.25,24.00,23.25,23.00,23.75,23.75,23.75,23.75,24.50,23.00,23.25,23.25,23.50,23.50,23.00,24.75,25.00,23.00,23.50,23.25,24.25,25.00,24.50,23.25,24.50,24.00,23.75,22.75,23.50,24.25,24.50,27.75,25.25,23.50,23.75,23.50,24.50,24.25,24.75,25.25,24.50,23.75,24.50,24.00,24.00,24.50,24.00,26.00,24.50,24.25,24.25,23.75,25.00,25.00,25.25,26.25,}
T=27.12
{25.75,23.50,24.25,23.25,24.75,24.00,24.25,24.75,26.00,23.50,23.75,23.00,22.50,23.25,24.00,25.00,25.00,23.00,23.50,22.75,24.25,24.50,24.25,23.50,24.25,25.00,23.50,23.50,23.75,24.00,24.50,24.00,24.00,23.75,23.25,23.75,23.50,23.50,24.50,27.25,24.50,23.00,23.50,23.75,24.50,24.00,23.50,25.50,24.50,24.25,24.50,24.00,24.25,23.75,25.25,24.50,25.25,25.00,23.25,24.00,24.50,24.25,25.00,25.50,}
T=27.18
{25.75,24.75,24.00,23.75,25.00,25.50,25.00,25.75,24.75,23.75,24.00,23.50,23.50,23.00,24.50,24.75,25.50,23.50,23.00,23.25,25.25,24.50,23.75,24.50,24.75,25.00,23.75,24.00,24.50,25.50,24.00,25.75,25.00,24.00,23.50,23.75,24.00,24.25,24.50,27.75,24.25,24.25,23.75,23.75,24.00,24.25,24.75,25.75,24.25,24.50,24.50,25.25,24.50,25.25,25.00,25.25,25.75,24.25,24.00,23.50,24.25,25.50,25.25,24.00,}
T=27.12
{26.00,23.50,24.50,23.00,24.25,25.50,25.25,25.00,25.75,23.50,23.00,22.75,23.25,23.00,24.00,23.50,25.50,23.50,23.75,23.50,23.50,23.75,23.50,23.50,25.75,24.00,23.00,23.25,23.50,24.50,24.00,24.50,25.25,23.25,23.00,23.75,24.25,24.75,24.75,27.50,25.25,24.00,23.75,23.50,24.25,24.50,23.75,25.50,25.00,24.25,23.50,24.25,25.00,25.00,24.00,25.50,26.25,24.25,24.50,23.75,24.50,25.50,25.75,24.75,}
T=27.18
{26.25,24.25,24.25,22.50,25.50,24.50,24.50,25.50,24.75,23.50,23.50,22.75,23.50,23.25,24.00,24.50,25.25,22.50,23.75,23.00,23.75,23.25,24.25,23.00,24.50,24.25,24.25,23.25,23.75,24.25,23.75,24.00,24.00,24.00,23.25,24.75,23.25,24.25,24.50,26.25,24.25,23.50,24.00,22.50,23.75,23.75,24.00,24.75,24.50,24.00,24.75,24.25,24.50,25.25,24.75,25.00,25.00,24.50,24.50,24.00,24.50,25.25,24.50,26.50,}
T=27.18
{26.25,24.00,24.75,22.50,25.00,24.25,25.00,25.00,25.50,23.75,23.75,23.00,23.50,24.00,24.75,24.75,24.75,24.25,24.00,23.50,24.50,23.75,25.00,24.25,24.50,24.00,24.25,24.00,23.75,24.50,24.00,24.00,24.50,24.00,23.25,23.75,23.50,24.00,24.50,26.00,25.00,24.00,23.75,22.75,23.25,23.50,23.75,24.50,24.50,23.50,24.25,23.50,25.00,24.75,24.75,25.25,25.25,24.50,23.25,23.50,24.25,24.00,24.50,26.00,}
T=27.18
{26.00,23.75,24.00,23.50,25.00,24.50,24.00,25.00,24.50,24.00,23.00,22.75,24.00,24.25,24.25,24.50,24.50,23.50,23.25,23.25,24.25,23.50,24.25,24.25,24.75,24.50,23.75,23.00,23.75,24.00,23.75,23.50,24.50,23.00,23.25,23.75,24.00,24.00,23.50,26.00,25.25,23.50,23.25,23.75,24.25,24.25,25.00,25.00,24.50,24.00,24.75,24.50,24.75,24.25,24.50,24.75,26.00,25.25,23.50,24.50,24.50,25.50,25.50,25.50,}
T=27.18
{25.50,24.25,25.00,23.50,24.50,24.75,25.00,25.00,25.50,24.25,24.00,23.50,22.50,24.00,24.25,24.75,25.25,23.50,22.75,23.50,24.25,23.75,24.00,23.50,25.25,24.75,23.75,22.50,23.75,24.00,24.50,24.25,25.25,23.25,23.50,23.50,23.75,23.75,24.25,25.75,24.25,24.25,24.50,24.00,23.75,24.00,24.50,25.00,24.00,24.00,24.75,24.00,24.50,24.25,23.25,24.25,25.00,25.50,23.75,24.75,24.25,24.75,25.25,24.75,}
T=27.18
{25.00,25.25,24.75,23.00,25.25,25.00,25.00,26.00,25.50,24.75,21.75,23.50,23.25,24.00,24.25,24.75,24.00,24.00,23.00,23.25,24.25,24.25,24.00,24.75,24.75,23.50,23.75,23.25,23.50,25.25,24.50,23.25,24.50,23.75,23.50,24.25,23.50,24.50,24.00,25.25,25.75,24.00,23.25,23.50,24.25,24.25,24.00,25.00,24.50,23.75,24.25,24.75,24.25,24.75,24.50,24.75,25.50,25.25,25.50,24.25,23.75,24.25,24.75,26.00,}
T=27.12
{24.75,23.50,24.50,23.00,24.25,24.50,24.75,25.00,25.75,23.50,22.75,22.50,23.50,23.50,24.50,24.00,24.75,23.50,22.75,22.25,22.75,23.00,23.50,23.50,24.75,24.25,24.25,23.50,24.25,24.25,25.00,24.00,25.25,24.25,23.00,24.00,22.75,23.50,25.50,25.00,25.25,23.50,23.50,23.75,23.50,24.25,25.00,25.50,25.00,24.75,24.50,24.00,25.00,24.50,24.50,24.75,26.00,24.75,24.25,23.25,23.00,25.75,24.50,24.75,}
T=27.18
{25.50,24.25,24.50,22.50,24.00,24.50,25.00,25.25,25.75,24.25,23.25,24.00,23.50,24.75,23.75,24.00,25.00,23.50,23.00,23.25,24.25,23.25,23.75,23.50,25.50,23.75,24.25,23.00,24.00,24.75,24.00,24.50,25.00,24.25,23.25,23.25,23.25,24.00,24.50,26.00,25.50,24.75,24.00,23.00,23.75,24.25,24.25,25.25,24.25,24.75,24.50,24.25,25.00,24.75,24.75,25.25,24.75,25.25,23.25,24.25,24.25,25.50,24.00,26.75,}
T=27.25
{26.50,25.25,24.50,23.25,25.00,25.00,25.25,25.25,25.75,24.25,24.25,23.50,24.25,24.25,24.75,24.75,25.75,23.75,22.75,22.75,24.00,23.25,23.75,24.50,24.75,24.25,23.50,24.00,24.00,24.25,24.25,24.00,25.25,24.50,23.25,23.50,23.75,24.50,22.75,25.50,25.25,23.25,23.25,24.00,23.25,24.50,24.75,24.00,23.25,24.25,25.75,24.50,25.25,24.25,24.25,24.50,25.75,25.00,24.00,23.25,23.75,25.50,25.25,25.75,}
T=27.18
{26.25,23.00,24.00,22.75,25.25,24.25,25.00,26.00,26.25,24.00,23.75,23.50,23.75,23.50,24.00,24.00,25.25,24.25,23.50,23.00,24.00,23.25,23.50,24.50,24.25,24.00,23.50,23.50,23.50,24.50,23.50,23.25,25.00,24.00,22.50,23.25,24.50,24.25,24.50,25.00,25.25,23.25,24.25,22.75,23.25,24.25,25.50,24.75,24.75,24.50,24.00,23.75,24.50,24.25,24.00,25.00,26.25,25.00,24.50,23.75,25.00,25.50,26.50,25.75,}
T=27.18
{25.50,25.00,24.25,23.25,24.50,24.75,25.00,25.25,24.75,24.00,23.50,23.50,22.75,23.75,24.50,25.00,24.75,24.00,23.50,23.00,23.75,23.50,22.75,23.25,25.25,24.25,24.00,23.50,24.00,25.00,24.25,24.00,24.50,23.00,23.50,23.50,24.00,23.25,24.00,25.25,24.00,24.25,23.75,24.00,24.00,24.50,23.75,24.50,23.25,24.25,24.50,24.00,25.00,24.75,24.50,25.50,25.00,24.75,24.00,23.25,25.00,25.50,25.25,23.75,}
T=27.18
{25.50,24.75,24.75,23.25,24.25,24.25,25.75,26.25,24.75,24.00,23.25,23.50,23.50,22.75,23.75,24.75,25.50,23.50,23.75,22.75,24.00,23.25,24.25,23.00,25.25,24.50,24.25,23.75,24.00,24.25,23.25,24.25,25.00,24.50,24.00,23.75,23.75,24.25,24.00,25.25,25.75,24.50,23.75,23.75,24.25,24.50,24.25,24.50,24.00,24.75,24.50,24.00,24.25,24.75,24.75,25.25,24.50,24.75,23.75,23.75,24.25,24.50,24.75,25.00,}
T=27.18
{25.75,24.25,24.75,22.50,24.75,24.50,25.00,25.00,24.75,24.50,23.25,23.50,23.50,23.50,23.75,25.25,25.25,24.25,24.00,23.25,25.25,24.25,23.75,23.75,24.50,23.75,23.50,23.75,24.00,24.75,23.50,24.00,24.50,23.25,23.50,23.25,23.50,24.25,24.50,26.00,24.75,23.75,23.75,23.75,24.25,24.50,24.00,25.00,25.00,24.75,24.50,25.00,24.25,25.00,24.25,25.00,25.00,24.25,24.75,23.75,23.75,25.25,24.75,25.25,}
T=27.12
{26.00,24.50,24.50,22.75,25.00,24.50,25.00,25.25,26.25,23.25,23.50,22.25,22.75,23.25,24.25,24.50,25.00,22.75,23.50,23.25,24.25,23.75,23.75,24.00,24.75,23.00,23.25,23.50,23.75,24.75,24.75,23.50,24.50,23.50,23.25,23.00,23.25,24.25,23.50,24.75,24.50,25.00,24.00,24.25,24.00,25.25,24.50,24.75,24.50,24.75,24.00,24.00,24.75,25.25,24.25,25.00,26.00,23.50,24.25,23.00,24.50,24.25,25.25,23.25,}
T=27.18
{26.00,24.00,24.00,23.00,24.50,24.00,24.25,25.25,24.25,23.00,22.75,23.00,23.25,23.50,24.00,24.00,25.25,23.25,23.25,22.75,23.50,24.00,23.75,23.75,24.25,23.75,23.50,23.75,23.50,24.50,24.00,24.00,25.50,24.25,23.25,24.00,23.25,23.25,25.00,25.75,25.25,23.50,23.50,23.25,24.00,24.75,24.75,25.00,25.00,23.75,23.75,24.25,24.75,24.75,24.75,24.50,25.50,23.00,24.00,23.50,24.50,24.50,25.75,25.00,}
T=27.12
{25.75,25.00,23.75,23.50,24.75,24.25,24.50,25.00,25.75,23.25,22.75,22.75,23.50,23.50,23.00,24.50,24.75,24.25,23.25,23.50,24.25,23.00,23.00,23.50,25.25,23.75,23.50,23.25,24.00,24.50,23.75,24.00,24.50,23.25,23.25,23.00,23.75,23.00,24.00,25.25,25.25,23.75,23.75,24.00,23.50,24.75,23.50,25.00,24.50,24.00,24.00,23.75,23.75,24.50,24.75,25.50,25.25,24.75,24.00,24.00,24.00,24.50,24.25,25.00,}
T=27.18
{25.00,24.50,23.25,23.50,24.00,24.75,25.00,25.25,25.25,23.25,23.00,23.75,22.50,23.25,23.25,24.50,25.75,23.75,23.25,23.00,24.50,24.00,23.75,23.50,24.50,24.00,23.75,23.50,24.00,24.75,24.25,24.75,25.00,23.75,23.00,23.25,23.75,23.25,24.50,26.00,24.75,23.25,24.00,24.00,23.50,24.00,23.50,24.75,24.50,24.75,23.50,24.00,24.25,24.75,24.75,25.00,25.50,24.50,23.75,23.75,24.00,25.50,25.50,25.00,}
T=27.12
{27.00,24.75,23.75,22.75,24.25,24.75,24.25,25.00,24.75,23.50,23.25,22.75,23.00,23.25,24.00,24.75,25.25,24.00,23.50,23.00,24.25,23.25,23.75,24.25,23.75,24.25,23.25,23.25,23.25,24.25,24.25,23.25,24.75,23.75,22.50,23.00,23.00,24.00,23.75,25.50,25.25,23.25,24.00,23.25,23.25,24.75,24.25,25.25,24.25,23.75,24.00,23.50,24.50,24.50,24.50,24.75,25.50,24.00,23.50,24.00,24.25,24.25,25.00,24.25,}
T=27.18
{25.50,24.50,25.00,22.75,24.75,24.25,25.50,24.75,25.00,23.50,23.75,23.25,23.50,24.50,24.00,24.75,25.75,23.25,23.00,22.75,23.25,23.00,23.00,23.50,24.25,24.50,24.00,23.75,24.00,24.50,23.75,24.25,24.50,24.25,23.50,23.50,23.00,24.00,23.75,24.25,24.75,24.00,24.00,23.50,23.00,24.25,23.50,23.50,25.00,23.50,24.25,24.25,24.25,24.75,24.50,24.75,26.00,24.25,23.25,23.75,24.00,25.00,24.50,25.25,}
T=27.12
{24.75,23.25,23.75,22.75,24.25,24.00,24.00,24.25,25.00,24.00,23.25,23.50,23.50,23.25,23.75,24.50,25.50,22.75,23.50,23.00,24.25,23.25,24.25,23.50,24.00,24.00,23.00,23.50,23.50,24.00,24.75,23.50,24.50,23.75,23.25,23.25,22.75,23.75,24.75,25.50,24.50,24.00,23.25,24.00,24.00,23.75,24.50,24.25,24.00,24.00,24.25,24.25,24.25,25.00,25.25,25.00,25.75,23.75,24.50,24.50,24.00,25.00,24.75,25.00,}
T=27.12
{25.25,24.25,24.25,23.00,24.75,24.50,24.75,24.00,25.50,23.50,23.25,23.25,23.50,24.00,23.75,25.25,25.25,23.75,22.75,23.25,24.00,24.00,24.00,23.50,24.75,23.75,23.75,22.75,24.25,24.50,24.00,23.75,24.50,23.25,23.50,23.75,23.25,24.00,24.75,25.00,24.75,23.25,24.50,23.00,24.00,24.00,24.50,24.25,24.00,24.25,23.75,24.00,24.75,25.25,24.50,24.75,25.50,24.25,24.00,23.75,23.75,24.75,25.25,25.50,}
T=27.18
{26.75,24.00,24.75,23.25,24.75,24.25,24.50,25.75,25.50,23.75,23.50,23.00,23.00,24.25,24.25,24.75,24.50,23.75,23.00,22.50,23.25,23.25,24.00,23.75,24.50,24.25,23.00,23.25,23.50,24.50,24.25,23.75,24.75,22.75,23.25,23.50,23.00,23.75,23.25,25.25,23.75,23.75,23.25,23.25,24.00,24.25,24.00,25.00,23.25,23.75,23.75,23.25,24.00,24.25,23.50,25.00,24.50,24.50,23.75,24.00,24.50,24.50,25.25,24.25,}
T=27.18
{25.50,24.25,24.25,22.25,24.50,25.00,24.50,25.00,26.00,23.75,23.50,22.50,23.50,23.75,24.00,24.00,25.00,23.75,22.75,22.75,23.75,24.25,24.25,23.75,23.00,24.00,23.75,23.00,24.75,24.25,24.00,23.00,25.00,23.25,23.00,23.25,23.50,23.25,24.00,25.00,25.25,24.25,23.00,23.75,23.50,23.75,24.00,24.25,24.25,24.25,24.00,23.50,24.50,24.50,24.25,24.25,24.50,24.75,24.00,23.50,23.25,25.50,25.00,24.00,}
T=27.18
{26.00,24.00,23.00,23.00,24.25,25.00,25.00,25.75,24.75,23.75,23.25,23.00,23.00,24.00,24.00,24.50,25.00,23.75,23.25,23.50,23.00,22.75,23.50,23.50,24.75,23.75,23.25,24.00,24.25,24.00,23.50,23.50,25.00,24.00,23.25,24.50,23.25,23.75,24.00,25.00,24.50,23.25,23.25,22.25,24.25,24.25,23.50,24.25,23.75,23.75,23.75,23.75,24.50,24.25,24.25,25.00,25.00,24.25,24.25,24.25,24.50,25.25,26.00,25.75,}
T=27.18
{25.75,24.75,24.25,23.25,23.50,24.75,23.75,26.50,24.75,23.50,23.25,23.75,24.00,24.50,24.25,24.00,25.00,22.50,23.25,22.25,24.25,23.25,24.00,24.25,24.50,24.00,23.00,23.50,23.75,25.25,23.75,23.25,24.75,23.50,22.25,24.00,23.25,24.00,24.00,24.75,24.75,23.25,23.25,23.50,24.75,24.25,24.25,24.50,24.25,23.50,24.50,23.75,24.25,25.25,24.75,24.50,25.00,24.25,24.00,24.25,23.50,24.25,24.75,25.00,}
T=27.12
{25.75,24.50,25.25,23.50,24.25,23.75,24.25,25.50,25.00,23.50,22.75,22.75,23.25,23.50,24.00,25.25,24.50,23.00,23.50,23.50,24.00,24.00,23.50,23.00,24.25,23.25,22.75,23.00,24.00,23.50,23.75,23.25,23.50,24.00,22.75,23.25,23.25,24.50,24.50,24.75,24.50,23.25,24.00,23.50,24.25,25.00,23.75,25.00,24.00,23.50,24.00,24.00,24.75,25.00,24.75,25.00,24.75,23.75,23.75,23.25,24.50,24.25,25.75,25.25,}
T=27.18
{26.25,25.00,23.75,23.50,24.25,24.50,26.00,24.25,26.00,23.50,23.50,22.75,23.25,22.75,22.75,23.50,24.25,23.75,23.00,22.75,23.75,23.00,23.00,23.50,23.25,23.75,23.75,23.00,23.25,24.00,24.25,24.00,25.00,23.50,23.00,23.50,23.75,23.75,24.50,24.75,24.00,23.75,23.25,22.75,23.50,24.00,23.75,24.75,23.75,24.25,24.75,23.25,25.00,24.00,24.75,24.75,25.00,25.00,24.25,23.00,24.25,24.25,25.00,24.50,}
T=27.12
{26.75,24.00,24.50,23.00,24.00,25.00,24.75,24.50,24.75,24.25,22.25,22.75,23.75,23.75,23.75,24.00,25.50,23.25,22.25,23.00,23.00,23.50,23.00,24.00,24.50,23.25,23.25,23.50,23.75,23.75,24.00,24.50,24.25,23.50,23.75,23.50,23.00,23.25,24.00,24.75,24.75,23.50,22.75,23.25,23.75,24.50,24.25,24.75,23.75,24.00,24.25,23.75,24.00,24.50,23.50,24.50,25.50,25.50,23.75,24.00,23.75,24.50,25.75,25.00,}
T=27.18
{26.25,23.00,24.00,22.75,25.50,24.00,25.75,25.25,25.25,24.50,23.50,23.00,23.00,24.50,24.25,24.00,26.00,24.00,23.00,23.75,23.75,23.50,24.00,23.75,24.25,24.25,24.00,23.25,23.75,25.00,23.75,23.50,25.00,23.25,23.00,23.00,23.25,23.75,23.25,25.25,24.00,23.25,24.25,23.75,23.75,23.25,24.00,24.25,24.50,25.00,24.00,23.50,24.00,23.75,24.75,25.00,25.25,24.00,23.00,24.00,23.75,25.00,25.50,24.75,}
T=27.18
{26.25,24.50,24.25,23.25,24.25,24.25,25.00,25.00,24.75,23.00,23.75,22.50,23.00,24.00,24.25,24.00,25.25,24.00,23.00,23.25,23.00,23.50,24.25,24.50,24.25,24.25,24.25,23.50,23.75,24.50,24.50,22.75,24.75,23.50,23.00,23.00,23.00,24.50,23.25,25.25,24.50,23.75,23.50,23.50,23.75,24.00,23.00,25.50,24.25,24.25,23.75,23.00,24.00,24.00,24.25,23.75,25.25,24.25,24.25,23.50,24.50,25.00,25.50,25.00,}
T=27.25
{25.50,25.00,24.00,24.00,24.75,24.50,24.75,25.25,24.75,24.00,23.00,23.75,23.25,24.25,23.50,24.75,25.25,23.75,22.75,23.00,23.75,22.75,23.25,23.25,24.00,23.75,23.50,23.00,23.25,24.00,23.75,23.50,25.00,24.25,23.75,23.75,23.50,24.00,24.25,24.75,25.75,24.25,23.50,23.50,24.50,24.75,24.25,24.75,24.50,24.50,25.25,24.75,24.75,24.75,24.25,24.50,24.00,24.25,24.00,23.25,23.25,25.25,25.00,24.75,}
T=27.18
{25.50,24.25,24.00,24.00,24.50,25.00,25.25,25.75,25.50,24.00,24.00,24.00,23.75,24.00,24.75,24.50,24.25,23.00,23.25,23.00,24.00,23.50,24.00,24.00,23.75,24.00,23.25,23.75,23.50,24.75,25.00,24.00,25.00,24.00,23.75,24.00,23.00,24.00,25.00,24.75,24.50,23.50,23.75,23.00,23.25,23.25,24.25,24.25,24.50,24.25,24.00,24.75,24.25,24.75,24.00,25.00,25.25,25.25,24.25,23.50,23.25,25.50,25.25,25.50,}
T=27.12
{24.75,23.75,24.75,22.25,24.25,24.25,24.50,24.25,25.75,24.50,23.50,23.25,22.75,23.75,24.25,24.00,24.75,23.50,23.25,23.00,24.50,23.25,23.75,23.25,24.25,24.00,23.50,23.25,24.00,24.00,24.25,24.00,24.25,23.25,23.50,22.50,23.50,23.75,24.00,25.50,25.25,23.25,23.50,24.00,23.50,24.25,24.25,25.00,24.25,24.75,24.75,24.25,24.50,25.00,24.25,25.25,25.25,23.00,23.75,24.00,23.50,25.00,24.00,24.25,}
T=27.18
{25.25,23.75,23.75,22.75,24.50,23.75,25.25,25.00,25.75,24.00,23.00,22.50,23.50,23.00,24.00,25.00,25.00,23.25,23.75,23.00,23.50,23.75,23.75,24.25,24.75,23.25,23.25,23.00,23.50,24.25,24.00,23.75,24.25,23.25,22.50,23.25,22.75,23.50,24.00,24.75,24.75,23.25,25.00,23.75,23.50,23.75,24.75,24.25,24.50,24.25,24.00,24.75,24.50,24.25,24.50,24.75,25.25,24.50,24.25,23.75,24.25,24.50,25.50,24.50,}
T=27.25
{26.50,24.25,24.50,22.50,24.25,25.00,23.75,25.50,24.75,24.50,23.25,23.75,23.50,24.25,23.75,24.50,26.00,23.75,23.50,22.75,23.00,23.00,24.25,24.00,25.00,23.75,23.25,23.50,23.75,24.25,24.00,24.50,24.75,23.25,23.50,23.75,23.25,23.75,24.25,25.25,25.25,24.00,23.00,24.00,24.00,24.50,23.50,25.50,24.00,24.25,24.50,24.50,24.25,24.50,24.25,25.25,24.25,24.50,24.00,24.00,24.25,25.25,25.75,24.00,}
T=27.18
{25.50,23.75,24.00,23.75,24.50,24.25,24.25,25.00,24.75,23.50,23.50,23.75,23.25,23.25,23.75,24.75,25.50,22.50,23.75,23.25,24.25,23.50,23.75,23.50,23.75,23.00,22.75,23.25,23.75,24.25,23.25,23.75,24.00,24.25,23.50,22.75,22.25,24.00,24.25,25.25,26.00,23.75,23.50,23.00,23.75,24.50,23.50,25.50,23.75,24.00,24.00,24.75,24.25,23.75,23.50,25.00,26.25,24.50,24.25,23.25,24.25,24.75,25.50,24.75,}
T=27.25
{26.25,23.50,24.00,22.25,25.75,23.75,25.25,24.25,25.75,23.50,23.75,22.75,23.25,23.50,23.75,25.50,25.50,23.50,24.00,23.00,23.50,23.25,23.75,23.25,24.25,24.00,23.75,23.75,24.25,24.00,24.50,24.00,24.25,23.75,22.75,23.50,23.50,24.00,23.75,24.75,25.75,24.00,23.75,23.25,24.75,24.50,24.75,25.00,24.25,22.75,24.00,23.75,24.50,25.00,24.00,25.75,26.25,24.50,24.50,24.25,24.00,25.50,24.75,25.00,}
T