=~=~=~=~=~=~=~=~=~=~=~= PuTTY log 2015.10.18 21:51:44 =~=~=~=~=~=~=~=~=~=~=~=
‰ù22.00,21.25,21.00,21.50,25.75,21.75,20.75,21.75,22.25,21.75,21.00,21.50,22.00,20.75,21.25,21.25,21.00,22.00,21.50,22.25,22.25,21.50,22.00,21.00,21.50,21.50,22.25,21.75,22.25,23.00,21.00,21.00,20.75,21.75,21.50,21.50,21.25,22.50,22.00,21.00,21.25,21.75,22.00,21.00,22.50,23.25,22.50,21.50,20.75,21.75,21.25,22.25,22.00,}
T=20.87
{22.50,21.25,21.50,21.25,22.75,22.00,22.75,23.00,22.50,21.25,21.75,21.00,21.25,21.50,20.75,24.50,22.25,21.25,20.50,21.00,21.50,21.50,22.00,22.50,21.75,21.00,21.00,21.50,21.25,21.25,21.75,21.75,22.00,21.50,21.00,20.25,21.00,21.25,21.25,21.50,22.75,21.75,21.00,20.25,21.25,21.00,20.50,21.75,22.00,20.50,22.00,21.75,21.25,20.75,21.75,22.75,21.75,22.25,21.00,20.25,21.00,23.00,22.00,21.25,}
T=20.87
{23.50,23.00,22.25,21.00,21.75,22.25,22.75,23.00,23.00,21.50,21.00,22.25,21.75,21.50,21.50,25.75,22.75,21.75,20.75,21.75,21.00,21.25,22.25,22.50,20.00,21.75,21.75,21.75,21.50,21.00,21.00,20.75,21.50,20.75,20.50,20.75,20.75,21.25,21.50,21.25,22.50,22.00,21.25,20.75,21.00,22.25,21.75,22.50,21.75,22.00,21.50,22.25,20.75,22.75,21.25,22.50,21.25,21.25,20.75,21.00,21.50,21.50,21.75,21.50,}
T=20.81
{23.00,21.00,21.75,20.50,21.75,22.00,21.25,24.00,23.00,21.00,21.50,20.75,21.25,21.50,21.50,25.25,21.25,20.75,20.50,21.75,21.25,20.75,21.50,23.25,20.75,21.25,20.50,21.50,21.50,20.75,21.75,21.25,22.00,21.25,20.25,21.50,20.75,22.00,21.75,21.00,21.75,21.25,21.00,20.50,21.00,20.75,21.75,21.50,22.00,21.25,21.75,22.25,21.50,21.50,21.75,22.50,22.00,21.50,20.50,20.25,20.75,20.50,21.75,22.00,}
T=20.87
{23.25,22.25,22.50,21.75,22.25,22.00,22.75,23.25,22.75,21.00,21.25,20.50,21.00,21.25,21.75,24.75,21.25,21.25,21.25,21.25,22.00,21.75,21.50,22.50,21.25,21.50,21.00,21.25,21.50,21.50,21.50,21.00,22.25,21.00,20.75,20.50,22.00,21.25,22.00,21.25,23.00,20.75,21.00,20.50,21.50,21.00,21.75,21.75,21.25,20.75,21.50,22.00,21.50,21.75,21.50,23.00,22.00,21.25,21.00,20.00,21.50,22.50,21.75,23.50,}
T=20.81
{23.25,22.00,21.75,21.25,22.25,21.75,22.25,23.50,23.25,21.25,22.25,21.25,21.75,21.25,21.50,25.25,22.00,20.00,22.00,21.00,21.50,20.75,21.25,21.75,21.50,22.25,21.25,22.00,21.25,22.00,21.75,22.50,22.50,21.75,20.50,21.25,20.50,21.75,21.00,21.75,22.25,21.50,21.25,21.00,21.25,21.75,21.00,21.75,22.25,21.50,22.00,21.00,21.50,21.50,21.25,23.00,22.75,22.25,20.50,20.75,20.75,22.00,21.75,22.75,}
T=20.93
{23.50,22.75,22.50,21.50,23.00,21.75,22.25,23.75,22.50,21.50,22.00,21.75,22.00,21.00,22.00,24.75,22.50,20.75,21.25,21.25,21.50,21.00,22.25,22.50,21.50,21.75,21.25,20.75,21.00,21.25,21.50,21.00,22.25,21.75,21.25,20.50,21.25,21.75,22.50,21.50,22.00,21.00,20.50,20.25,21.00,21.50,20.75,20.50,22.25,22.50,22.25,21.75,22.00,22.00,22.00,22.50,21.50,21.50,21.75,21.50,21.00,21.75,21.75,21.75,}
T=20.87
{23.25,21.75,22.50,21.50,23.00,22.00,23.25,23.75,22.50,21.00,21.25,21.25,21.50,21.25,22.00,24.50,22.00,21.00,21.00,22.00,20.75,21.75,21.75,23.50,21.75,21.50,21.00,21.00,21.50,21.25,21.75,21.00,22.25,21.25,21.50,21.00,21.50,22.50,21.50,21.75,22.50,21.25,21.75,21.00,21.25,22.25,21.25,22.50,21.50,21.75,21.50,21.00,20.75,22.00,21.75,22.25,23.25,21.25,21.00,21.00,21.75,22.00,21.75,21.75,}
T=20.81
{23.25,22.00,22.75,21.50,21.75,22.50,23.00,23.75,21.75,21.50,21.00,21.25,21.50,21.50,21.75,25.00,22.50,21.00,21.25,20.75,21.50,20.50,22.25,22.50,21.75,21.25,21.50,21.25,21.25,22.00,22.00,22.25,22.25,21.00,20.75,21.00,22.00,21.00,21.25,21.50,23.50,21.50,21.75,21.25,21.00,22.50,20.75,22.50,21.25,22.00,22.00,21.25,22.00,21.25,22.50,22.00,23.00,21.50,21.25,21.50,21.25,22.25,22.75,22.00,}
T=20.93
{22.75,21.75,21.50,21.00,22.50,22.00,22.00,23.75,21.75,21.75,22.00,20.75,21.25,21.50,21.25,24.75,21.25,20.75,21.25,21.25,21.25,22.00,21.00,22.50,21.50,21.50,21.75,20.50,21.50,21.00,21.75,21.00,22.25,21.25,20.75,20.75,21.50,21.75,21.25,21.75,22.25,22.00,20.75,21.00,21.00,21.75,21.50,22.00,23.00,21.75,21.25,21.50,21.50,21.50,22.50,23.00,22.50,21.00,21.25,21.00,20.50,23.25,22.75,21.75,}
T=20.93
{23.25,22.75,22.50,21.00,22.50,21.50,23.50,24.50,22.00,22.50,21.25,21.50,21.50,22.50,23.00,24.50,21.75,21.50,21.25,21.50,21.50,21.25,21.50,22.75,21.50,21.25,21.00,20.75,21.00,21.25,21.75,20.50,21.75,21.25,21.00,21.00,20.75,21.75,22.00,21.75,21.75,21.00,21.25,20.75,22.50,22.00,21.50,22.75,22.50,20.25,22.25,21.50,21.50,21.25,22.50,22.25,22.25,22.75,20.50,20.25,21.25,21.75,22.00,22.00,}
T=20.87
{23.25,21.50,22.25,21.25,22.50,21.75,23.00,23.50,22.75,21.50,21.75,21.75,21.25,20.75,21.50,24.50,22.00,21.50,21.50,22.00,21.75,21.00,21.25,22.00,21.25,21.25,21.75,21.50,21.75,21.00,21.75,21.50,22.00,21.25,20.25,21.25,21.75,21.50,21.75,22.75,23.00,21.25,21.00,21.50,21.75,21.75,21.50,22.75,22.00,21.25,22.00,22.00,22.25,21.50,22.25,22.75,22.50,22.00,22.50,21.75,21.25,22.75,22.25,23.50,}
T=20.93
{23.00,21.25,22.75,21.25,23.00,21.50,22.00,23.00,22.50,21.00,21.00,21.00,20.75,21.50,21.00,24.50,21.75,21.00,21.25,21.25,21.25,21.75,21.50,22.50,21.50,22.25,21.25,21.00,21.50,22.00,21.75,21.00,21.25,21.00,21.00,20.75,20.50,22.00,21.75,21.75,23.00,21.25,21.25,21.00,21.50,21.75,21.25,22.50,22.25,22.25,22.00,21.00,22.00,22.00,21.75,22.25,21.75,21.00,21.25,20.50,20.75,21.50,22.75,23.50,}
T=20.87
{22.50,22.50,21.75,20.75,22.50,21.50,22.50,23.00,23.00,21.25,21.50,21.75,21.00,21.75,21.50,24.25,22.00,21.25,21.00,21.25,21.50,21.00,21.50,23.00,21.25,22.00,20.25,19.75,21.00,21.75,21.75,22.50,21.25,21.75,20.00,21.00,20.75,21.25,21.75,21.50,23.00,21.25,21.00,21.00,21.75,22.50,21.00,20.25,22.00,21.75,22.75,21.00,22.25,22.50,20.75,22.25,21.50,21.25,20.50,20.75,21.00,22.25,22.50,21.75,}
T=20.81
{22.25,21.25,22.25,21.25,22.00,22.50,22.25,23.00,22.25,21.75,21.75,22.00,21.00,21.50,21.75,23.00,22.00,21.25,22.00,21.25,21.00,21.25,21.50,23.00,21.25,21.25,21.50,21.25,21.75,20.75,22.25,21.75,22.50,21.50,21.50,21.25,20.75,21.00,21.75,21.75,23.00,21.00,21.00,21.00,21.00,22.00,21.00,22.00,22.00,21.75,22.00,21.00,20.75,22.75,21.25,21.75,22.00,22.75,20.50,22.00,21.75,23.25,21.50,22.00,}
T=20.87
{23.25,21.00,22.50,21.75,22.25,22.25,22.50,22.50,21.75,21.00,21.50,21.75,20.75,21.25,21.75,23.75,23.00,20.50,20.50,21.50,21.50,21.75,21.00,22.00,21.25,21.50,20.00,21.50,21.75,21.50,21.75,22.50,22.75,20.75,21.00,20.50,21.00,22.00,22.25,21.50,23.00,21.00,21.25,21.25,21.75,21.50,20.75,21.00,21.25,22.00,21.50,21.25,21.25,22.25,20.75,21.50,22.50,22.50,22.25,21.25,21.00,22.25,22.50,21.00,}
T=20.81
{22.50,21.75,21.75,21.75,22.50,22.00,22.50,23.25,22.00,21.75,21.75,22.00,20.75,22.00,21.50,23.25,21.50,20.50,21.25,21.25,21.25,21.00,21.25,23.50,21.75,22.00,21.00,20.75,21.75,21.00,21.75,22.50,22.25,21.00,20.50,21.00,21.50,21.75,21.25,21.50,22.75,21.25,21.25,21.00,21.25,22.50,21.25,21.25,22.25,22.50,21.75,20.75,21.00,21.75,20.25,22.25,22.75,22.00,22.00,21.50,22.50,22.50,22.50,22.50,}
T=20.87
{23.00,21.50,22.00,22.00,22.50,22.50,21.75,23.75,21.75,21.25,21.50,22.25,20.50,21.00,21.75,23.50,22.25,21.75,21.75,21.25,21.00,21.50,22.00,23.75,21.75,21.75,20.75,21.00,21.50,21.50,21.25,22.75,22.50,21.25,20.50,20.75,21.00,21.25,21.50,22.00,21.50,20.50,21.25,21.00,21.25,22.25,21.00,22.25,21.75,22.00,21.75,22.25,21.00,22.50,21.75,23.00,22.75,21.50,21.25,21.50,21.50,22.50,22.75,23.25,}
T=20.87
{23.00,20.75,21.25,21.00,21.75,21.25,22.75,22.75,22.25,21.25,21.75,21.25,20.75,21.75,21.25,23.25,21.25,20.25,21.25,21.75,21.75,21.25,20.75,23.00,20.75,21.25,21.50,21.50,21.50,20.75,22.75,22.75,22.25,21.25,20.75,21.50,20.75,21.75,21.00,23.00,22.50,21.00,21.75,21.50,21.50,22.25,22.00,22.75,21.75,22.00,20.75,22.25,22.00,22.00,21.50,22.75,22.00,20.75,20.25,20.50,21.50,21.75,22.75,21.50,}
T=20.81
{23.00,21.25,22.25,21.50,22.25,22.50,22.75,22.75,22.75,21.75,20.50,20.75,21.50,21.50,21.50,24.00,21.75,21.25,21.25,22.00,21.25,21.50,23.50,24.00,21.75,22.25,20.75,21.75,21.50,22.00,24.25,24.25,22.50,21.75,20.75,21.00,20.75,21.50,21.75,23.00,22.50,21.50,20.25,20.50,21.25,21.75,21.00,22.00,22.25,22.00,21.75,21.75,22.25,21.50,21.75,22.50,22.50,21.50,21.00,21.25,21.25,21.50,22.75,22.00,}
T=20.87
{22.25,21.75,22.75,21.25,23.50,23.00,22.75,22.50,23.25,21.50,21.75,21.25,21.00,21.25,21.75,22.50,22.25,21.00,21.00,21.00,21.50,21.25,23.50,25.00,21.50,21.75,21.00,21.00,21.50,21.50,23.00,24.75,22.75,21.00,21.25,21.50,21.50,21.25,22.75,24.00,21.75,21.00,20.75,20.50,21.00,22.00,20.75,23.00,22.25,22.25,22.25,21.75,21.25,21.00,22.00,22.25,23.00,22.50,21.00,21.25,22.00,21.75,23.00,22.25,}
T=20.93
{23.00,22.25,22.00,21.00,22.50,22.25,21.50,22.25,22.50,22.00,21.00,21.50,20.25,21.25,22.25,24.50,22.50,20.75,21.25,20.50,22.25,22.75,23.25,23.25,21.75,21.25,20.75,21.25,21.25,21.75,24.75,24.00,22.00,21.50,21.25,21.50,21.00,23.25,23.25,22.50,22.00,21.00,20.75,20.50,21.75,21.00,22.25,22.00,22.00,21.25,21.75,22.25,22.25,21.50,21.75,22.25,23.75,21.50,22.00,20.50,21.50,21.75,22.75,23.25,}
T=20.87
{22.75,22.00,21.75,21.00,22.00,22.00,22.00,23.25,21.75,21.75,21.50,22.00,22.25,21.00,21.25,23.75,22.00,21.75,21.00,21.25,21.50,22.25,22.75,22.25,21.25,22.00,21.00,21.25,23.25,24.00,23.50,21.50,22.00,21.50,20.50,20.50,21.00,23.25,23.50,21.50,23.00,20.50,21.00,20.75,21.00,21.75,22.50,22.00,21.50,20.50,21.75,21.25,20.75,21.50,22.25,22.50,23.25,22.00,22.00,20.75,22.50,22.25,22.00,22.75,}
T=20.87
{22.75,22.75,22.00,21.00,22.25,22.50,21.75,22.75,22.25,21.25,22.00,22.25,20.75,21.50,21.00,23.50,21.75,21.25,21.25,21.25,21.50,21.25,22.00,22.25,21.25,21.25,22.25,21.25,23.25,23.00,23.25,21.50,21.75,22.00,20.50,20.25,21.50,24.75,22.75,22.75,22.25,21.50,20.75,20.75,21.25,23.75,22.50,21.25,22.25,21.25,21.50,21.50,21.50,21.75,21.50,22.75,22.75,21.25,21.50,21.50,20.75,21.50,22.00,22.75,}
T=20.93
{22.50,21.00,23.00,20.75,23.00,22.25,22.00,23.25,22.00,21.25,21.25,22.25,22.25,21.00,21.25,23.25,22.50,20.75,22.25,20.75,21.00,21.25,21.00,22.00,21.50,22.00,21.25,22.25,23.25,22.50,22.00,22.25,22.00,21.50,20.50,22.50,24.75,22.00,21.25,21.00,22.50,21.50,21.25,21.25,23.50,22.50,21.50,22.25,21.25,21.75,22.25,22.50,22.00,22.50,21.75,22.50,22.50,21.25,20.50,20.75,21.75,22.00,22.00,22.25,}
T=20.81
{23.00,22.50,21.75,20.75,21.75,22.50,23.00,22.75,22.00,21.00,21.75,22.25,21.00,21.75,21.50,23.00,22.50,21.25,20.75,21.75,21.50,21.00,21.50,21.75,21.00,21.50,21.50,22.25,23.00,21.50,21.25,21.25,22.25,21.50,23.50,24.00,23.50,21.25,21.50,21.75,23.00,21.50,21.50,23.25,22.50,21.50,21.50,22.75,23.25,21.00,21.75,21.75,21.75,21.75,22.00,22.25,22.75,21.50,21.75,21.50,21.50,22.25,23.50,22.75,}
T=20.87
{22.25,22.25,23.00,20.75,22.25,22.50,21.50,23.25,22.25,21.50,21.50,21.25,21.25,20.75,21.00,23.00,22.25,20.50,21.00,21.75,21.50,21.00,22.00,23.00,22.50,22.25,22.75,22.50,21.00,21.25,21.75,22.00,22.00,22.75,25.25,24.25,21.75,22.50,21.00,22.50,23.25,21.50,22.50,23.00,21.75,21.25,21.25,21.75,22.50,21.75,22.25,21.25,21.75,22.75,20.75,21.50,22.25,20.50,21.25,20.50,21.75,21.75,21.75,21.25,}
T=20.75
{22.25,21.00,22.00,20.75,22.00,21.75,22.50,23.25,21.75,20.75,21.00,21.00,21.25,21.25,21.75,23.25,22.00,22.00,21.25,20.75,21.50,21.00,21.50,21.75,21.00,22.50,22.50,21.25,21.00,21.50,21.75,21.50,22.75,24.75,23.50,22.25,21.75,21.25,21.75,21.50,22.75,22.75,24.25,21.75,21.25,21.50,22.75,22.00,21.50,21.75,21.75,21.50,22.25,21.50,21.50,22.25,22.75,22.00,21.25,21.00,21.50,21.75,22.50,22.50,}
T=20.93
{23.25,22.50,23.25,21.00,22.50,22.25,22.00,23.00,22.75,20.75,22.00,22.00,22.50,21.00,21.75,22.75,22.50,22.25,21.75,21.75,21.25,21.50,21.25,21.25,21.75,23.75,21.75,20.00,21.50,21.25,22.00,21.50,23.75,25.25,23.75,22.00,21.50,21.50,21.25,21.00,23.75,22.25,23.50,21.00,22.25,21.00,22.00,21.75,22.50,22.00,21.75,22.00,22.75,22.00,21.25,22.50,22.50,21.50,21.50,21.50,21.75,21.75,21.50,23.00,}
T=20.87
{23.25,21.25,21.75,21.75,22.75,22.25,22.50,23.00,23.25,21.00,21.25,20.75,20.75,20.25,20.75,23.50,23.50,20.75,21.25,21.25,21.50,21.75,21.00,22.50,21.50,22.25,21.50,21.50,21.75,21.25,21.25,21.25,24.75,23.50,23.25,21.50,21.75,21.00,22.25,21.50,23.50,22.75,21.25,21.50,20.50,22.00,21.75,21.25,22.75,21.75,22.25,21.25,22.25,22.00,22.00,22.50,23.00,22.00,21.50,20.75,21.50,23.00,21.75,23.25,}
T=20.87
{23.00,22.25,22.50,21.75,22.25,21.50,23.25,22.25,23.00,21.75,21.50,21.50,21.25,21.00,22.25,22.75,22.25,20.25,20.75,20.50,21.75,21.75,22.25,22.50,22.50,21.25,21.00,22.00,21.25,21.00,22.75,21.50,24.00,23.50,20.75,21.25,21.25,21.00,21.75,21.75,24.75,23.00,20.50,20.75,20.75,21.25,21.50,21.25,22.00,22.00,21.50,21.25,21.50,22.75,21.00,23.00,22.00,22.00,21.50,21.25,22.75,21.75,22.25,22.00,}
T=20.87
{23.25,22.50,22.25,20.25,21.75,22.25,23.00,23.25,22.50,21.25,21.50,21.25,21.50,20.50,21.75,23.00,21.50,21.00,21.00,21.75,21.75,21.00,21.50,21.75,22.00,21.00,20.25,21.25,21.25,22.00,21.50,22.00,25.25,22.50,21.00,21.00,21.00,21.75,22.25,21.50,23.75,22.25,21.25,21.75,21.75,21.25,22.00,21.50,23.00,21.25,21.75,21.00,21.25,21.75,21.75,22.75,22.25,21.75,20.50,21.00,21.00,22.25,22.00,22.50,}
T=20.93
{23.00,21.50,22.00,20.75,22.00,22.25,22.00,23.75,21.75,22.00,21.75,21.75,21.25,21.25,22.25,23.25,21.25,22.00,20.75,20.50,21.50,21.25,21.00,20.75,22.75,22.50,22.00,21.50,21.75,21.50,22.25,22.00,24.75,22.00,20.50,21.50,21.00,21.75,20.25,21.25,24.25,22.25,22.00,21.25,22.25,21.75,21.50,21.50,21.50,22.00,22.50,22.50,21.50,22.25,22.75,22.25,22.25,21.75,20.50,21.25,20.75,21.75,22.75,23.00,}
T=20.93
{23.00,22.00,22.25,22.00,22.00,22.25,23.00,23.00,22.50,21.75,21.25,21.50,21.00,21.25,21.75,23.75,22.50,21.75,21.75,21.75,21.25,21.75,23.00,21.25,21.00,21.25,21.00,21.25,21.00,21.75,22.00,21.25,24.00,20.75,20.50,21.25,21.25,21.50,22.00,21.00,22.75,21.75,21.00,21.00,21.25,21.00,21.00,20.75,22.00,21.50,21.25,21.75,21.50,21.50,21.75,22.75,22.25,22.25,21.25,21.50,21.75,21.75,23.00,22.25,}
T=20.81
{22.50,21.50,22.25,21.50,22.75,21.25,22.50,22.75,22.75,21.50,22.25,21.25,21.25,21.00,21.25,23.50,21.00,21.50,20.75,21.00,22.25,21.25,21.50,22.50,21.00,21.75,21.25,20.75,21.25,21.25,21.75,21.25,23.50,22.00,21.00,21.50,21.00,21.50,22.25,21.50,23.00,21.25,20.50,21.50,21.00,22.00,21.00,21.25,21.75,20.75,21.75,21.00,21.75,21.75,22.00,22.25,23.00,22.00,21.25,21.50,20.75,21.75,22.75,21.75,}
T=20.93
{23.50,21.25,21.50,21.00,22.50,22.25,22.75,23.00,21.75,21.75,21.25,21.25,21.50,21.00,21.50,22.50,23.00,21.25,21.75,22.00,21.75,21.00,21.50,22.50,22.00,22.00,21.50,21.00,21.50,21.50,21.00,22.00,24.50,20.75,21.25,20.75,21.75,21.00,21.75,21.25,23.00,21.50,21.75,20.50,20.75,22.25,21.50,22.25,22.25,21.75,22.00,21.00,21.50,22.00,22.25,22.00,22.00,21.50,22.25,21.50,22.00,22.25,22.00,21.00,}
T=20.87
{23.00,21.25,21.50,21.00,22.50,22.00,21.75,23.50,22.50,21.25,21.00,21.75,21.25,21.50,21.25,23.25,22.25,21.75,20.75,21.25,21.50,21.50,21.00,22.50,21.50,21.50,21.00,19.75,21.25,21.25,21.75,21.50,23.25,21.50,21.25,21.00,21.75,20.50,21.75,21.75,23.00,21.50,21.75,21.00,21.00,21.50,21.25,21.50,22.50,20.75,22.25,21.75,21.75,22.00,21.75,23.00,21.75,22.00,21.25,21.00,20.75,22.25,22.00,21.75,}
T=20.93
{23.50,21.75,21.75,21.00,21.50,22.25,22.00,22.75,21.75,21.25,22.00,21.50,21.25,21.25,21.75,22.75,22.50,20.75,21.50,20.50,21.50,20.75,21.50,22.00,21.00,21.50,21.25,21.25,21.75,21.25,21.00,21.00,22.00,21.75,21.00,21.00,20.50,21.25,21.75,21.75,23.00,21.25,21.75,21.25,21.75,21.50,21.75,20.75,22.25,21.50,22.00,20.50,22.50,21.25,22.25,22.50,23.25,21.00,22.00,21.75,21.00,21.75,22.75,23.25,}
T=20.87
{23.50,21.25,22.00,20.75,22.50,22.50,22.00,22.50,22.50,22.00,22.00,21.25,21.50,20.75,21.50,22.25,22.25,21.25,21.50,21.25,21.00,21.00,21.50,22.25,21.25,22.00,21.00,20.25,21.50,21.75,21.75,21.00,22.50,21.75,20.50,21.25,20.75,20.75,21.25,21.75,23.25,21.50,21.00,20.25,21.25,21.75,20.75,21.50,22.00,22.00,21.25,21.25,21.50,22.00,21.75,23.50,22.25,22.00,21.25,21.00,21.00,22.75,22.50,21.75,}
T=20.81
{22.00,21.75,21.75,21.25,21.50,21.75,22.00,23.00,21.75,20.75,21.00,21.50,21.00,21.50,21.25,23.75,22.50,21.50,21.50,21.00,22.00,20.75,21.00,21.75,21.00,21.75,21.00,21.50,20.75,21.50,20.25,21.00,22.00,21.25,20.00,21.00,21.25,21.00,21.50,22.25,24.00,21.50,21.00,21.25,21.75,21.50,21.50,20.75,22.75,22.50,21.75,22.00,22.00,22.75,21.75,22.50,21.75,21.75,20.50,21.00,21.50,22.00,22.00,22.75,}
T=20.87
{23.00,22.25,22.00,20.75,21.75,22.00,21.25,22.50,21.75,21.00,21.50,21.25,20.75,20.25,21.25,22.25,23.00,21.00,22.00,20.75,22.50,20.75,21.75,21.75,21.50,21.75,20.50,22.25,21.50,21.50,21.50,20.25,22.25,22.50,21.50,21.25,21.00,22.00,21.75,22.25,24.50,21.00,21.00,21.00,21.50,21.50,22.25,21.25,21.75,22.00,21.50,21.25,21.25,21.50,20.00,22.00,23.25,21.00,21.25,21.50,21.00,22.00,22.75,21.75,}
T=20.93
{23.50,21.50,21.50,21.75,22.50,22.25,22.50,23.00,23.00,21.00,21.25,21.00,21.00,21.25,21.75,22.75,22.25,20.75,21.25,20.75,20.50,20.75,20.25,21.75,21.50,22.00,21.75,21.50,21.50,21.50,22.75,22.00,25.00,21.75,21.25,21.00,22.50,22.25,22.25,22.75,24.75,21.50,20.75,21.25,21.25,22.00,20.75,22.50,22.25,22.25,22.00,21.75,21.75,22.75,21.50,22.25,22.75,20.50,21.25,20.25,20.75,21.75,22.75,22.75,}
T=20.93
{22.75,21.50,22.00,20.50,22.50,22.00,22.50,21.75,21.50,20.75,22.00,21.00,20.75,21.25,21.75,23.25,20.25,20.75,20.75,21.25,20.75,21.25,20.50,20.50,21.75,21.75,21.25,21.00,20.75,22.00,21.75,22.00,23.50,23.00,21.50,21.00,21.00,20.50,21.25,21.75,24.50,22.00,21.75,21.00,21.00,21.75,21.25,22.25,22.75,22.00,21.75,22.25,21.75,22.50,20.75,22.75,22.25,20.75,21.25,21.00,22.25,21.75,22.75,22.50,}
T=20.87
{23.25,22.00,22.25,20.75,23.00,22.25,22.75,23.50,22.25,22.25,22.00,21.50,21.25,22.00,21.25,23.75,22.25,21.25,20.25,21.50,21.75,21.25,21.50,21.75,21.75,21.00,21.25,20.50,21.25,20.75,21.75,21.25,24.25,22.50,21.25,21.50,21.50,22.00,22.00,21.50,25.00,22.75,22.00,20.75,20.75,21.75,21.75,21.50,23.50,21.25,23.25,22.00,22.50,21.75,22.00,22.25,22.50,20.50,20.75,21.00,21.50,22.50,22.50,22.00,}
T=20.75
{21.50,21.25,21.50,20.75,21.75,21.25,22.25,22.25,22.00,21.75,20.50,20.75,20.50,20.75,21.50,23.00,22.25,20.75,20.50,21.25,20.75,20.75,21.00,21.00,21.50,21.25,20.50,20.50,20.75,21.25,21.75,22.00,24.50,22.50,21.50,21.50,21.25,22.00,21.75,21.75,24.00,23.00,22.00,21.00,21.25,21.25,22.00,21.25,23.25,21.50,22.75,21.25,22.00,21.75,21.75,22.75,22.75,21.75,22.25,20.25,21.50,22.50,22.25,22.75,}
T=20.87
{22.75,22.00,21.75,21.75,22.50,21.50,22.75,23.75,22.25,21.25,20.25,22.25,20.50,21.25,20.75,23.75,22.50,21.25,21.25,21.00,21.50,21.75,21.00,22.75,22.50,22.50,20.75,20.75,20.50,21.50,21.75,21.25,23.75,24.75,22.25,21.00,21.00,21.00,21.00,22.25,23.75,23.75,22.25,20.75,20.75,21.75,21.75,22.00,21.75,22.50,22.50,22.00,21.00,21.25,21.75,22.25,21.50,23.50,21.00,21.75,21.00,22.25,22.50,23.50,}
T=20.87
{23.00,21.00,22.00,21.25,22.75,22.25,22.25,22.75,23.00,21.75,22.75,21.25,21.25,20.75,21.50,22.50,22.00,21.25,21.25,20.75,21.00,21.25,20.75,21.00,22.25,22.00,22.25,21.50,21.50,22.00,21.75,21.25,21.75,23.75,22.75,22.00,21.75,21.00,21.75,22.00,22.25,22.25,22.75,21.75,21.50,22.00,22.50,21.50,22.50,21.50,22.00,21.25,21.00,22.75,22.00,22.00,22.00,21.00,22.00,20.50,21.50,21.75,23.00,21.50,}
T=20.93
{23.75,22.75,22.25,21.25,22.50,22.00,22.50,23.50,23.50,21.00,21.75,20.75,21.25,21.25,21.75,23.25,22.75,21.00,21.00,21.75,21.50,21.00,21.50,22.00,22.00,21.50,23.00,23.00,22.00,21.50,22.25,21.50,22.00,22.75,23.25,22.50,21.00,21.50,21.75,21.75,22.25,22.25,23.00,22.75,20.50,22.00,22.00,21.50,22.50,22.50,22.25,20.75,21.50,22.00,20.75,22.50,22.00,21.50,20.75,21.25,20.75,22.25,22.00,22.75,}
T=20.81
{23.00,22.50,23.25,21.25,22.25,21.00,21.75,23.75,22.25,22.00,21.50,22.00,20.75,21.50,21.75,23.50,21.50,20.75,21.25,20.50,20.75,21.25,21.75,21.00,21.75,22.25,21.25,22.50,21.25,21.25,22.50,22.00,22.75,21.25,21.75,23.75,21.25,21.50,21.50,21.00,21.75,21.75,21.50,23.75,22.25,21.00,21.25,21.75,22.50,21.75,22.00,22.75,22.00,21.75,21.75,22.00,22.75,22.00,21.25,21.00,20.75,21.75,21.50,22.50,}
T=20.93
{23.50,22.00,22.25,21.75,22.25,23.00,22.50,23.50,22.75,21.25,21.50,22.00,20.50,21.75,21.75,23.75,22.25,21.75,21.25,22.00,22.25,22.00,21.75,23.00,21.00,21.75,21.00,21.50,21.75,21.00,21.75,21.25,21.00,22.25,20.75,22.75,23.50,23.25,20.75,22.25,23.00,21.50,20.75,22.25,24.25,22.75,21.50,20.50,22.50,21.50,22.50,21.50,22.75,22.00,22.25,21.50,22.50,20.75,21.25,21.25,21.50,21.75,22.25,22.25,}
T=20.87
{23.50,21.50,22.50,20.25,22.75,22.25,22.25,22.25,22.25,21.75,21.75,22.25,20.50,21.50,21.25,23.25,21.75,21.00,20.50,21.25,21.75,21.25,21.50,22.50,21.00,21.75,21.50,21.25,21.75,22.00,22.25,22.25,21.75,22.25,20.75,21.50,23.00,23.00,21.75,22.25,22.50,20.50,20.75,21.00,23.75,24.00,21.25,20.50,22.00,20.50,21.25,21.75,22.50,22.25,21.50,22.00,22.25,21.25,21.25,21.50,21.75,21.25,22.75,22.25,}
T=20.87
{22.75,21.25,22.50,21.00,23.00,21.50,22.50,23.00,22.75,21.75,20.25,21.75,21.00,21.75,21.25,23.25,21.75,21.50,22.00,21.00,21.50,21.50,21.50,22.50,21.50,22.00,21.00,21.00,21.25,22.50,22.25,21.25,22.75,22.00,20.75,21.75,22.75,23.00,25.25,21.75,22.00,22.50,21.50,21.50,22.50,23.75,22.50,21.75,22.50,21.50,21.50,21.25,22.25,22.00,21.75,22.00,22.00,20.50,21.25,21.00,22.25,22.00,23.25,21.00,}
T=20.93
{22.50,22.25,22.00,20.50,22.75,21.25,23.25,23.75,23.00,21.00,21.50,22.25,20.75,21.00,21.00,23.00,21.25,21.25,20.50,20.50,20.50,21.00,21.25,21.75,21.25,21.50,21.75,20.75,22.00,22.00,23.50,21.50,22.00,21.00,20.50,21.25,21.75,23.25,23.50,24.00,22.00,21.50,21.25,22.50,21.25,23.25,22.75,22.75,21.75,21.50,21.00,22.00,22.00,22.25,22.25,22.00,23.25,22.00,21.75,20.25,21.00,22.25,21.75,22.75,}
T=20.87
{24.25,22.00,23.25,21.75,23.00,22.25,23.50,22.00,21.75,20.75,21.75,21.50,21.25,20.75,21.75,24.00,22.00,20.50,20.75,21.00,20.25,20.75,22.25,21.75,21.25,20.75,20.75,21.25,20.75,21.50,22.25,21.50,22.00,21.50,21.50,21.00,21.75,22.75,23.50,25.00,22.00,21.50,21.25,22.00,21.50,22.25,23.25,23.75,22.25,20.75,21.75,21.25,21.50,21.75,22.25,22.25,22.50,22.00,20.75,21.00,21.00,22.00,22.00,22.75,}
T=20.75
{22.75,23.00,23.00,21.00,22.25,22.00,22.00,23.75,23.00,21.00,21.25,21.75,21.25,20.75,20.75,24.00,22.50,21.50,22.25,21.75,21.50,22.00,21.75,21.75,21.00,21.00,21.25,21.00,21.50,21.75,22.00,21.75,22.50,21.00,21.00,21.25,21.50,21.75,24.25,23.25,23.00,22.25,22.50,21.25,22.25,22.00,23.75,24.25,22.00,21.25,22.25,22.00,22.00,21.25,22.00,22.50,23.25,22.25,20.50,21.50,21.25,22.00,23.00,22.50,}
T=20.93
{22.75,22.75,23.00,21.50,22.50,22.75,22.50,24.25,21.75,22.25,21.75,21.75,21.25,20.50,21.75,23.75,23.25,21.00,21.50,21.25,21.75,20.75,21.25,21.25,21.00,21.00,20.75,20.75,21.75,21.25,21.75,21.75,21.50,21.25,20.50,21.75,21.50,22.25,22.75,24.25,23.00,21.25,21.00,21.25,21.25,22.75,22.00,22.50,23.50,21.50,22.25,21.50,21.75,22.00,22.00,23.50,22.50,21.75,21.00,21.75,22.00,21.75,21.00,23.25,}
T=20.87
{23.00,23.00,22.00,22.00,22.75,22.50,23.25,23.75,22.25,20.75,21.25,21.75,20.75,21.25,21.75,24.00,21.00,21.50,21.00,21.50,21.00,21.00,22.00,21.75,22.00,21.75,22.25,20.50,21.00,22.00,22.25,21.75,21.25,21.75,21.50,21.00,21.00,22.25,22.00,24.50,22.50,21.25,21.50,21.00,22.50,21.00,22.25,22.50,22.00,21.75,23.25,21.25,23.00,21.75,22.00,22.75,23.25,20.75,22.00,20.50,21.50,21.50,21.75,20.00,}
T=20.87
{23.25,22.25,21.50,21.50,22.75,22.25,22.00,24.50,22.25,21.75,21.25,21.25,21.00,20.75,21.00,23.75,22.50,20.75,21.50,21.00,21.75,21.00,20.75,21.75,21.25,22.25,21.50,21.25,22.00,21.75,22.00,22.25,22.00,21.25,20.50,21.75,20.75,21.75,21.75,23.50,22.50,20.50,22.00,20.75,21.75,22.50,22.00,23.25,22.25,21.25,22.50,21.75,21.75,22.25,21.75,22.25,22.75,22.75,21.75,21.75,21.50,23.50,22.50,23.50,}
T=20.93
{22.00,22.50,22.50,21.75,22.75,22.75,23.00,24.50,22.25,20.75,20.50,20.75,22.00,20.25,21.50,23.25,22.00,20.25,20.50,21.25,21.75,21.50,21.75,21.75,20.25,21.25,20.00,21.25,20.50,20.50,21.00,21.50,22.75,22.00,21.00,21.25,20.50,21.50,21.75,24.00,23.25,21.25,22.00,21.50,21.50,22.00,21.50,22.75,22.50,22.00,22.00,21.00,20.75,22.25,20.75,22.75,23.00,21.25,21.50,20.75,21.25,22.00,23.25,22.75,}
T=20.87
{23.00,22.75,22.75,22.50,21.75,23.00,23.25,24.25,22.25,21.50,23.00,22.00,22.00,21.00,21.00,23.50,22.00,22.00,21.50,21.00,21.50,20.75,20.25,21.00,21.00,21.00,21.25,21.00,21.50,21.00,21.50,20.75,21.50,20.75,20.50,21.50,21.75,21.75,21.25,22.25,22.00,21.00,20.75,20.50,22.25,21.50,21.50,22.00,22.25,22.25,21.75,22.00,22.25,21.75,21.00,23.00,23.00,22.50,21.75,21.25,22.00,22.00,22.75,22.50,}
T=20.93
{23.00,22.50,23.00,21.75,22.75,22.25,22.50,23.00,22.75,20.75,22.75,20.75,22.50,21.00,21.00,23.50,22.50,21.00,21.50,21.00,21.50,21.00,21.75,22.00,21.25,22.00,20.50,21.25,21.25,22.00,21.75,21.50,22.25,21.00,21.00,22.00,21.00,22.50,21.25,22.50,22.25,22.00,20.75,20.75,22.25,22.50,21.25,22.00,23.25,21.25,21.75,21.75,21.75,22.00,21.75,22.75,22.50,21.50,21.75,20.50,22.50,22.25,22.50,22.50,}
T=20.87
{22.75,21.50,21.25,21.75,21.75,22.75,22.50,23.50,22.50,20.75,21.75,21.25,22.00,21.25,22.50,23.25,21.50,20.50,21.25,21.25,21.25,21.25,21.00,22.50,21.25,21.75,20.75,20.00,20.25,21.75,21.75,20.75,21.50,21.75,20.75,20.75,21.00,21.75,21.50,22.00,22.00,21.00,21.25,20.00,21.50,21.00,21.50,21.25,22.25,22.00,21.00,21.50,21.50,21.75,22.00,21.75,21.75,22.25,20.50,20.75,20.75,22.50,22.25,23.25,}
T=20.81
{23.75,21.50,22.75,20.25,22.75,21.75,22.25,22.00,22.75,21.75,20.75,20.75,20.75,20.50,20.75,22.00,22.00,21.00,21.00,21.00,21.50,21.25,21.50,21.25,20.75,21.00,21.25,21.50,21.25,21.25,21.75,21.50,21.50,20.50,21.00,21.75,21.00,21.50,21.50,22.75,22.75,21.25,21.25,20.75,21.00,22.00,21.50,22.75,21.00,21.25,21.50,21.75,22.00,21.75,21.50,22.25,23.25,22.00,21.25,22.25,20.50,22.25,21.00,23.00,}
T=20.93
{23.75,21.50,22.00,21.00,22.75,22.25,22.50,23.00,22.00,22.00,22.00,21.75,21.25,22.50,21.25,23.25,22.25,21.00,20.75,21.25,21.75,21.25,21.75,22.50,21.00,21.75,21.00,21.50,21.25,22.00,21.50,22.00,21.50,22.00,21.00,22.75,21.25,22.25,22.25,23.50,22.50,21.75,21.25,21.25,21.25,21.75,21.75,22.00,22.00,21.00,22.50,21.00,21.25,21.50,21.75,21.75,22.75,22.25,21.00,21.50,21.75,21.75,22.75,23.00,}
T=20.87
{22.75,21.75,21.50,20.25,22.25,21.25,22.00,23.00,22.25,21.00,21.50,21.00,21.00,20.75,21.25,23.75,22.75,21.75,22.50,21.25,22.50,21.50,22.00,21.50,21.50,21.25,20.25,21.50,21.25,21.50,21.00,22.00,22.75,20.50,20.50,21.25,21.00,22.00,22.25,22.50,22.50,21.25,21.25,20.75,21.00,21.50,22.00,22.50,21.75,21.25,22.00,21.25,21.25,21.75,22.25,21.50,22.00,21.75,21.75,21.50,20.75,22.00,21.00,22.00,}
T=20.81
{22.00,21.25,22.25,21.00,22.25,22.50,22.00,23.75,22.25,21.00,22.00,21.25,21.00,21.50,21.75,22.50,22.00,21.25,20.75,21.00,21.25,21.25,21.75,22.25,21.25,21.25,21.00,20.75,21.50,21.25,22.00,21.50,22.00,21.50,20.50,21.25,21.25,21.00,21.25,23.25,22.25,21.25,21.50,21.50,21.25,22.50,21.00,23.25,21.50,21.25,20.75,21.75,21.25,21.75,21.25,22.75,23.25,21.50,20.50,20.75,20.50,22.25,21.75,22.50,}
T=20.93
{23.50,22.25,22.00,22.00,22.25,22.50,21.75,23.00,22.50,21.25,21.25,21.25,21.25,21.00,21.00,23.00,22.00,20.75,21.75,21.25,22.50,20.75,22.25,21.00,21.25,22.25,20.75,21.50,21.25,22.00,21.75,22.25,21.25,20.25,21.00,20.50,20.50,21.75,22.75,23.75,23.00,21.25,21.25,21.25,21.75,21.50,22.75,22.25,21.75,21.50,21.50,21.50,21.25,21.75,21.75,23.75,21.25,21.75,21.25,21.75,21.00,21.75,22.75,22.25,}
T=20.93
{22.25,22.25,21.75,21.00,22.50,21.25,22.00,21.75,21.75,21.50,21.00,21.75,21.00,21.50,20.50,23.50,22.75,21.25,20.75,21.25,21.75,20.75,21.50,22.50,21.25,21.25,21.00,21.75,22.00,21.00,21.75,22.25,22.00,21.00,21.25,21.00,21.00,21.75,22.75,23.75,22.25,21.25,21.50,21.00,21.00,21.50,22.75,23.50,22.25,22.00,21.25,21.50,21.50,21.00,22.50,23.75,23.00,21.75,21.50,21.75,21.00,22.75,22.00,22.50,}
T=20.87
{23.50,22.75,22.50,22.25,23.25,23.00,23.00,23.25,22.25,20.75,21.25,20.75,21.25,21.25,21.50,23.00,21.50,21.75,21.00,21.25,21.50,21.00,20.50,21.50,21.00,22.00,20.75,21.00,21.50,21.75,21.00,22.00,21.50,21.50,20.25,21.25,21.50,22.50,22.50,24.50,23.00,20.75,21.25,21.50,21.50,22.25,22.50,23.75,22.25,21.75,21.00,21.00,21.00,21.25,21.50,23.00,23.00,22.50,21.00,21.50,21.00,22.00,21.75,22.75,}
T=20.87
{23.50,21.50,23.00,21.25,22.75,21.75,23.25,24.00,23.00,22.25,22.25,21.50,22.00,21.75,21.25,23.25,21.50,21.25,20.75,22.00,20.75,22.25,21.50,23.00,21.00,21.25,21.00,21.25,20.50,21.25,21.50,22.00,21.50,20.25,19.50,21.00,21.50,21.50,22.25,23.75,23.50,21.00,21.00,21.25,22.25,22.00,23.50,22.25,21.75,22.00,21.75,21.25,21.50,22.00,21.75,23.00,22.50,21.75,21.00,21.00,21.25,22.25,22.75,22.75,}
T=20.87
{23.50,21.00,22.00,20.75,22.25,21.25,23.25,23.75,22.25,21.75,22.00,21.00,21.50,20.25,21.50,22.50,22.00,21.50,21.75,21.25,21.25,21.75,21.50,22.25,21.25,21.00,21.50,19.75,20.25,21.50,22.25,21.50,22.75,22.00,21.50,21.50,21.50,22.00,23.25,23.00,23.00,21.50,22.00,21.00,22.00,22.75,24.25,21.50,21.00,21.25,22.00,21.25,21.25,22.00,22.75,22.00,21.75,21.75,20.50,21.75,20.50,22.25,22.00,23.50,}
T=20.93
{23.25,22.00,21.00,21.00,22.25,22.00,22.00,22.25,21.75,21.25,21.25,21.25,21.50,21.25,20.75,22.50,21.25,21.50,21.25,21.00,21.25,21.25,21.75,22.50,21.50,20.50,21.25,21.50,22.25,22.00,22.25,21.75,21.00,21.25,21.25,21.75,22.25,24.25,22.50,21.75,22.75,21.00,21.75,21.75,23.00,23.75,23.00,21.50,22.50,21.25,21.00,21.00,21.00,22.25,21.25,21.50,21.75,21.25,20.75,20.75,21.50,22.00,22.50,22.00,}
T=20.93
{23.25,22.25,21.25,20.75,22.50,22.75,22.75,23.50,22.25,20.75,21.25,21.50,21.25,22.00,21.00,23.50,22.50,21.50,21.25,21.25,20.50,20.75,22.00,21.75,22.00,21.25,22.00,20.75,22.50,21.50,22.00,21.50,22.25,20.75,20.75,21.00,23.00,23.25,21.75,21.50,22.50,22.00,21.00,21.75,22.25,23.75,21.50,21.25,22.75,21.00,22.25,21.25,21.50,22.25,21.75,21.50,22.50,21.50,21.00,21.50,20.75,21.25,22.00,21.75,}
T=20.87
{23.75,20.25,22.50,21.25,22.75,21.50,22.00,22.75,22.00,21.00,20.50,22.25,21.50,21.25,21.00,23.00,21.75,21.25,21.75,20.00,21.00,20.25,21.50,22.75,23.00,21.75,20.75,21.75,22.00,21.75,21.50,21.75,21.50,21.00,20.25,21.75,22.25,22.00,21.00,21.50,23.25,21.75,22.25,24.00,24.00,22.25,21.25,21.00,23.00,21.00,21.75,23.00,21.75,21.25,22.25,21.50,22.00,21.75,20.75,21.75,21.00,22.25,22.50,21.75,}
T=20.93
{23.50,23.00,21.75,21.00,22.00,23.00,22.00,23.50,22.00,21.25,21.25,21.75,21.75,21.25,20.50,22.50,23.00,21.25,22.00,21.50,22.25,21.50,21.50,22.50,21.50,22.25,21.50,22.50,22.25,21.00,21.75,22.00,22.25,21.75,21.75,23.00,21.25,21.75,22.25,22.00,22.00,21.25,24.25,22.75,22.50,21.00,22.00,21.75,21.75,21.75,22.50,22.50,20.50,22.25,20.50,21.75,22.50,21.50,20.75,22.00,21.00,22.50,21.25,22.75,}
T=20.87
{22.25,22.00,22.25,20.75,21.75,21.75,22.25,23.00,22.00,21.25,21.75,21.50,21.25,21.25,22.00,22.50,21.50,21.00,21.50,21.50,21.00,20.75,20.75,22.25,21.75,22.00,21.75,21.00,21.00,21.00,22.00,21.25,21.25,21.75,22.75,22.25,21.00,21.50,21.75,21.50,22.50,21.50,24.00,22.00,21.50,22.00,21.00,21.25,21.75,21.25,22.25,21.75,21.00,22.25,21.00,22.00,22.00,21.50,21.25,20.50,21.25,21.25,21.75,22.00,}
T=20.93
{23.25,20.50,22.75,21.00,22.50,21.75,22.25,22.25,22.25,21.75,21.50,21.50,21.00,20.75,21.00,23.00,21.75,21.25,21.25,21.00,21.50,22.00,21.00,22.50,22.00,21.50,22.00,21.50,21.75,20.50,21.75,21.00,23.75,24.00,23.00,21.25,22.00,20.50,22.25,22.25,23.25,23.00,22.75,21.25,22.00,21.50,21.75,20.50,22.00,21.50,21.50,21.25,21.75,21.50,21.75,21.50,23.25,21.75,21.50,21.25,22.00,21.25,23.00,22.50,}
T=20.93
{23.50,22.00,21.50,21.25,22.50,22.50,21.50,23.00,22.50,22.00,21.75,21.75,20.75,21.50,21.50,23.25,22.00,22.00,20.00,21.00,21.75,21.75,21.50,21.75,21.50,22.75,21.00,20.75,20.75,21.75,22.50,21.00,24.75,22.50,22.00,21.25,21.50,21.50,22.50,21.25,23.00,23.75,21.25,21.00,20.50,21.75,21.00,21.50,22.00,20.75,22.00,21.75,22.00,21.25,22.50,21.00,22.25,22.00,21.50,21.25,21.75,21.50,22.25,21.25,}
T=20.87
{23.25,21.75,22.50,21.25,21.75,22.00,23.00,23.25,22.25,21.25,21.75,21.75,21.25,21.00,21.00,23.50,21.75,20.50,21.00,21.00,21.25,21.00,21.00,21.25,22.00,22.00,20.75,20.75,21.00,21.00,21.00,20.75,23.25,24.25,22.25,21.75,21.25,21.50,21.00,22.00,23.75,23.50,22.25,21.25,21.75,21.25,21.75,22.25,22.50,21.75,21.00,21.75,21.50,22.25,22.00,22.75,22.00,20.75,20.75,20.50,21.00,21.50,22.25,22.50,}
T=20.87
{22.50,21.25,21.50,21.25,23.00,22.50,23.25,23.25,22.50,22.00,21.25,21.50,21.00,21.25,21.75,23.25,21.50,22.00,21.25,21.25,21.75,20.50,21.25,21.50,21.50,22.25,21.00,20.50,21.00,22.00,22.00,21.50,24.25,23.25,21.50,21.75,21.50,21.25,22.25,21.00,24.25,22.00,21.50,20.50,21.50,21.75,22.00,21.50,23.00,21.75,21.50,21.00,22.00,21.75,20.50,21.50,22.25,21.50,20.25,21.50,20.75,20.75,22.50,21.25,}
T=20.93
{24.25,21.50,22.00,21.00,22.50,22.00,23.50,23.75,21.75,21.25,21.50,21.50,21.00,21.75,21.75,24.00,22.25,21.25,21.00,21.25,21.50,20.75,22.00,22.00,23.00,22.00,21.50,21.25,21.50,21.00,21.50,20.50,23.25,23.00,20.50,21.50,20.75,21.50,21.75,21.00,24.50,22.00,21.75,21.00,21.50,21.50,21.75,22.00,21.25,22.25,22.00,21.50,21.50,22.00,21.00,23.00,21.75,22.00,20.25,21.50,20.50,22.00,21.25,22.00,}
T=20.93
{23.00,21.25,22.00,21.25,23.00,22.25,22.25,23.50,22.25,21.50,21.00,21.50,21.00,22.25,21.50,23.50,23.00,21.25,21.50,21.25,22.00,21.25,21.50,22.25,21.75,21.75,20.75,21.50,20.75,21.50,21.25,21.50,23.75,21.75,21.00,20.50,21.50,22.00,21.25,21.75,23.25,21.00,20.75,21.00,21.00,22.25,21.75,21.50,21.50,21.00,21.75,20.75,21.25,21.00,21.50,22.25,22.50,22.25,20.75,20.75,21.75,21.75,22.25,22.50,}
T=20.87
{22.25,21.75,23.25,20.75,22.50,22.25,21.75,23.50,23.00,20.75,20.75,21.25,21.00,20.75,21.50,22.50,21.75,21.00,20.50,20.75,21.50,21.00,21.00,22.50,21.50,22.00,21.00,20.75,21.50,21.50,22.00,21.50,22.50,21.50,20.50,20.75,20.75,21.50,21.25,21.50,23.50,21.50,22.00,22.00,21.75,21.75,22.50,21.25,22.50,21.00,21.50,20.50,22.25,22.00,21.75,22.00,22.25,21.25,21.25,19.75,20.50,21.50,22.00,22.00,}
T=20.93
{23.25,22.00,23.00,21.50,22.00,21.75,22.00,22.50,23.00,21.75,21.00,21.00,21.25,20.50,20.25,22.75,22.25,20.75,21.00,21.25,21.50,21.00,22.25,22.25,21.25,21.50,21.50,21.00,21.25,21.50,21.75,21.25,23.25,20.75,21.00,20.75,21.25,22.00,22.25,21.00,23.00,21.50,21.25,21.25,21.25,21.25,21.75,22.00,22.75,21.50,21.75,22.50,20.50,22.25,22.25,23.00,23.00,22.00,21.25,20.50,21.00,21.75,21.50,22.00,}
T=20.81
{22.50,21.75,20.50,21.00,21.25,23.00,21.00,23.50,22.25,21.00,22.25,21.50,21.25,21.00,21.25,22.75,22.25,21.50,22.50,20.50,22.00,21.50,21.00,22.25,22.00,21.50,22.00,21.25,21.75,20.75,21.50,20.50,22.75,21.25,21.00,21.25,20.50,22.25,21.00,22.25,22.00,21.50,20.75,21.00,21.00,21.75,21.25,22.50,22.25,21.25,21.50,21.75,22.25,21.25,21.25,22.00,23.25,21.75,21.25,21.25,20.25,21.25,21.75,22.50,}
T=20.87
{24.25,21.75,22.75,21.25,22.50,22.00,22.50,22.75,23.50,22.00,21.50,21.25,20.50,22.00,21.00,24.50,22.50,20.75,21.00,21.25,21.25,21.25,22.25,22.00,22.00,21.75,20.50,20.25,21.50,21.75,21.25,21.00,22.75,21.75,21.25,21.75,21.75,22.75,21.75,22.00,22.75,22.00,21.50,21.00,21.25,22.00,21.50,21.50,22.25,21.50,21.50,21.25,21.50,22.25,22.25,22.50,22.50,22.00,21.25,20.25,21.75,22.25,22.00,22.00,}
T=20.87
{22.50,21.25,23.25,21.25,22.50,22.50,22.00,22.50,22.50,21.75,21.50,22.25,20.25,22.00,20.50,24.25,22.25,21.00,21.25,21.00,21.75,21.25,21.00,22.25,21.25,21.50,21.00,20.75,20.75,21.50,21.00,20.75,22.25,21.00,20.75,20.50,21.00,21.50,21.00,21.00,23.25,21.25,22.25,21.00,21.25,21.75,21.75,22.00,22.00,20.75,22.00,21.75,21.00,22.50,21.50,23.25,22.75,21.00,20.75,21.25,20.75,21.00,23.00,21.75,}
T=20.87
{23.50,22.00,22.75,21.25,22.25,21.75,21.25,22.75,22.75,21.75,21.00,22.25,21.00,21.50,21.75,23.50,22.25,22.00,20.75,21.00,21.25,20.75,21.50,21.75,22.00,21.50,21.00,21.50,21.25,21.00,21.00,21.50,21.75,22.25,21.50,21.25,20.50,21.50,21.25,21.50,23.00,21.50,21.75,21.75,20.75,22.75,21.50,21.25,22.25,21.75,22.25,21.00,21.25,22.75,22.00,22.25,23.25,21.25,20.75,21.25,21.50,21.75,21.75,21.75,}
T=20.87
{23.50,21.50,22.75,21.50,23.00,22.00,22.00,23.75,22.50,20.75,21.25,21.00,21.50,21.25,21.50,23.00,21.75,20.75,21.00,21.00,22.25,21.00,21.50,22.50,21.00,21.75,20.75,21.00,21.75,21.50,21.25,21.00,22.75,21.75,20.25,21.50,21.50,21.00,21.75,21.00,22.75,21.50,21.25,20.50,21.50,21.75,22.50,22.00,22.75,21.50,22.25,21.50,22.25,21.50,22.00,22.25,22.00,22.25,21.00,21.50,21.25,22.00,22.00,22.50,}
T=20.93
{23.00,21.50,22.50,20.75,21.75,22.50,22.75,23.25,23.00,21.75,21.75,21.00,22.00,20.75,22.50,23.25,23.00,21.25,22.00,20.75,21.50,21.25,21.50,22.50,21.00,21.75,21.00,20.00,21.50,21.50,22.25,21.00,21.50,22.75,21.50,21.75,21.25,21.50,21.75,21.75,23.75,22.25,21.50,21.50,21.75,22.25,21.50,22.00,22.50,22.00,22.50,20.75,21.75,21.25,21.25,22.50,23.50,22.00,22.25,21.25,22.00,22.00,22.00,22.50,}
T=20.93
{23.00,22.00,23.75,20.75,22.25,22.50,22.75,24.00,21.25,21.25,21.50,21.00,20.75,20.75,22.00,23.25,21.75,21.50,21.25,20.25,21.25,21.00,21.50,22.00,22.00,22.25,21.25,21.25,21.75,21.00,21.50,22.00,22.00,21.50,20.25,21.75,20.75,21.50,20.75,21.50,23.25,21.50,21.25,21.50,21.75,22.00,21.25,22.00,21.75,21.50,21.50,20.25,21.50,21.75,21.00,21.25,22.25,20.75,22.25,20.25,22.00,21.25,22.75,21.25,}
T=20.93
{22.75,22.50,22.25,21.00,21.75,22.75,21.00,23.25,22.00,21.75,21.75,22.00,21.25,21.25,20.50,23.50,22.25,21.75,21.50,20.25,21.75,21.75,21.25,22.75,21.50,21.75,21.50,20.75,21.25,22.00,22.00,21.50,23.00,21.50,21.75,21.50,21.50,22.00,21.50,22.00,25.00,21.75,21.00,20.75,22.00,21.50,22.25,22.00,21.75,21.50,22.25,21.25,21.75,21.75,21.50,22.25,22.50,21.50,21.50,20.75,20.75,22.25,21.75,22.00,}
T=20.93
{23.00,22.00,22.00,21.25,22.50,22.00,22.75,23.50,23.00,20.75,21.50,20.25,21.00,21.00,21.00,22.75,22.25,21.00,21.25,21.25,21.25,21.50,21.25,21.75,21.25,21.75,21.00,20.75,21.75,21.25,21.75,21.50,24.00,22.00,21.00,20.75,20.75,21.25,21.00,21.50,24.25,22.25,21.50,21.25,22.00,22.25,22.00,22.00,22.50,23.00,21.50,22.75,21.00,23.00,21.50,22.75,22.25,22.00,22.00,21.50,21.25,22.50,22.50,22.75,}
T=20.93
{22.50,22.00,22.00,21.25,22.00,23.00,22.00,23.25,22.50,21.50,21.00,21.25,20.75,21.00,21.75,23.25,21.25,21.00,20.75,21.00,21.75,21.00,21.75,22.00,21.50,22.00,20.50,20.50,20.50,21.25,21.50,21.75,23.50,22.25,21.25,21.50,21.50,22.00,21.50,21.50,24.75,21.75,21.75,20.75,21.50,21.50,21.50,22.00,23.00,22.00,21.75,21.50,22.00,21.50,22.50,22.00,22.75,22.00,22.25,20.75,22.00,21.25,23.25,22.25,}
T=21.00
{23.75,22.50,22.50,21.50,22.25,22.00,22.25,22.75,21.50,21.75,21.50,21.25,21.25,21.25,21.25,23.25,22.25,20.75,20.75,20.50,21.00,21.25,20.75,21.75,21.75,22.00,22.00,21.00,21.25,21.50,21.25,21.75,23.50,22.50,21.25,21.75,21.25,21.75,22.25,22.50,24.50,21.50,21.75,20.75,21.75,22.75,21.75,20.50,23.50,22.50,22.50,22.25,21.75,21.75,22.25,22.50,23.00,22.00,20.50,21.25,21.25,21.50,21.25,22.75,}
T=20.87
{23.00,22.00,21.75,22.00,21.75,23.00,22.00,22.50,22.50,21.75,21.00,21.00,20.50,21.50,21.50,22.50,21.75,21.00,21.75,21.50,21.00,21.25,22.25,21.75,21.75,22.50,21.25,21.50,21.00,21.50,21.75,22.00,25.25,22.75,20.75,20.00,21.75,22.25,22.00,21.25,24.00,22.50,21.25,21.25,22.25,21.50,20.75,22.25,22.75,21.75,21.25,21.00,21.75,21.00,21.50,22.75,23.50,21.50,21.00,21.25,21.50,22.00,22.50,21.75,}
T=20.93
{22.25,22.25,22.25,21.25,22.25,21.75,22.75,23.75,21.25,21.50,21.00,21.75,21.25,21.25,21.25,22.50,23.00,20.75,22.25,20.00,21.25,21.50,21.75,20.75,20.50,23.00,21.75,21.25,21.00,21.75,22.25,21.50,24.25,22.50,22.00,20.50,21.50,21.50,21.00,22.00,22.75,23.25,21.50,20.75,21.00,20.75,21.75,21.50,22.75,22.00,22.00,21.25,22.25,21.75,21.50,22.75,23.00,22.75,21.75,21.50,21.50,22.50,22.00,22.25,}
T=20.87
{22.50,21.25,22.00,21.25,22.50,21.50,22.50,23.50,22.50,22.00,21.25,21.00,21.75,21.00,21.00,23.25,21.50,21.00,21.00,21.00,21.50,22.00,21.50,20.75,21.75,22.00,21.75,21.25,21.50,21.50,21.75,22.00,22.25,23.75,22.25,22.00,21.00,22.50,21.25,21.50,22.75,23.00,22.25,21.50,20.75,21.50,22.25,21.25,22.25,21.50,21.75,21.75,22.50,21.75,21.00,22.25,22.75,22.00,21.00,20.25,21.50,21.50,22.50,22.50,}
T=21.00
{23.50,21.50,23.25,21.00,23.25,21.50,22.00,23.25,22.50,21.25,21.25,21.50,21.00,21.00,22.00,23.25,22.50,20.50,21.25,21.25,21.75,21.75,20.50,21.00,21.00,22.25,22.25,21.75,21.00,21.50,21.50,22.50,22.00,22.00,22.00,21.75,20.75,21.25,21.50,21.50,22.50,22.25,23.50,21.50,21.75,21.00,21.25,21.50,22.00,21.75,22.00,21.75,22.25,22.75,22.25,22.00,23.50,21.50,20.25,21.75,21.75,22.00,22.00,22.75,}
T=20.93
{22.75,22.00,22.50,21.75,22.25,22.50,22.00,22.25,22.50,21.00,21.50,21.50,21.25,21.25,21.75,22.50,22.75,21.25,21.00,21.00,21.75,20.25,21.00,22.00,21.00,21.50,21.75,21.00,21.00,21.75,22.50,21.75,22.75,22.00,22.75,22.50,21.00,21.75,21.75,21.00,22.50,21.75,23.00,23.00,22.25,22.00,22.00,22.00,21.75,20.75,21.25,22.25,23.00,21.50,21.75,21.50,23.50,21.25,22.00,20.75,20.75,22.25,23.25,22.00,}
T=20.93
{22.50,22.50,22.00,20.75,23.25,22.50,22.75,23.75,22.25,22.00,21.25,20.50,22.00,22.00,21.75,22.75,22.25,21.00,20.50,21.00,21.25,21.00,21.25,22.00,20.50,22.00,21.25,21.00,21.50,20.75,21.25,21.50,22.25,21.75,21.00,22.75,23.25,21.50,21.50,22.25,22.25,21.00,21.00,22.25,23.75,22.25,22.25,20.50,21.75,21.00,22.00,21.75,22.25,22.50,22.25,23.00,22.00,21.50,21.75,21.75,21.50,21.25,23.00,20.75,}
T=20.93
{23.50,21.50,22.00,20.50,22.50,21.25,22.75,22.75,22.75,21.00,22.00,20.75,22.00,21.00,21.75,24.50,21.50,21.25,20.75,21.25,20.50,21.75,21.25,21.75,21.50,22.00,21.50,21.00,21.75,21.50,21.25,22.00,21.25,22.50,20.25,21.50,22.75,23.25,22.00,22.25,23.00,21.00,21.00,21.00,23.50,23.75,21.00,21.25,22.25,20.75,22.25,21.25,22.25,21.75,21.50,22.25,22.50,21.00,21.50,20.50,21.25,22.00,22.00,21.50,}
T=20.93
{23.00,22.25,22.50,20.75,22.50,21.50,22.75,23.00,22.50,22.00,20.75,21.00,21.25,20.75,21.25,23.00,22.25,21.25,21.25,21.50,21.50,21.25,21.75,21.25,22.25,22.00,20.75,21.00,21.50,21.75,21.50,21.00,22.00,21.75,21.00,20.75,22.00,24.50,23.50,22.00,22.50,21.50,21.00,21.25,22.00,23.75,21.75,21.25,22.50,21.00,22.25,20.75,21.75,22.50,22.00,22.25,23.25,21.50,21.50,21.75,21.75,22.25,22.50,22.75,}
T=20.93
{23.50,22.75,22.00,20.75,22.50,22.00,22.25,23.00,21.25,20.75,22.00,21.00,21.50,21.00,20.50,23.25,22.25,21.50,21.25,20.75,21.25,20.75,21.25,23.00,21.50,21.25,21.50,21.00,21.00,22.00,22.75,22.00,22.00,21.75,20.75,21.25,21.50,23.00,24.00,23.25,24.00,21.00,21.25,21.25,21.25,23.25,23.25,22.00,23.00,21.00,22.25,21.25,22.50,22.25,22.25,22.50,21.50,22.00,20.75,20.50,21.50,22.25,21.75,21.75,}
T=20.93
{23.00,21.50,22.00,20.50,22.00,22.50,22.25,22.50,21.75,21.75,21.50,21.00,20.75,20.25,21.00,23.25,22.00,21.00,20.50,21.00,22.00,20.75,21.50,22.00,21.75,21.75,20.50,20.75,21.75,21.50,22.25,22.00,21.25,20.75,21.25,21.00,21.00,23.25,22.75,23.75,22.75,21.00,20.50,21.00,21.00,21.25,23.75,22.75,21.00,21.25,21.75,22.25,21.00,22.50,21.75,22.25,22.50,22.00,21.25,21.75,20.75,21.50,22.00,21.75,}
T=20.81
{22.25,21.75,22.00,21.75,23.00,21.25,22.00,21.75,23.00,21.25,21.50,21.25,20.75,20.75,22.00,23.00,21.25,19.75,20.75,21.00,20.75,21.25,21.50,22.25,21.50,21.00,21.00,20.75,21.75,21.50,22.50,21.50,21.75,21.50,20.75,21.00,20.50,23.00,23.25,23.50,23.00,21.25,20.25,20.25,21.75,22.00,23.00,22.75,22.50,22.00,22.00,21.00,23.25,21.50,21.50,22.25,23.00,21.50,20.75,20.50,21.25,22.50,22.00,22.00,}
T=20.81
{22.00,21.25,22.00,21.50,21.75,21.50,21.75,22.00,21.50,20.50,21.75,21.25,20.75,20.75,21.25,23.25,22.25,21.00,20.50,21.50,21.50,21.00,21.25,22.00,20.25,20.50,20.75,20.50,20.75,21.00,21.25,21.00,21.50,21.25,21.00,21.00,21.00,21.50,22.75,23.50,22.50,22.00,20.25,21.75,21.25,22.00,22.50,23.50,21.00,21.50,22.00,21.75,22.25,21.75,21.50,22.25,21.75,21.75,20.75,21.75,21.00,22.25,22.50,22.50,}
T=20.87
{22.25,21.50,21.25,20.50,22.00,21.50,21.50,22.25,22.00,21.25,21.00,22.00,21.50,21.75,20.75,23.75,22.50,20.50,20.25,20.00,21.25,20.00,21.00,21.00,21.00,21.75,20.50,20.75,21.75,21.50,21.75,21.00,21.75,21.75,21.00,22.25,21.50,22.00,21.50,23.25,22.25,21.75,21.75,21.25,21.50,22.00,22.25,22.75,22.00,20.75,22.00,21.75,22.25,22.50,21.00,23.00,21.75,21.50,20.00,20.75,21.25,22.25,22.00,21.25,}
T=21.00
{22.25,22.00,22.00,21.50,22.00,21.75,22.25,23.00,20.75,21.75,21.25,21.75,21.00,20.50,21.25,23.00,22.00,21.50,21.00,21.25,21.25,20.50,21.75,21.50,21.50,21.50,21.00,21.25,21.50,21.50,22.50,22.25,22.25,21.50,21.75,22.00,21.25,21.50,22.00,23.75,21.50,21.00,20.75,20.75,21.00,21.50,21.25,22.00,22.25,22.00,21.50,21.75,21.00,22.00,21.75,23.00,22.75,20.75,21.25,20.50,21.25,21.50,21.25,22.75,}
T=20.93
{22.50,21.50,23.00,20.25,22.00,21.50,22.00,22.00,22.50,22.25,21.50,23.00,21.50,21.50,21.50,24.25,22.50,21.00,21.25,20.75,21.00,21.75,21.00,21.00,22.00,21.75,21.00,21.00,21.00,21.75,21.25,21.25,21.75,21.00,20.25,21.00,20.75,21.75,22.00,23.25,22.00,20.75,21.25,21.00,21.25,21.75,21.50,20.50,22.50,20.75,21.50,21.00,21.25,22.50,21.50,22.75,22.50,20.00,20.50,20.25,20.75,21.50,22.50,22.00,}
T=20.93
{22.50,21.25,21.75,21.00,21.75,21.50,22.00,23.25,23.00,21.50,22.25,21.75,21.25,21.50,21.25,23.25,21.50,20.75,21.00,20.75,22.25,21.00,21.25,22.00,21.00,21.25,21.00,20.75,20.75,21.00,21.00,21.00,21.00,21.50,20.50,21.25,21.00,21.50,22.00,22.50,22.75,21.25,21.00,20.75,21.25,22.00,20.75,21.50,22.00,21.50,22.50,22.00,21.25,21.75,21.00,22.25,22.00,22.00,22.00,21.75,21.00,22.25,22.75,22.50,}
T=20.93
{23.25,21.25,21.50,20.75,23.25,22.25,22.50,22.25,22.00,21.00,21.00,21.50,21.50,21.00,21.50,23.00,21.50,20.75,21.00,21.00,21.75,21.50,21.75,22.25,21.50,22.50,20.75,21.00,20.50,21.50,21.50,21.75,21.50,21.00,20.00,21.00,21.25,22.50,21.75,23.00,22.50,21.00,21.50,21.00,21.25,21.00,21.75,22.00,22.25,21.00,23.00,21.75,21.25,21.25,22.25,22.25,22.50,21.50,21.25,21.75,19.75,21.00,21.25,22.50,}
T=20.93
{23.50,22.00,22.25,20.25,23.00,22.00,22.25,23.00,22.50,21.00,20.75,21.25,21.50,21.25,21.75,23.00,21.50,21.00,20.50,21.00,21.00,20.75,21.00,21.00,21.00,22.00,20.75,20.50,21.00,21.50,21.00,22.50,21.75,21.00,21.00,21.25,20.50,21.50,21.50,23.25,22.25,20.50,19.75,20.25,20.25,20.00,21.25,22.25,21.75,20.75,21.75,21.00,22.00,22.25,21.25,22.00,22.50,21.00,21.25,20.00,20.75,21.25,21.75,21.75,}
T=20.93
{22.75,22.50,21.25,20.50,22.75,21.50,22.00,23.00,22.00,21.25,21.75,21.75,20.25,21.00,21.25,23.75,21.75,20.25,20.00,21.00,20.75,20.50,22.25,22.00,21.00,21.75,21.00,20.25,21.00,22.75,21.00,21.75,22.25,21.25,20.50,21.00,20.75,21.50,21.75,23.50,22.00,20.75,21.00,20.75,21.50,21.75,22.00,22.75,21.00,21.00,21.50,20.50,20.50,22.00,21.50,22.75,22.50,21.75,21.00,20.75,20.75,21.50,22.75,23.50,}
T=20.93
{23.25,21.25,21.25,21.00,23.00,22.00,21.75,22.75,23.00,22.00,21.00,21.75,21.75,22.00,22.25,23.25,22.50,21.00,20.75,21.25,21.75,21.50,21.50,22.00,20.00,21.50,21.25,20.25,21.25,21.50,21.25,22.75,22.00,21.00,19.75,20.50,21.25,22.00,22.25,23.00,22.00,20.75,21.75,21.00,22.00,21.75,21.50,22.50,21.25,21.00,21.75,20.75,21.50,20.50,21.25,22.00,23.50,20.50,20.75,20.50,20.75,21.50,21.75,21.75,}
T=20.81
{21.75,21.25,21.50,21.00,21.50,21.00,22.25,23.50,22.00,21.25,20.50,21.25,20.50,21.25,20.75,23.25,21.50,20.50,20.25,21.00,21.25,21.00,20.75,21.75,20.75,21.50,20.25,21.00,20.50,21.25,22.00,22.75,21.75,21.00,20.75,21.00,21.00,21.00,22.50,22.75,21.75,21.50,20.75,20.50,21.75,21.50,22.00,23.25,22.00,21.25,21.25,20.50,21.00,22.25,21.00,21.50,22.50,21.00,21.75,21.00,20.25,21.50,22.75,22.00,}
T=20.93
{21.50,21.25,21.50,20.00,21.00,21.25,21.75,23.00,22.25,20.25,21.00,21.00,21.50,19.50,21.25,22.00,21.50,20.50,20.75,20.75,21.00,21.00,20.75,21.25,21.00,22.00,20.75,21.00,21.25,21.25,21.75,22.25,21.75,20.50,20.50,20.75,21.00,21.00,23.50,23.75,21.50,20.75,22.25,21.25,21.25,22.00,23.00,22.25,21.75,21.50,20.50,21.25,22.00,21.50,21.25,23.00,22.25,21.25,20.75,21.00,19.75,22.00,21.75,22.00,}
T=20.81
{22.75,21.50,21.25,20.75,22.25,21.75,22.00,23.00,22.50,21.25,21.50,20.50,20.75,20.50,20.50,23.25,21.50,20.75,20.50,21.00,21.00,20.75,21.25,21.00,22.00,21.75,20.50,20.75,20.50,21.75,22.00,22.00,22.00,20.50,21.00,21.25,21.25,22.75,23.00,23.50,22.00,21.00,22.00,20.75,21.00,22.50,23.00,23.50,22.00,21.50,21.50,21.00,22.00,22.25,21.50,23.00,21.50,21.25,21.00,21.50,21.00,21.75,22.25,21.25,}
T=20.93
{23.00,21.00,22.50,21.25,22.00,21.50,22.25,22.50,21.50,21.50,21.25,21.25,21.25,21.25,22.75,23.50,21.75,21.50,21.50,21.25,21.50,21.25,22.25,22.50,21.00,20.50,21.50,20.25,21.25,21.25,21.75,21.50,21.50,21.25,20.25,20.50,22.00,23.00,24.00,23.00,22.25,21.75,20.00,21.00,21.25,22.75,22.25,21.25,23.00,21.75,21.50,20.75,21.50,21.75,21.75,22.25,23.50,22.25,22.75,21.50,21.25,22.25,22.00,22.50,}
T=20.93
{22.00,20.75,21.75,20.50,22.00,21.50,22.00,22.25,22.25,21.50,20.50,21.00,21.00,22.00,21.00,22.25,21.50,20.75,20.75,21.00,20.75,20.75,21.50,21.75,20.75,21.50,21.50,20.25,21.25,21.50,21.50,21.00,21.50,20.75,21.00,21.50,21.25,22.75,23.00,22.75,22.75,20.25,20.00,20.25,21.00,22.75,22.50,21.50,21.25,21.50,20.75,22.00,21.00,22.50,21.00,22.75,22.25,21.75,21.50,20.75,20.75,22.25,22.50,22.50,}
T=20.93
{23.50,22.00,22.50,21.50,22.00,22.50,22.75,23.25,23.00,21.75,21.25,21.50,20.75,20.75,20.75,23.00,22.00,20.25,21.25,20.75,21.50,20.50,21.00,21.50,21.25,22.00,21.50,21.00,22.00,22.50,21.25,22.00,22.50,21.25,20.75,20.75,22.25,23.75,21.75,21.50,21.25,21.00,20.50,21.00,21.50,22.75,21.75,21.50,22.75,21.25,21.25,21.75,21.75,21.25,21.75,22.25,22.25,22.00,21.75,20.75,21.50,22.25,22.75,22.50,}
T=20.87
{22.00,21.00,21.50,19.75,21.50,21.25,22.50,23.00,22.25,20.25,21.75,20.50,21.75,20.75,21.75,23.00,21.50,20.50,21.00,19.75,20.75,21.25,22.00,21.25,21.75,22.25,21.50,21.50,23.00,21.75,22.25,20.50,21.50,21.00,20.50,21.75,23.75,22.00,21.50,22.00,21.75,21.00,21.25,20.75,23.00,22.50,21.00,21.25,21.00,21.50,20.75,20.25,22.00,21.75,21.75,22.50,22.50,21.75,21.00,22.25,21.00,22.50,22.00,23.25,}
T=20.87
{21.50,22.00,21.50,21.50,22.00,21.75,21.75,22.25,21.75,21.50,20.75,21.00,20.50,21.50,21.00,23.00,21.25,20.75,20.25,21.00,21.00,20.75,21.00,21.25,20.75,21.50,20.75,22.00,21.50,21.00,21.25,21.50,22.75,21.25,21.00,23.00,23.00,21.25,21.50,21.00,22.00,21.75,21.50,23.00,21.25,21.75,22.50,23.00,21.00,21.50,21.50,21.75,21.00,21.50,21.50,23.00,22.50,20.75,20.75,20.75,21.00,20.75,22.00,21.00,}
T=20.93
{23.50,21.25,21.25,20.75,22.25,21.50,22.50,22.75,21.75,21.00,21.00,21.00,21.25,20.50,20.50,23.25,22.75,21.25,20.75,21.25,20.75,21.00,21.00,21.25,21.00,21.75,22.00,21.75,20.75,21.25,21.25,22.25,22.25,21.50,22.25,22.50,20.50,21.00,21.25,21.00,22.75,22.50,24.00,22.00,22.00,21.50,22.00,22.00,21.75,23.00,22.25,21.75,21.25,21.25,21.75,23.00,21.75,21.25,21.50,21.00,21.50,21.75,22.25,22.75,}
T=20.93
{23.00,21.00,21.25,20.50,21.75,22.00,22.50,23.75,22.50,21.75,21.25,21.75,21.00,21.50,21.00,23.25,21.50,20.25,20.50,20.75,21.25,20.50,20.75,20.50,21.75,21.50,21.00,20.75,21.50,20.50,21.75,20.75,22.00,22.00,22.50,21.25,20.75,22.00,21.75,21.00,22.25,24.00,22.50,21.75,21.25,22.00,20.75,20.75,21.75,21.50,22.00,22.25,21.75,21.50,21.75,21.75,23.50,21.50,21.75,21.50,21.25,21.75,23.00,21.75,}
T=20.93
{22.75,20.75,21.75,19.75,22.25,21.50,21.50,22.25,22.00,21.25,20.50,21.50,20.50,20.25,20.50,23.50,22.25,20.75,21.25,20.75,22.00,21.25,21.75,21.50,20.75,21.25,21.50,20.50,21.00,21.00,22.00,21.50,22.75,22.75,22.50,20.25,21.50,20.50,21.75,21.75,24.00,22.75,23.00,21.00,20.75,21.00,22.00,21.75,22.00,22.50,21.50,21.50,21.25,21.50,20.50,22.00,22.00,20.50,20.75,20.50,20.75,21.00,21.25,21.75,}
T=20.93
{23.50,22.50,22.50,21.50,21.25,22.00,22.00,23.75,21.75,21.25,21.25,22.00,20.75,21.25,20.75,23.25,21.50,21.00,21.00,21.25,21.00,20.00,21.75,20.75,22.25,21.50,21.25,20.75,21.00,20.50,21.25,20.25,23.75,23.25,21.00,21.00,21.75,21.00,21.00,21.50,23.50,23.00,22.00,21.00,21.00,21.50,21.25,21.50,21.50,21.75,22.00,21.75,21.25,21.50,21.75,22.50,22.25,21.25,22.00,21.00,22.00,21.50,22.75,22.75,}
T=20.93
{22.75,21.00,22.50,20.00,23.00,22.00,22.00,22.75,21.25,20.75,20.25,20.50,20.50,20.25,21.00,22.00,21.50,21.00,21.00,20.75,20.50,21.25,20.75,22.25,21.50,22.75,21.00,21.00,21.00,20.50,21.00,21.00,23.75,22.50,20.75,20.75,20.25,21.25,20.50,22.25,24.25,22.25,21.50,21.00,21.25,21.25,21.25,21.25,22.00,21.25,20.75,20.50,21.00,22.00,20.75,21.50,22.75,20.75,21.00,21.00,21.25,21.50,22.00,21.00,}
T=20.93
{22.75,21.50,22.25,21.25,21.25,21.50,22.75,23.00,22.25,21.25,20.75,21.00,21.25,21.25,20.50,23.25,21.75,21.00,20.25,20.25,21.00,20.75,21.00,21.75,21.75,21.25,20.25,20.75,21.25,21.25,21.25,21.00,23.25,22.50,20.00,21.50,20.50,21.50,21.25,21.25,24.00,21.75,21.50,21.50,21.00,22.00,20.25,22.00,22.00,21.75,21.75,21.25,21.00,21.75,21.75,21.00,22.50,21.25,21.75,20.50,20.25,22.50,22.00,22.75,}
T=20.93
{23.00,20.75,22.00,20.75,22.25,22.00,21.75,23.00,22.25,20.75,21.00,20.25,21.25,21.25,21.25,22.00,21.25,20.75,20.75,20.75,19.75,20.00,21.00,21.25,21.75,21.50,21.00,20.75,21.50,20.75,21.25,20.25,23.25,21.75,20.50,21.00,20.75,22.00,22.25,21.75,23.50,22.00,21.00,20.75,21.00,21.00,21.75,22.00,21.75,21.25,21.00,20.50,22.00,21.50,21.75,21.75,21.75,21.25,21.00,20.50,20.75,21.25,23.25,22.25,}
T=20.93
{21.50,22.25,21.75,21.00,21.75,21.75,21.50,23.00,23.25,21.50,21.25,21.00,20.50,22.00,21.00,22.50,22.25,20.00,21.50,20.00,21.00,20.00,20.75,21.25,21.75,21.25,21.00,20.25,22.25,21.25,21.75,21.25,23.25,21.50,21.00,21.25,21.75,21.00,21.75,20.75,24.25,21.00,20.75,21.25,21.50,21.00,20.75,21.25,22.25,21.50,21.25,21.50,21.25,21.75,21.50,22.00,21.25,20.75,19.50,20.50,20.50,21.75,21.25,22.25,}
T=20.87
{23.25,21.00,22.25,21.25,22.75,21.50,21.25,23.25,21.25,21.50,21.00,21.25,20.75,22.25,20.75,22.50,21.25,21.00,20.50,21.75,21.25,21.75,20.50,21.75,21.75,21.50,21.75,20.50,21.00,21.25,21.50,21.25,22.75,21.00,20.75,21.50,21.25,22.00,21.25,21.50,23.50,21.50,20.50,21.00,20.75,21.25,21.50,20.50,22.00,21.25,22.25,20.75,21.25,22.00,21.50,22.75,22.75,21.25,21.00,21.50,20.75,21.00,21.50,21.75,}
T=20.93
{22.50,21.25,22.25,20.75,22.50,21.75,22.00,22.50,22.00,21.50,22.00,21.75,21.25,21.25,21.00,23.00,21.50,20.25,20.25,20.75,21.00,20.25,21.00,21.25,22.75,21.50,21.75,20.00,21.25,21.00,21.75,21.25,23.00,20.75,20.50,20.50,20.50,21.25,21.50,20.75,22.75,22.00,21.50,21.25,21.25,21.75,21.25,21.50,23.50,21.00,21.25,21.00,21.75,20.75,21.50,22.25,21.75,21.50,20.75,21.25,20.50,22.25,22.75,22.50,}
T=20.81
{22.75,22.25,22.75,20.50,22.25,21.50,22.50,23.00,22.00,21.50,21.25,21.25,20.75,21.00,21.25,22.25,21.75,20.00,20.25,20.75,20.25,20.00,20.25,21.75,21.00,21.25,20.25,20.50,21.00,20.75,21.00,21.00,21.25,21.75,20.00,21.25,21.00,20.75,21.00,21.25,22.50,21.00,21.25,20.75,21.50,21.25,20.75,20.75,22.25,21.00,21.25,20.50,21.00,20.25,22.75,20.50,22.25,21.25,21.25,20.25,21.00,20.25,21.75,21.50,}
T=20.93
{22.00,21.50,22.50,21.00,21.75,22.25,22.50,22.75,22.25,20.75,22.00,21.00,21.00,21.75,21.00,23.25,22.00,20.75,21.00,21.00,22.50,20.00,21.00,21.25,21.75,21.75,20.50,20.50,20.00,21.00,20.75,21.50,23.25,20.75,20.25,19.75,20.75,20.75,21.25,20.75,22.50,21.00,21.00,20.75,21.50,21.75,20.75,20.75,22.50,21.50,21.75,20.25,21.50,21.25,21.25,22.75,21.75,21.50,22.25,21.75,21.25,22.25,21.50,23.00,}
T=20.93
{22.50,22.00,22.00,22.75,22.25,23.25,22.00,23.50,22.50,21.75,21.50,21.75,20.75,21.00,21.00,23.25,22.00,21.00,20.00,20.75,21.50,21.25,21.50,21.25,22.00,21.50,21.25,20.75,22.00,20.25,21.75,20.75,24.50,21.50,20.75,21.00,20.75,22.00,21.25,21.50,23.25,21.50,21.00,20.75,20.75,21.50,21.50,21.25,22.75,22.00,21.50,20.50,21.75,21.75,21.75,22.25,20.75,21.00,20.75,21.25,20.25,21.50,22.50,20.25,}
T=21.00
{22.50,22.50,21.75,21.50,22.25,22.00,22.00,22.50,22.00,20.75,20.75,22.00,21.50,21.00,20.75,22.00,22.25,19.25,20.00,21.25,21.50,21.00,20.50,21.75,21.00,21.75,20.50,20.75,22.00,21.00,21.75,21.00,23.25,22.50,20.50,21.50,21.25,21.50,21.25,22.50,23.00,20.75,20.75,20.75,21.00,21.00,21.00,22.00,21.00,21.50,21.25,21.75,22.00,21.75,20.75,22.75,22.75,21.25,21.25,20.75,21.50,21.50,22.75,22.00,}
T=20.81
{21.75,21.25,21.25,21.25,21.75,22.00,21.25,23.25,23.00,21.00,21.00,21.00,21.00,20.50,21.50,22.75,22.50,21.25,20.00,21.25,21.25,21.00,20.50,21.25,21.50,21.25,21.00,20.50,20.50,20.25,20.50,20.00,23.75,21.00,20.50,20.00,21.00,20.75,21.25,21.25,22.50,21.00,20.75,20.75,21.00,21.50,20.75,21.00,23.00,21.00,22.25,21.00,21.50,20.50,21.00,22.25,21.75,21.50,21.00,20.25,21.25,21.75,20.75,21.75,}
T=20.93
{22.50,21.50,22.50,21.00,22.50,21.75,22.00,23.25,22.50,21.00,21.00,20.75,21.75,21.50,21.75,22.50,22.75,20.75,20.25,21.00,21.00,20.75,21.25,21.75,22.25,21.25,21.50,20.50,21.50,20.00,21.25,21.00,23.00,22.75,20.50,20.75,20.75,21.00,21.00,22.00,22.75,21.50,20.50,20.75,21.00,22.00,20.75,21.75,22.00,21.75,21.00,20.75,21.25,21.00,21.50,21.75,22.25,20.50,20.00,20.75,21.25,21.25,22.50,21.75,}
T=20.93
{21.75,21.00,21.75,20.75,21.25,21.00,21.75,22.50,22.50,22.00,21.50,21.75,21.50,20.50,21.50,22.00,22.75,20.75,20.75,20.50,21.50,21.00,21.00,21.75,20.75,22.25,21.00,21.50,21.50,22.00,21.25,21.75,23.50,21.25,21.00,20.25,20.75,21.50,21.00,21.75,24.25,21.50,22.00,21.50,21.50,21.75,21.25,21.75,22.50,20.25,20.75,20.00,20.50,21.75,21.00,21.25,22.50,21.75,20.75,21.00,21.25,21.75,23.25,22.00,}
T=20.93
{22.50,21.00,22.50,20.75,23.00,21.50,22.75,22.00,22.75,22.25,22.00,21.75,21.25,21.50,21.00,24.00,22.50,20.50,20.25,21.00,22.50,21.00,21.75,21.50,21.50,21.75,21.00,21.00,21.25,21.50,22.00,21.00,23.75,22.25,21.00,21.50,21.50,21.75,21.75,21.75,24.00,22.00,22.25,21.50,21.75,21.50,22.00,21.75,21.50,21.75,22.75,21.50,21.00,21.75,21.25,22.50,22.75,22.00,20.75,20.50,21.50,21.50,22.00,21.25,}
T=20.93
{23.00,21.00,22.50,20.75,23.25,22.75,22.50,22.50,23.00,20.75,22.00,21.75,20.25,21.00,22.25,23.00,21.50,21.25,20.25,20.25,21.75,20.75,21.25,22.00,21.50,22.00,21.00,21.50,20.75,21.00,21.00,21.00,23.25,23.50,22.75,22.00,21.00,21.50,22.50,21.75,22.50,22.75,22.00,21.25,21.00,22.00,21.50,20.50,22.00,21.25,22.50,21.00,21.25,21.50,21.00,21.75,22.50,22.00,21.25,21.75,21.50,23.00,21.75,22.50,}
T=21.00
{22.25,21.00,21.25,21.00,21.75,21.75,22.00,23.00,21.75,21.75,21.00,22.00,20.50,21.00,21.75,23.00,21.75,21.25,21.50,20.75,22.00,20.75,22.00,21.50,20.75,22.00,22.00,20.75,21.00,21.50,21.50,21.50,21.75,22.50,22.50,22.25,22.25,21.50,21.75,22.00,22.25,21.75,23.75,21.25,22.00,22.25,21.75,21.50,21.00,21.00,22.25,21.50,21.75,21.00,21.00,22.25,23.50,21.50,21.50,20.50,21.00,21.00,22.00,22.50,}
T=20.93
{23.25,22.00,22.25,21.00,21.25,21.50,22.00,24.00,22.00,20.75,21.75,21.00,21.75,21.25,22.50,23.25,23.00,21.00,20.75,20.25,21.75,21.00,21.50,21.75,20.50,22.00,21.00,21.50,20.75,21.50,21.25,20.75,21.50,22.00,22.50,23.00,21.00,21.50,21.00,22.25,22.00,21.50,23.00,21.75,22.25,21.75,21.50,21.75,21.75,21.50,22.50,21.50,21.75,21.75,21.50,22.75,23.00,22.50,21.50,20.50,21.75,22.25,23.25,22.75,}
T=20.81
{22.75,21.50,22.25,20.50,21.75,21.50,21.75,22.00,21.75,21.25,21.50,21.75,20.00,21.25,21.25,23.25,21.25,20.50,20.50,20.75,20.75,20.75,20.25,21.50,21.00,21.25,21.00,21.75,21.25,21.00,21.00,21.25,22.00,21.25,21.75,23.00,23.25,21.00,20.75,22.00,22.50,21.50,22.50,21.50,22.50,21.25,21.00,21.75,21.25,22.00,21.75,22.25,21.50,22.25,20.75,22.50,22.50,22.25,20.50,21.50,21.00,22.00,22.50,21.75,}
T=20.87
{22.25,22.00,22.00,20.50,23.00,21.50,21.50,22.50,23.50,21.75,21.50,20.75,21.00,21.00,21.50,22.50,21.75,21.00,20.75,20.50,21.50,21.75,20.75,22.25,21.25,21.25,21.50,20.50,23.00,21.50,21.75,21.25,21.75,20.75,20.00,20.75,22.75,24.00,22.25,21.25,22.25,21.25,20.75,20.75,22.00,22.75,20.00,21.50,22.00,21.75,21.25,21.75,20.25,21.75,21.50,23.00,22.25,21.50,22.25,21.25,22.00,22.25,22.75,22.75,}
T=20.87
{22.75,22.75,22.50,21.25,22.50,22.00,22.25,23.50,22.50,21.75,21.50,21.25,21.50,20.75,22.25,23.75,22.75,21.25,21.25,21.00,21.25,21.00,21.75,22.25,20.00,22.25,20.75,21.50,21.50,23.75,22.75,22.00,21.50,20.25,21.50,21.25,22.50,23.75,21.75,22.25,22.75,20.50,21.00,20.75,22.00,22.25,21.25,21.25,21.50,21.75,21.50,22.00,21.50,21.75,20.25,22.50,23.00,21.25,21.25,20.00,22.50,21.75,23.00,23.50,}
T=21.00
{23.25,21.50,22.00,20.75,22.50,22.00,21.25,23.00,22.00,20.50,21.25,21.75,20.75,20.50,21.50,23.25,22.00,21.00,21.50,21.25,21.75,21.50,22.00,21.25,21.75,21.50,21.50,20.75,21.25,21.75,22.75,20.50,22.50,21.50,20.75,21.25,21.50,22.25,23.50,23.50,21.75,21.00,21.25,20.25,22.00,21.75,22.25,22.00,22.25,21.75,21.00,21.50,21.75,22.00,22.25,22.25,23.25,22.25,20.75,22.00,21.25,22.25,22.50,22.50,}
T=20.93
{22.00,22.00,21.75,21.00,22.00,22.50,22.00,23.75,21.50,22.25,21.75,21.75,21.00,21.25,21.75,23.00,21.75,20.75,21.25,20.75,21.75,20.50,21.00,21.50,22.25,21.75,21.00,21.25,21.75,21.75,23.50,22.50,21.75,21.25,21.00,20.75,21.00,23.00,23.50,24.25,21.50,20.75,20.75,19.75,20.75,21.50,21.00,21.50,21.50,21.00,21.25,20.50,21.50,21.25,21.25,21.75,22.25,21.50,20.00,20.50,20.50,21.50,22.00,21.00,}
T=20.81
{22.00,21.25,22.50,21.00,21.75,21.75,22.75,23.00,22.25,22.25,22.00,21.75,21.75,21.00,22.25,23.25,22.50,20.50,20.50,20.75,21.75,21.00,21.50,21.75,21.25,22.25,21.00,21.00,21.75,21.25,23.00,22.50,21.50,21.75,20.75,21.00,20.75,22.00,23.50,23.00,22.75,21.25,20.75,20.00,21.25,21.00,22.50,21.75,22.50,21.25,21.50,21.50,22.25,21.25,21.50,22.75,22.00,22.25,21.75,20.75,20.75,21.75,22.25,22.25,}
T=20.93
{22.50,22.25,22.25,20.75,21.75,22.25,22.00,22.50,21.50,22.00,21.75,21.50,21.25,21.25,21.00,23.00,22.75,20.50,20.25,21.00,21.00,21.00,22.00,23.00,21.00,21.75,21.00,21.50,21.00,22.50,21.25,23.75,22.00,21.00,20.75,20.75,21.25,21.50,23.00,22.25,22.75,21.25,21.00,21.50,20.75,22.25,22.00,21.75,22.00,21.50,22.00,21.25,21.50,21.50,21.00,22.25,21.00,20.75,20.25,20.75,21.50,22.00,22.75,22.00,}
T=20.93
{23.00,22.00,22.00,21.50,22.75,22.50,21.50,23.50,22.25,21.75,21.50,21.50,20.50,21.25,21.50,22.25,21.50,21.50,21.00,21.50,21.25,20.50,21.75,22.50,22.50,22.00,21.25,20.75,21.50,21.00,22.00,23.50,22.25,21.25,20.25,21.50,20.75,21.00,22.25,22.25,23.00,21.00,21.75,21.50,20.75,21.75,22.50,21.25,22.00,22.75,21.75,21.25,22.00,21.25,22.50,22.50,22.50,21.00,21.25,20.25,21.50,22.00,22.75,21.25,}
T=20.93
{23.50,22.25,21.75,21.00,22.25,21.25,22.75,23.00,22.00,21.50,21.25,21.50,21.00,21.00,21.75,23.00,22.00,21.00,20.75,21.00,21.75,21.75,21.50,23.00,22.25,21.25,21.00,20.00,22.00,21.25,21.75,23.50,21.25,21.50,20.50,20.25,21.75,21.00,22.25,21.75,22.50,20.50,21.00,20.50,21.00,21.50,21.50,22.00,21.75,21.50,21.25,20.75,21.50,21.75,21.25,22.25,23.00,21.50,21.25,20.50,21.25,21.25,22.75,21.50,}
T=20.93
{22.50,21.00,22.00,20.75,23.00,21.75,22.75,22.25,22.75,21.50,20.75,21.50,21.50,21.00,20.50,23.00,23.00,21.25,20.75,21.25,21.00,20.25,21.75,22.25,20.75,21.75,21.50,21.00,20.75,20.50,21.00,23.25,21.75,21.50,20.75,21.50,21.00,22.00,21.50,22.00,22.25,21.00,21.00,21.25,20.75,22.50,20.50,22.00,23.00,21.25,21.00,20.75,21.25,21.50,21.50,21.75,22.25,21.50,21.00,21.50,20.50,22.25,22.75,22.00,}
T=20.81
{23.50,22.25,22.00,20.75,22.25,21.75,22.50,22.75,22.50,21.25,20.75,21.00,21.25,21.75,21.50,23.00,22.00,20.75,21.25,21.00,21.50,20.75,21.50,22.75,21.00,21.50,21.50,21.25,21.50,21.00,22.50,22.00,21.50,20.75,21.00,20.75,21.00,20.75,21.50,22.00,21.75,21.00,20.75,21.50,20.75,21.25,21.50,21.50,21.75,20.75,21.25,21.25,21.50,22.25,21.25,22.00,22.50,21.50,20.50,21.25,20.00,21.25,21.75,22.00,}
T=20.93
{23.25,22.00,22.00,21.00,22.00,22.50,22.50,23.50,22.75,21.50,21.75,21.50,21.00,21.50,21.00,23.75,22.25,21.00,21.00,21.00,21.50,20.75,20.75,23.00,21.50,21.25,20.75,20.25,21.50,20.75,21.75,21.25,21.75,21.50,21.00,21.00,21.50,22.00,21.75,21.00,23.25,21.00,20.75,20.50,22.00,21.25,22.50,21.25,21.25,21.75,21.25,21.25,21.00,21.25,21.25,22.50,21.75,21.25,20.75,21.25,20.00,21.75,21.75,22.50,}
T=20.93
{22.25,22.00,21.50,20.50,22.75,22.00,22.00,23.50,21.25,21.25,21.25,21.50,21.75,20.75,21.25,23.25,22.25,21.00,21.25,21.25,20.75,21.25,21.50,22.50,21.00,22.25,19.75,20.50,21.00,21.50,20.75,20.75,21.50,21.25,20.75,21.75,21.25,21.25,21.50,21.50,23.25,20.75,21.50,20.75,22.25,21.00,21.25,21.50,22.25,21.75,21.25,21.00,21.75,21.25,21.00,21.75,23.50,20.00,21.50,20.75,20.75,21.50,22.00,21.00,}
T=20.81
{22.25,20.75,21.75,20.50,21.75,21.50,22.25,23.50,22.00,21.50,21.50,20.50,21.50,20.50,21.50,23.75,22.50,21.00,21.25,20.50,21.75,20.25,21.25,22.50,21.00,21.50,21.25,20.75,21.75,21.50,21.25,22.50,20.75,20.75,21.00,21.00,21.00,21.25,20.50,21.25,21.75,20.75,20.25,19.75,21.25,21.25,22.00,21.75,21.50,21.75,22.25,20.75,21.25,21.75,22.25,22.25,22.75,21.00,21.50,20.50,20.75,21.25,22.25,21.75,}
T=20.93
{22.50,21.25,22.00,21.25,21.75,21.50,21.75,22.75,22.00,20.50,21.50,21.50,21.25,21.00,20.50,24.00,21.75,21.00,21.50,21.00,21.25,21.25,21.00,21.50,22.50,20.50,21.50,21.00,21.75,21.25,20.75,21.50,22.75,22.00,21.75,21.50,21.50,21.25,21.50,22.00,22.00,21.25,20.75,20.50,21.25,21.75,22.00,21.50,22.00,22.25,22.00,21.50,22.00,21.50,21.25,22.00,21.75,20.75,20.50,21.00,20.25,22.00,21.75,21.75,}
T=20.93
{23.00,20.75,22.00,21.00,22.50,21.25,22.75,21.75,21.00,21.00,21.00,21.75,21.25,21.25,21.75,23.50,22.75,20.75,20.75,21.00,21.75,20.75,21.50,22.00,21.75,21.50,21.25,21.25,21.50,22.00,21.75,20.50,21.00,21.50,20.25,20.50,21.25,21.50,21.25,20.50,22.25,21.00,21.00,21.50,20.50,22.00,20.50,21.25,21.25,21.50,21.50,21.25,21.50,21.50,21.25,22.00,23.25,20.75,22.50,21.25,22.00,22.25,22.75,22.75,}
T=20.93
{21.75,21.25,21.00,21.75,22.00,21.50,22.25,23.50,23.25,21.75,21.25,21.25,20.75,21.75,21.75,24.50,22.50,19.75,21.50,21.25,21.25,21.00,21.50,22.25,21.50,21.00,20.50,20.75,21.00,20.50,21.25,21.50,22.50,21.50,21.50,21.25,21.25,20.50,21.25,21.75,21.75,22.00,22.25,21.00,21.75,21.25,21.00,20.75,22.50,20.50,21.75,20.50,22.00,22.00,21.75,22.25,21.75,20.25,21.00,20.75,22.25,22.00,23.50,22.50,}
T=20.93
{23.00,22.00,21.25,21.00,22.50,21.75,22.75,23.00,22.00,21.00,21.50,22.25,21.50,21.00,22.75,24.50,22.25,20.75,21.00,21.00,21.50,21.50,21.75,22.50,21.00,21.50,21.50,20.50,21.50,21.75,20.75,20.00,22.50,21.25,21.50,21.00,21.75,20.50,22.00,22.00,22.00,21.25,21.00,20.75,20.75,22.25,20.75,21.50,22.50,22.25,22.50,21.50,21.75,21.75,21.50,23.25,22.25,21.50,21.25,20.75,20.75,22.25,21.25,22.25,}
T=20.93
{24.25,21.00,21.75,20.25,22.25,22.00,22.25,22.50,22.50,21.75,21.75,21.25,21.00,21.75,21.50,24.00,22.00,21.25,20.50,20.25,21.50,21.25,20.50,22.00,21.75,20.75,20.50,20.25,21.00,20.50,21.50,20.25,21.75,21.50,21.00,21.25,21.25,21.75,21.75,21.50,21.75,21.00,21.50,21.00,21.75,21.50,21.50,21.50,22.50,21.25,21.50,21.50,22.25,21.75,22.25,22.00,23.25,21.75,21.75,21.00,21.50,22.25,21.75,22.75,}
T=20.93
{23.00,21.50,22.50,21.50,22.25,21.50,22.75,23.75,22.00,22.25,21.00,21.00,20.50,20.75,21.25,23.75,22.00,20.75,21.25,20.75,22.00,20.50,21.75,21.50,21.00,21.75,21.00,21.50,21.25,21.25,21.25,21.75,22.25,21.50,21.25,20.50,21.00,22.50,22.50,22.25,22.25,21.25,21.00,20.50,21.25,21.25,21.50,22.25,22.50,21.00,22.25,21.50,20.75,22.00,21.00,22.00,22.25,21.75,20.75,21.25,21.25,21.50,22.00,23.50,}
T=20.87
{23.00,21.50,21.25,20.50,22.50,22.50,22.75,23.00,21.50,21.00,21.50,22.00,20.25,21.50,21.25,22.50,21.50,20.50,20.00,21.25,21.25,21.00,21.00,22.50,21.00,22.00,21.50,21.25,21.75,21.25,22.00,22.25,21.25,22.25,20.75,20.75,21.00,22.00,21.50,21.75,22.00,21.50,20.75,21.75,21.25,22.25,20.75,22.00,21.75,22.25,22.00,21.25,22.00,21.75,21.00,22.50,22.25,21.50,21.00,21.00,20.00,22.75,22.00,22.75,}
T=20.93
{22.75,21.50,21.25,21.75,22.25,22.50,22.00,23.00,22.25,21.00,20.25,21.00,21.00,21.50,21.25,23.25,21.50,20.25,20.75,21.25,21.75,20.75,21.25,21.25,21.00,21.50,20.75,20.75,21.75,21.75,21.25,22.00,21.00,20.00,21.25,21.25,22.00,20.75,21.25,21.50,22.00,21.25,21.50,21.00,21.25,21.25,22.00,21.50,21.50,22.00,21.75,21.25,21.25,21.25,21.75,21.50,22.00,21.25,20.50,21.50,21.50,21.75,21.50,22.50,}
T=20.93
{21.50,21.50,21.75,21.50,22.75,21.75,21.50,23.00,21.50,21.00,21.75,21.50,20.50,21.50,22.00,24.50,21.75,21.00,21.00,20.75,21.50,21.25,21.50,22.50,22.00,21.25,21.50,20.50,21.50,21.75,21.75,21.50,22.00,21.50,21.00,20.75,21.25,21.50,22.25,21.75,22.50,21.25,20.75,21.00,20.75,21.00,21.50,21.25,22.00,21.00,22.00,22.25,21.50,21.50,22.25,23.00,22.50,21.50,21.00,20.50,20.75,22.00,21.25,22.00,}
T=20.81
{21.50,21.25,22.25,21.50,21.25,22.00,21.25,23.50,22.50,21.75,21.75,21.25,21.00,21.50,21.00,24.00,21.50,20.75,21.25,20.75,21.00,20.50,21.50,22.25,21.00,21.00,21.00,21.25,21.00,21.75,21.25,21.00,21.50,21.50,20.50,20.50,21.25,21.50,21.75,21.50,21.75,22.00,20.00,21.25,21.50,21.75,20.75,22.00,22.00,20.75,22.25,21.00,23.00,21.75,23.00,22.25,22.25,21.25,20.75,20.75,20.25,21.00,21.25,22.50,}
T=20.81
{22.75,21.50,22.25,20.25,22.50,20.75,23.50,22.75,22.00,21.50,20.75,21.25,20.00,22.00,21.50,24.25,22.00,20.75,20.00,20.50,22.00,20.75,21.25,21.75,21.00,20.75,21.50,19.75,21.25,20.75,21.75,20.50,21.75,21.50,20.75,21.75,21.25,21.75,21.25,21.00,21.50,20.25,20.75,21.00,20.75,21.25,20.75,21.25,21.50,21.00,21.50,21.25,21.75,22.25,21.25,21.25,22.25,21.75,20.25,21.25,20.75,21.75,21.75,22.00,}
T=20.87
{22.50,21.75,21.25,21.00,21.75,22.50,22.00,23.25,22.75,21.25,21.75,21.50,21.75,22.00,21.75,24.00,21.75,20.75,20.75,21.25,21.50,21.50,22.00,22.00,20.75,22.00,21.00,20.75,21.50,21.25,21.00,21.50,21.25,21.50,21.00,21.75,21.00,21.50,21.75,21.00,23.00,21.50,21.25,21.50,22.00,21